<?xml version="1.0" encoding="UTF-8"?>
<testsuite xmlns:xsi="http://www.w3.org/2001/XMLSchema-instance" xsi:noNamespaceSchemaLocation="https://maven.apache.org/surefire/maven-surefire-plugin/xsd/surefire-test-report-3.0.xsd" version="3.0" name="TestSuite" time="198.771" tests="5" errors="0" skipped="0" failures="0">
  <properties>
    <property name="sun.desktop" value="windows"/>
    <property name="awt.toolkit" value="sun.awt.windows.WToolkit"/>
    <property name="file.encoding.pkg" value="sun.io"/>
    <property name="java.specification.version" value="1.8"/>
    <property name="sun.cpu.isalist" value="amd64"/>
    <property name="sun.jnu.encoding" value="Cp1252"/>
    <property name="java.class.path" value="C:\Users\PrathibhaBN\Desktop\Prathibha\Mobile\Mobile_assessment_new\target\test-classes;C:\Users\PrathibhaBN\Desktop\Prathibha\Mobile\Mobile_assessment_new\target\classes;C:\Users\PrathibhaBN\.m2\repository\junit\junit\3.8.1\junit-3.8.1.jar;C:\Users\PrathibhaBN\.m2\repository\org\mortbay\jetty\alpn\alpn-boot\8.1.3.v20150130\alpn-boot-8.1.3.v20150130.jar;C:\Users\PrathibhaBN\.m2\repository\org\testng\testng\7.3.0\testng-7.3.0.jar;C:\Users\PrathibhaBN\.m2\repository\com\beust\jcommander\1.78\jcommander-1.78.jar;C:\Users\PrathibhaBN\.m2\repository\org\apache\ant\ant\1.10.3\ant-1.10.3.jar;C:\Users\PrathibhaBN\.m2\repository\org\apache\ant\ant-launcher\1.10.3\ant-launcher-1.10.3.jar;C:\Users\PrathibhaBN\.m2\repository\com\google\inject\guice\4.2.2\guice-4.2.2-no_aop.jar;C:\Users\PrathibhaBN\.m2\repository\javax\inject\javax.inject\1\javax.inject-1.jar;C:\Users\PrathibhaBN\.m2\repository\aopalliance\aopalliance\1.0\aopalliance-1.0.jar;C:\Users\PrathibhaBN\.m2\repository\org\yaml\snakeyaml\1.21\snakeyaml-1.21.jar;C:\Users\PrathibhaBN\.m2\repository\org\seleniumhq\selenium\selenium-java\3.141.59\selenium-java-3.141.59.jar;C:\Users\PrathibhaBN\.m2\repository\org\seleniumhq\selenium\selenium-api\3.141.59\selenium-api-3.141.59.jar;C:\Users\PrathibhaBN\.m2\repository\org\seleniumhq\selenium\selenium-chrome-driver\3.141.59\selenium-chrome-driver-3.141.59.jar;C:\Users\PrathibhaBN\.m2\repository\org\seleniumhq\selenium\selenium-edge-driver\3.141.59\selenium-edge-driver-3.141.59.jar;C:\Users\PrathibhaBN\.m2\repository\org\seleniumhq\selenium\selenium-firefox-driver\3.141.59\selenium-firefox-driver-3.141.59.jar;C:\Users\PrathibhaBN\.m2\repository\org\seleniumhq\selenium\selenium-ie-driver\3.141.59\selenium-ie-driver-3.141.59.jar;C:\Users\PrathibhaBN\.m2\repository\org\seleniumhq\selenium\selenium-opera-driver\3.141.59\selenium-opera-driver-3.141.59.jar;C:\Users\PrathibhaBN\.m2\repository\org\seleniumhq\selenium\selenium-remote-driver\3.141.59\selenium-remote-driver-3.141.59.jar;C:\Users\PrathibhaBN\.m2\repository\org\seleniumhq\selenium\selenium-safari-driver\3.141.59\selenium-safari-driver-3.141.59.jar;C:\Users\PrathibhaBN\.m2\repository\org\seleniumhq\selenium\selenium-support\3.141.59\selenium-support-3.141.59.jar;C:\Users\PrathibhaBN\.m2\repository\net\bytebuddy\byte-buddy\1.8.15\byte-buddy-1.8.15.jar;C:\Users\PrathibhaBN\.m2\repository\org\apache\commons\commons-exec\1.3\commons-exec-1.3.jar;C:\Users\PrathibhaBN\.m2\repository\com\google\guava\guava\25.0-jre\guava-25.0-jre.jar;C:\Users\PrathibhaBN\.m2\repository\com\google\code\findbugs\jsr305\1.3.9\jsr305-1.3.9.jar;C:\Users\PrathibhaBN\.m2\repository\org\checkerframework\checker-compat-qual\2.0.0\checker-compat-qual-2.0.0.jar;C:\Users\PrathibhaBN\.m2\repository\com\google\errorprone\error_prone_annotations\2.1.3\error_prone_annotations-2.1.3.jar;C:\Users\PrathibhaBN\.m2\repository\com\google\j2objc\j2objc-annotations\1.1\j2objc-annotations-1.1.jar;C:\Users\PrathibhaBN\.m2\repository\org\codehaus\mojo\animal-sniffer-annotations\1.14\animal-sniffer-annotations-1.14.jar;C:\Users\PrathibhaBN\.m2\repository\com\squareup\okhttp3\okhttp\3.11.0\okhttp-3.11.0.jar;C:\Users\PrathibhaBN\.m2\repository\com\squareup\okio\okio\1.14.0\okio-1.14.0.jar;C:\Users\PrathibhaBN\.m2\repository\io\appium\java-client\7.3.0\java-client-7.3.0.jar;C:\Users\PrathibhaBN\.m2\repository\com\google\code\gson\gson\2.8.5\gson-2.8.5.jar;C:\Users\PrathibhaBN\.m2\repository\org\apache\httpcomponents\httpclient\4.5.9\httpclient-4.5.9.jar;C:\Users\PrathibhaBN\.m2\repository\org\apache\httpcomponents\httpcore\4.4.11\httpcore-4.4.11.jar;C:\Users\PrathibhaBN\.m2\repository\commons-logging\commons-logging\1.2\commons-logging-1.2.jar;C:\Users\PrathibhaBN\.m2\repository\commons-codec\commons-codec\1.11\commons-codec-1.11.jar;C:\Users\PrathibhaBN\.m2\repository\cglib\cglib\3.2.12\cglib-3.2.12.jar;C:\Users\PrathibhaBN\.m2\repository\org\ow2\asm\asm\7.1\asm-7.1.jar;C:\Users\PrathibhaBN\.m2\repository\commons-validator\commons-validator\1.6\commons-validator-1.6.jar;C:\Users\PrathibhaBN\.m2\repository\commons-beanutils\commons-beanutils\1.9.2\commons-beanutils-1.9.2.jar;C:\Users\PrathibhaBN\.m2\repository\commons-digester\commons-digester\1.8.1\commons-digester-1.8.1.jar;C:\Users\PrathibhaBN\.m2\repository\commons-collections\commons-collections\3.2.2\commons-collections-3.2.2.jar;C:\Users\PrathibhaBN\.m2\repository\org\apache\commons\commons-lang3\3.9\commons-lang3-3.9.jar;C:\Users\PrathibhaBN\.m2\repository\commons-io\commons-io\2.6\commons-io-2.6.jar;C:\Users\PrathibhaBN\.m2\repository\org\springframework\spring-context\5.1.8.RELEASE\spring-context-5.1.8.RELEASE.jar;C:\Users\PrathibhaBN\.m2\repository\org\springframework\spring-aop\5.1.8.RELEASE\spring-aop-5.1.8.RELEASE.jar;C:\Users\PrathibhaBN\.m2\repository\org\springframework\spring-beans\5.1.8.RELEASE\spring-beans-5.1.8.RELEASE.jar;C:\Users\PrathibhaBN\.m2\repository\org\springframework\spring-core\5.1.8.RELEASE\spring-core-5.1.8.RELEASE.jar;C:\Users\PrathibhaBN\.m2\repository\org\springframework\spring-jcl\5.1.8.RELEASE\spring-jcl-5.1.8.RELEASE.jar;C:\Users\PrathibhaBN\.m2\repository\org\springframework\spring-expression\5.1.8.RELEASE\spring-expression-5.1.8.RELEASE.jar;C:\Users\PrathibhaBN\.m2\repository\org\aspectj\aspectjweaver\1.9.4\aspectjweaver-1.9.4.jar;C:\Users\PrathibhaBN\.m2\repository\org\slf4j\slf4j-api\1.7.26\slf4j-api-1.7.26.jar;C:\Users\PrathibhaBN\.m2\repository\com\aventstack\extentreports\3.0.0\extentreports-3.0.0.jar;C:\Users\PrathibhaBN\.m2\repository\org\freemarker\freemarker\2.3.23\freemarker-2.3.23.jar;C:\Users\PrathibhaBN\.m2\repository\org\mongodb\mongodb-driver\3.3.0\mongodb-driver-3.3.0.jar;C:\Users\PrathibhaBN\.m2\repository\org\mongodb\bson\3.3.0\bson-3.3.0.jar;C:\Users\PrathibhaBN\.m2\repository\org\mongodb\mongodb-driver-core\3.3.0\mongodb-driver-core-3.3.0.jar;C:\Users\PrathibhaBN\.m2\repository\org\apache\httpcomponents\httpmime\4.5.2\httpmime-4.5.2.jar;"/>
    <property name="java.vm.vendor" value="Oracle Corporation"/>
    <property name="sun.arch.data.model" value="64"/>
    <property name="user.variant" value=""/>
    <property name="java.vendor.url" value="http://java.oracle.com/"/>
    <property name="user.timezone" value="Asia/Calcutta"/>
    <property name="java.vm.specification.version" value="1.8"/>
    <property name="os.name" value="Windows 10"/>
    <property name="user.country" value="IN"/>
    <property name="sun.java.launcher" value="SUN_STANDARD"/>
    <property name="sun.boot.library.path" value="C:\Program Files\Java\jdk1.8.0_271\jre\bin"/>
    <property name="sun.java.command" value="C:\Users\PrathibhaBN\AppData\Local\Temp\surefire7824476888456665673\surefirebooter6893472401076422841.jar C:\Users\PrathibhaBN\AppData\Local\Temp\surefire7824476888456665673 2020-12-31T17-15-51_231-jvmRun1 surefire3880635627660966715tmp surefire_06485132104603269046tmp"/>
    <property name="surefire.test.class.path" value="C:\Users\PrathibhaBN\Desktop\Prathibha\Mobile\Mobile_assessment_new\target\test-classes;C:\Users\PrathibhaBN\Desktop\Prathibha\Mobile\Mobile_assessment_new\target\classes;C:\Users\PrathibhaBN\.m2\repository\junit\junit\3.8.1\junit-3.8.1.jar;C:\Users\PrathibhaBN\.m2\repository\org\mortbay\jetty\alpn\alpn-boot\8.1.3.v20150130\alpn-boot-8.1.3.v20150130.jar;C:\Users\PrathibhaBN\.m2\repository\org\testng\testng\7.3.0\testng-7.3.0.jar;C:\Users\PrathibhaBN\.m2\repository\com\beust\jcommander\1.78\jcommander-1.78.jar;C:\Users\PrathibhaBN\.m2\repository\org\apache\ant\ant\1.10.3\ant-1.10.3.jar;C:\Users\PrathibhaBN\.m2\repository\org\apache\ant\ant-launcher\1.10.3\ant-launcher-1.10.3.jar;C:\Users\PrathibhaBN\.m2\repository\com\google\inject\guice\4.2.2\guice-4.2.2-no_aop.jar;C:\Users\PrathibhaBN\.m2\repository\javax\inject\javax.inject\1\javax.inject-1.jar;C:\Users\PrathibhaBN\.m2\repository\aopalliance\aopalliance\1.0\aopalliance-1.0.jar;C:\Users\PrathibhaBN\.m2\repository\org\yaml\snakeyaml\1.21\snakeyaml-1.21.jar;C:\Users\PrathibhaBN\.m2\repository\org\seleniumhq\selenium\selenium-java\3.141.59\selenium-java-3.141.59.jar;C:\Users\PrathibhaBN\.m2\repository\org\seleniumhq\selenium\selenium-api\3.141.59\selenium-api-3.141.59.jar;C:\Users\PrathibhaBN\.m2\repository\org\seleniumhq\selenium\selenium-chrome-driver\3.141.59\selenium-chrome-driver-3.141.59.jar;C:\Users\PrathibhaBN\.m2\repository\org\seleniumhq\selenium\selenium-edge-driver\3.141.59\selenium-edge-driver-3.141.59.jar;C:\Users\PrathibhaBN\.m2\repository\org\seleniumhq\selenium\selenium-firefox-driver\3.141.59\selenium-firefox-driver-3.141.59.jar;C:\Users\PrathibhaBN\.m2\repository\org\seleniumhq\selenium\selenium-ie-driver\3.141.59\selenium-ie-driver-3.141.59.jar;C:\Users\PrathibhaBN\.m2\repository\org\seleniumhq\selenium\selenium-opera-driver\3.141.59\selenium-opera-driver-3.141.59.jar;C:\Users\PrathibhaBN\.m2\repository\org\seleniumhq\selenium\selenium-remote-driver\3.141.59\selenium-remote-driver-3.141.59.jar;C:\Users\PrathibhaBN\.m2\repository\org\seleniumhq\selenium\selenium-safari-driver\3.141.59\selenium-safari-driver-3.141.59.jar;C:\Users\PrathibhaBN\.m2\repository\org\seleniumhq\selenium\selenium-support\3.141.59\selenium-support-3.141.59.jar;C:\Users\PrathibhaBN\.m2\repository\net\bytebuddy\byte-buddy\1.8.15\byte-buddy-1.8.15.jar;C:\Users\PrathibhaBN\.m2\repository\org\apache\commons\commons-exec\1.3\commons-exec-1.3.jar;C:\Users\PrathibhaBN\.m2\repository\com\google\guava\guava\25.0-jre\guava-25.0-jre.jar;C:\Users\PrathibhaBN\.m2\repository\com\google\code\findbugs\jsr305\1.3.9\jsr305-1.3.9.jar;C:\Users\PrathibhaBN\.m2\repository\org\checkerframework\checker-compat-qual\2.0.0\checker-compat-qual-2.0.0.jar;C:\Users\PrathibhaBN\.m2\repository\com\google\errorprone\error_prone_annotations\2.1.3\error_prone_annotations-2.1.3.jar;C:\Users\PrathibhaBN\.m2\repository\com\google\j2objc\j2objc-annotations\1.1\j2objc-annotations-1.1.jar;C:\Users\PrathibhaBN\.m2\repository\org\codehaus\mojo\animal-sniffer-annotations\1.14\animal-sniffer-annotations-1.14.jar;C:\Users\PrathibhaBN\.m2\repository\com\squareup\okhttp3\okhttp\3.11.0\okhttp-3.11.0.jar;C:\Users\PrathibhaBN\.m2\repository\com\squareup\okio\okio\1.14.0\okio-1.14.0.jar;C:\Users\PrathibhaBN\.m2\repository\io\appium\java-client\7.3.0\java-client-7.3.0.jar;C:\Users\PrathibhaBN\.m2\repository\com\google\code\gson\gson\2.8.5\gson-2.8.5.jar;C:\Users\PrathibhaBN\.m2\repository\org\apache\httpcomponents\httpclient\4.5.9\httpclient-4.5.9.jar;C:\Users\PrathibhaBN\.m2\repository\org\apache\httpcomponents\httpcore\4.4.11\httpcore-4.4.11.jar;C:\Users\PrathibhaBN\.m2\repository\commons-logging\commons-logging\1.2\commons-logging-1.2.jar;C:\Users\PrathibhaBN\.m2\repository\commons-codec\commons-codec\1.11\commons-codec-1.11.jar;C:\Users\PrathibhaBN\.m2\repository\cglib\cglib\3.2.12\cglib-3.2.12.jar;C:\Users\PrathibhaBN\.m2\repository\org\ow2\asm\asm\7.1\asm-7.1.jar;C:\Users\PrathibhaBN\.m2\repository\commons-validator\commons-validator\1.6\commons-validator-1.6.jar;C:\Users\PrathibhaBN\.m2\repository\commons-beanutils\commons-beanutils\1.9.2\commons-beanutils-1.9.2.jar;C:\Users\PrathibhaBN\.m2\repository\commons-digester\commons-digester\1.8.1\commons-digester-1.8.1.jar;C:\Users\PrathibhaBN\.m2\repository\commons-collections\commons-collections\3.2.2\commons-collections-3.2.2.jar;C:\Users\PrathibhaBN\.m2\repository\org\apache\commons\commons-lang3\3.9\commons-lang3-3.9.jar;C:\Users\PrathibhaBN\.m2\repository\commons-io\commons-io\2.6\commons-io-2.6.jar;C:\Users\PrathibhaBN\.m2\repository\org\springframework\spring-context\5.1.8.RELEASE\spring-context-5.1.8.RELEASE.jar;C:\Users\PrathibhaBN\.m2\repository\org\springframework\spring-aop\5.1.8.RELEASE\spring-aop-5.1.8.RELEASE.jar;C:\Users\PrathibhaBN\.m2\repository\org\springframework\spring-beans\5.1.8.RELEASE\spring-beans-5.1.8.RELEASE.jar;C:\Users\PrathibhaBN\.m2\repository\org\springframework\spring-core\5.1.8.RELEASE\spring-core-5.1.8.RELEASE.jar;C:\Users\PrathibhaBN\.m2\repository\org\springframework\spring-jcl\5.1.8.RELEASE\spring-jcl-5.1.8.RELEASE.jar;C:\Users\PrathibhaBN\.m2\repository\org\springframework\spring-expression\5.1.8.RELEASE\spring-expression-5.1.8.RELEASE.jar;C:\Users\PrathibhaBN\.m2\repository\org\aspectj\aspectjweaver\1.9.4\aspectjweaver-1.9.4.jar;C:\Users\PrathibhaBN\.m2\repository\org\slf4j\slf4j-api\1.7.26\slf4j-api-1.7.26.jar;C:\Users\PrathibhaBN\.m2\repository\com\aventstack\extentreports\3.0.0\extentreports-3.0.0.jar;C:\Users\PrathibhaBN\.m2\repository\org\freemarker\freemarker\2.3.23\freemarker-2.3.23.jar;C:\Users\PrathibhaBN\.m2\repository\org\mongodb\mongodb-driver\3.3.0\mongodb-driver-3.3.0.jar;C:\Users\PrathibhaBN\.m2\repository\org\mongodb\bson\3.3.0\bson-3.3.0.jar;C:\Users\PrathibhaBN\.m2\repository\org\mongodb\mongodb-driver-core\3.3.0\mongodb-driver-core-3.3.0.jar;C:\Users\PrathibhaBN\.m2\repository\org\apache\httpcomponents\httpmime\4.5.2\httpmime-4.5.2.jar;"/>
    <property name="sun.cpu.endian" value="little"/>
    <property name="user.home" value="C:\Users\PrathibhaBN"/>
    <property name="user.language" value="en"/>
    <property name="java.specification.vendor" value="Oracle Corporation"/>
    <property name="java.home" value="C:\Program Files\Java\jdk1.8.0_271\jre"/>
    <property name="basedir" value="C:\Users\PrathibhaBN\Desktop\Prathibha\Mobile\Mobile_assessment_new"/>
    <property name="file.separator" value="\"/>
    <property name="line.separator" value="&#10;"/>
    <property name="java.vm.specification.vendor" value="Oracle Corporation"/>
    <property name="java.specification.name" value="Java Platform API Specification"/>
    <property name="java.awt.graphicsenv" value="sun.awt.Win32GraphicsEnvironment"/>
    <property name="surefire.real.class.path" value="C:\Users\PrathibhaBN\AppData\Local\Temp\surefire7824476888456665673\surefirebooter6893472401076422841.jar"/>
    <property name="sun.boot.class.path" value="C:\Program Files\Java\jdk1.8.0_271\jre\lib\resources.jar;C:\Program Files\Java\jdk1.8.0_271\jre\lib\rt.jar;C:\Program Files\Java\jdk1.8.0_271\jre\lib\sunrsasign.jar;C:\Program Files\Java\jdk1.8.0_271\jre\lib\jsse.jar;C:\Program Files\Java\jdk1.8.0_271\jre\lib\jce.jar;C:\Program Files\Java\jdk1.8.0_271\jre\lib\charsets.jar;C:\Program Files\Java\jdk1.8.0_271\jre\lib\jfr.jar;C:\Program Files\Java\jdk1.8.0_271\jre\classes"/>
    <property name="user.script" value=""/>
    <property name="sun.management.compiler" value="HotSpot 64-Bit Tiered Compilers"/>
    <property name="java.runtime.version" value="1.8.0_271-b09"/>
    <property name="user.name" value="PrathibhaBN"/>
    <property name="path.separator" value=";"/>
    <property name="os.version" value="10.0"/>
    <property name="java.endorsed.dirs" value="C:\Program Files\Java\jdk1.8.0_271\jre\lib\endorsed"/>
    <property name="java.runtime.name" value="Java(TM) SE Runtime Environment"/>
    <property name="file.encoding" value="Cp1252"/>
    <property name="java.vm.name" value="Java HotSpot(TM) 64-Bit Server VM"/>
    <property name="localRepository" value="C:\Users\PrathibhaBN\.m2\repository"/>
    <property name="java.vendor.url.bug" value="http://bugreport.sun.com/bugreport/"/>
    <property name="java.io.tmpdir" value="C:\Users\PRATHI~1\AppData\Local\Temp\"/>
    <property name="java.version" value="1.8.0_271"/>
    <property name="user.dir" value="C:\Users\PrathibhaBN\Desktop\Prathibha\Mobile\Mobile_assessment_new"/>
    <property name="os.arch" value="amd64"/>
    <property name="java.vm.specification.name" value="Java Virtual Machine Specification"/>
    <property name="java.awt.printerjob" value="sun.awt.windows.WPrinterJob"/>
    <property name="sun.os.patch.level" value=""/>
    <property name="java.library.path" value="C:\Program Files\Java\jdk1.8.0_271\jre\bin;C:\WINDOWS\Sun\Java\bin;C:\WINDOWS\system32;C:\WINDOWS;C:/Program Files/Java/jre1.8.0_271/bin/server;C:/Program Files/Java/jre1.8.0_271/bin;C:/Program Files/Java/jre1.8.0_271/lib/amd64;C:\Program Files (x86)\Common Files\Oracle\Java\javapath;C:\Program Files (x86)\RSA SecurID Token Common;C:\Program Files\RSA SecurID Token Common;C:\WINDOWS\system32;C:\WINDOWS;C:\WINDOWS\System32\Wbem;C:\WINDOWS\System32\WindowsPowerShell\v1.0\;C:\WINDOWS\System32\OpenSSH\;C:\Program Files\Git\cmd;C:\Program Files (x86)\Intel\Intel(R) Management Engine Components\DAL;C:\Program Files\Intel\Intel(R) Management Engine Components\DAL;C:\Users\PrathibhaBN\Desktop\Prathibha\python\apache-maven-3.6.3-bin\apache-maven-3.6.3\bin;C:\Program Files\nodejs\;C:\Program Files\nodejs\node_modules\npm\bin;C:\Users\PrathibhaBN\AppData\Local\Android\Sdk\tools;C:\Users\PrathibhaBN\AppData\Local\Android\Sdk\tools\bin;C:\Users\PrathibhaBN\AppData\Local\Android\Sdk\platform-tools;C:\Program Files\Java\jdk1.8.0_271\bin;C:\Program Files\RSA SecurID Token Common\;C:\Users\PrathibhaBN\AppData\Local\Microsoft\WindowsApps;C:\Users\PrathibhaBN\AppData\Roaming\npm;C:\Users\PrathibhaBN\Desktop\Prathibha\eclipse-jee-2019-09-R-win32-x86_64\eclipse;;."/>
    <property name="java.vm.info" value="mixed mode"/>
    <property name="java.vendor" value="Oracle Corporation"/>
    <property name="java.vm.version" value="25.271-b09"/>
    <property name="java.ext.dirs" value="C:\Program Files\Java\jdk1.8.0_271\jre\lib\ext;C:\WINDOWS\Sun\Java\lib\ext"/>
    <property name="sun.io.unicode.encoding" value="UnicodeLittle"/>
    <property name="java.class.version" value="52.0"/>
  </properties>
  <testcase name="Testcase1" classname="SDET_Appium.Mobile_assessment_new.Hybridclass" time="87.156">
    <system-out><![CDATA[&amp#27;[35m[Appium]&amp#27;[39m Welcome to Appium v1.17.1
&amp#27;[35m[Appium]&amp#27;[39m Non-default server args:
&amp#27;[35m[Appium]&amp#27;[39m   address: 127.0.0.1
&amp#27;[35m[Appium]&amp#27;[39m Appium REST http interface listener started on 127.0.0.1:4723
&amp#27;[35m[HTTP]&amp#27;[39m &amp#27;[37m-->&amp#27;[39m &amp#27;[37mGET&amp#27;[39m &amp#27;[37m/wd/hub/status&amp#27;[39m
&amp#27;[35m[HTTP]&amp#27;[39m &amp#27;[90m{}&amp#27;[39m
[debug] &amp#27;[35m[GENERIC]&amp#27;[39m Calling AppiumDriver.getStatus() with args: []
[debug] &amp#27;[35m[GENERIC]&amp#27;[39m Responding to client with driver.getStatus() result: {"build":{"version":"1.17.1"}}
&amp#27;[35m[HTTP]&amp#27;[39m &amp#27;[37m<-- GET /wd/hub/status &amp#27;[39m&amp#27;[32m200&amp#27;[39m &amp#27;[90m9 ms - 68&amp#27;[39m
&amp#27;[35m[HTTP]&amp#27;[39m &amp#27;[90m&amp#27;[39m
org.khanacademy.android.ui.library.MainActivityorg.khanacademy.androidC:\Users\PrathibhaBN\Desktop\Prathibha\Mobile\HybridApp\Jarfiles\chromedriver.exePrathibha Android
&amp#27;[35m[HTTP]&amp#27;[39m &amp#27;[37m-->&amp#27;[39m &amp#27;[37mPOST&amp#27;[39m &amp#27;[37m/wd/hub/session&amp#27;[39m
&amp#27;[35m[HTTP]&amp#27;[39m &amp#27;[90m{"desiredCapabilities":{"appActivity":"org.khanacademy.android.ui.library.MainActivity","appPackage":"org.khanacademy.android","chromedriverExecutable":"C:\\Users\\PrathibhaBN\\Desktop\\Prathibha\\Mobile\\HybridApp\\Jarfiles\\chromedriver.exe","noReset":true,"automationName":"UIAutomator2","autoGrantPermissions":true,"platformName":"Android","deviceName":"Prathibha Android"},"capabilities":{"firstMatch":[{"appium:appActivity":"org.khanacademy.android.ui.library.MainActivity","appium:appPackage":"org.khanacademy.android","appium:autoGrantPermissions":true,"appium:automationName":"UIAutomator2","appium:chromedriverExecutable":"C:\\Users\\PrathibhaBN\\Desktop\\Prathibha\\Mobile\\HybridApp\\Jarfiles\\chromedriver.exe","appium:deviceName":"Prathibha Android","appium:noReset":true,"platformName":"android"}]}}&amp#27;[39m
[debug] &amp#27;[35m[W3C]&amp#27;[39m Calling AppiumDriver.createSession() with args: [{"appActivity":"org.khanacademy.android.ui.library.MainActivity","appPackage":"org.khanacademy.android","chromedriverExecutable":"C:\\Users\\PrathibhaBN\\Desktop\\Prathibha\\Mobile\\HybridApp\\Jarfiles\\chromedriver.exe","noReset":true,"automationName":"UIAutomator2","autoGrantPermissions":true,"platformName":"Android","deviceName":"Prathibha Android"},null,{"firstMatch":[{"appium:appActivity":"org.khanacademy.android.ui.library.MainActivity","appium:appPackage":"org.khanacademy.android","appium:autoGrantPermissions":true,"appium:automationName":"UIAutomator2","appium:chromedriverExecutable":"C:\\Users\\PrathibhaBN\\Desktop\\Prathibha\\Mobile\\HybridApp\\Jarfiles\\chromedriver.exe","appium:deviceName":"Prathibha Android","appium:noReset":true,"platformName":"android"}]}]
[debug] &amp#27;[35m[BaseDriver]&amp#27;[39m Event 'newSessionRequested' logged at 1609415171992 (17:16:11 GMT+0530 (India Standard Time))
&amp#27;[35m[Appium]&amp#27;[39m Appium v1.17.1 creating new AndroidUiautomator2Driver (v1.44.2) session
[debug] &amp#27;[35m[BaseDriver]&amp#27;[39m W3C capabilities and MJSONWP desired capabilities were provided
[debug] &amp#27;[35m[BaseDriver]&amp#27;[39m Creating session with W3C capabilities: {
[debug] &amp#27;[35m[BaseDriver]&amp#27;[39m   "alwaysMatch": {
[debug] &amp#27;[35m[BaseDriver]&amp#27;[39m     "platformName": "android",
[debug] &amp#27;[35m[BaseDriver]&amp#27;[39m     "appium:appActivity": "org.khanacademy.android.ui.library.MainActivity",
[debug] &amp#27;[35m[BaseDriver]&amp#27;[39m     "appium:appPackage": "org.khanacademy.android",
[debug] &amp#27;[35m[BaseDriver]&amp#27;[39m     "appium:autoGrantPermissions": true,
[debug] &amp#27;[35m[BaseDriver]&amp#27;[39m     "appium:automationName": "UIAutomator2",
[debug] &amp#27;[35m[BaseDriver]&amp#27;[39m     "appium:chromedriverExecutable": "C:\\Users\\PrathibhaBN\\Desktop\\Prathibha\\Mobile\\HybridApp\\Jarfiles\\chromedriver.exe",
[debug] &amp#27;[35m[BaseDriver]&amp#27;[39m     "appium:deviceName": "Prathibha Android",
[debug] &amp#27;[35m[BaseDriver]&amp#27;[39m     "appium:noReset": true
[debug] &amp#27;[35m[BaseDriver]&amp#27;[39m   },
[debug] &amp#27;[35m[BaseDriver]&amp#27;[39m   "firstMatch": [
[debug] &amp#27;[35m[BaseDriver]&amp#27;[39m     {}
[debug] &amp#27;[35m[BaseDriver]&amp#27;[39m   ]
[debug] &amp#27;[35m[BaseDriver]&amp#27;[39m }
&amp#27;[35m[BaseDriver]&amp#27;[39m Session created with session id: b272cf1a-f85a-4b52-a291-26c3f619f360
&amp#27;[35m[UiAutomator2]&amp#27;[39m Starting 'org.khanacademy.android' directly on the device
&amp#27;[35m[ADB]&amp#27;[39m Found 1 'build-tools' folders under 'C:\Users\PrathibhaBN\AppData\Local\Android\Sdk' (newest first):
&amp#27;[35m[ADB]&amp#27;[39m     C:/Users/PrathibhaBN/AppData/Local/Android/Sdk/build-tools/30.0.3
&amp#27;[35m[ADB]&amp#27;[39m Using 'adb.exe' from 'C:\Users\PrathibhaBN\AppData\Local\Android\Sdk\platform-tools\adb.exe'
&amp#27;[35m[AndroidDriver]&amp#27;[39m Retrieving device list
[debug] &amp#27;[35m[ADB]&amp#27;[39m Trying to find a connected android device
[debug] &amp#27;[35m[ADB]&amp#27;[39m Getting connected devices...
[debug] &amp#27;[35m[ADB]&amp#27;[39m Connected devices: [{"udid":"emulator-5554","state":"device"}]
&amp#27;[35m[AndroidDriver]&amp#27;[39m Using device: emulator-5554
&amp#27;[35m[ADB]&amp#27;[39m Using 'adb.exe' from 'C:\Users\PrathibhaBN\AppData\Local\Android\Sdk\platform-tools\adb.exe'
[debug] &amp#27;[35m[ADB]&amp#27;[39m Setting device id to emulator-5554
[debug] &amp#27;[35m[ADB]&amp#27;[39m Running 'C:\Users\PrathibhaBN\AppData\Local\Android\Sdk\platform-tools\adb.exe -P 5037 -s emulator-5554 shell getprop ro.build.version.sdk'
[debug] &amp#27;[35m[ADB]&amp#27;[39m Current device property 'ro.build.version.sdk': 26
[debug] &amp#27;[35m[ADB]&amp#27;[39m Device API level: 26
&amp#27;[35m[AndroidDriver]&amp#27;[39m No app sent in, not parsing package/activity
[debug] &amp#27;[35m[ADB]&amp#27;[39m Running 'C:\Users\PrathibhaBN\AppData\Local\Android\Sdk\platform-tools\adb.exe -P 5037 -s emulator-5554 wait-for-device'
[debug] &amp#27;[35m[ADB]&amp#27;[39m Running 'C:\Users\PrathibhaBN\AppData\Local\Android\Sdk\platform-tools\adb.exe -P 5037 -s emulator-5554 shell echo ping'
[debug] &amp#27;[35m[AndroidDriver]&amp#27;[39m Pushing settings apk to device...
[debug] &amp#27;[35m[ADB]&amp#27;[39m Getting install status for io.appium.settings
[debug] &amp#27;[35m[ADB]&amp#27;[39m Running 'C:\Users\PrathibhaBN\AppData\Local\Android\Sdk\platform-tools\adb.exe -P 5037 -s emulator-5554 shell dumpsys package io.appium.settings'
[debug] &amp#27;[35m[ADB]&amp#27;[39m 'io.appium.settings' is installed
[debug] &amp#27;[35m[ADB]&amp#27;[39m Getting package info for 'io.appium.settings'
[debug] &amp#27;[35m[ADB]&amp#27;[39m Running 'C:\Users\PrathibhaBN\AppData\Local\Android\Sdk\platform-tools\adb.exe -P 5037 -s emulator-5554 shell dumpsys package io.appium.settings'
[debug] &amp#27;[35m[ADB]&amp#27;[39m The version name of the installed 'io.appium.settings' is greater or equal to the application version name ('3.1.0' >= '3.1.0')
[debug] &amp#27;[35m[ADB]&amp#27;[39m There is no need to install/upgrade 'C:\Users\PrathibhaBN\AppData\Roaming\npm\node_modules\appium\node_modules\io.appium.settings\apks\settings_apk-debug.apk'
[debug] &amp#27;[35m[ADB]&amp#27;[39m Getting IDs of all 'io.appium.settings' processes
[debug] &amp#27;[35m[ADB]&amp#27;[39m Running 'C:\Users\PrathibhaBN\AppData\Local\Android\Sdk\platform-tools\adb.exe -P 5037 -s emulator-5554 shell 'pgrep --help; echo $?''
[debug] &amp#27;[35m[ADB]&amp#27;[39m Running 'C:\Users\PrathibhaBN\AppData\Local\Android\Sdk\platform-tools\adb.exe -P 5037 -s emulator-5554 shell 'pgrep ^appium\\.settings$ || pgrep ^io\\.appium\\.setti$''
[debug] &amp#27;[35m[AndroidDriver]&amp#27;[39m io.appium.settings is already running. There is no need to reset its permissions.
[debug] &amp#27;[35m[ADB]&amp#27;[39m Running 'C:\Users\PrathibhaBN\AppData\Local\Android\Sdk\platform-tools\adb.exe -P 5037 -s emulator-5554 shell appops set io.appium.settings android\:mock_location allow'
[debug] &amp#27;[35m[Logcat]&amp#27;[39m Starting logcat capture
[debug] &amp#27;[35m[UiAutomator2]&amp#27;[39m Forwarding UiAutomator2 Server port 6790 to 8200
[debug] &amp#27;[35m[ADB]&amp#27;[39m Forwarding system: 8200 to device: 6790
[debug] &amp#27;[35m[ADB]&amp#27;[39m Running 'C:\Users\PrathibhaBN\AppData\Local\Android\Sdk\platform-tools\adb.exe -P 5037 -s emulator-5554 forward tcp\:8200 tcp\:6790'
[debug] &amp#27;[35m[ADB]&amp#27;[39m Getting install status for io.appium.uiautomator2.server
[debug] &amp#27;[35m[ADB]&amp#27;[39m Running 'C:\Users\PrathibhaBN\AppData\Local\Android\Sdk\platform-tools\adb.exe -P 5037 -s emulator-5554 shell dumpsys package io.appium.uiautomator2.server'
[debug] &amp#27;[35m[ADB]&amp#27;[39m 'io.appium.uiautomator2.server' is installed
[debug] &amp#27;[35m[ADB]&amp#27;[39m Getting package info for 'io.appium.uiautomator2.server'
[debug] &amp#27;[35m[ADB]&amp#27;[39m Running 'C:\Users\PrathibhaBN\AppData\Local\Android\Sdk\platform-tools\adb.exe -P 5037 -s emulator-5554 shell dumpsys package io.appium.uiautomator2.server'
[debug] &amp#27;[35m[ADB]&amp#27;[39m The version name of the installed 'io.appium.uiautomator2.server' is greater or equal to the application version name ('4.5.5' >= '4.5.5')
[debug] &amp#27;[35m[UiAutomator2]&amp#27;[39m io.appium.uiautomator2.server installation state: sameVersionInstalled
[debug] &amp#27;[35m[ADB]&amp#27;[39m Checking app cert for C:\Users\PrathibhaBN\AppData\Roaming\npm\node_modules\appium\node_modules\appium-uiautomator2-server\apks\appium-uiautomator2-server-v4.5.5.apk
&amp#27;[35m[ADB]&amp#27;[39m Using 'apksigner.jar' from 'C:\Users\PrathibhaBN\AppData\Local\Android\Sdk\build-tools\30.0.3\lib\apksigner.jar'
[debug] &amp#27;[35m[ADB]&amp#27;[39m Starting apksigner: 'C:\\Program Files\\Java\\jdk1.8.0_271\\bin\\java.exe' -Xmx1024M -Xss1m -jar C:\\Users\\PrathibhaBN\\AppData\\Local\\Android\\Sdk\\build-tools\\30.0.3\\lib\\apksigner.jar verify --print-certs C:\\Users\\PrathibhaBN\\AppData\\Roaming\\npm\\node_modules\\appium\\node_modules\\appium-uiautomator2-server\\apks\\appium-uiautomator2-server-v4.5.5.apk
[debug] &amp#27;[35m[ADB]&amp#27;[39m apksigner stdout: Signer #1 certificate DN: EMAILADDRESS=android@android.com, CN=Android, OU=Android, O=Android, L=Mountain View, ST=California, C=US
[debug] &amp#27;[35m[ADB]&amp#27;[39m Signer #1 certificate SHA-256 digest: a40da80a59d170caa950cf15c18c454d47a39b26989d8b640ecd745ba71bf5dc
[debug] &amp#27;[35m[ADB]&amp#27;[39m Signer #1 certificate SHA-1 digest: 61ed377e85d386a8dfee6b864bd85b0bfaa5af81
[debug] &amp#27;[35m[ADB]&amp#27;[39m Signer #1 certificate MD5 digest: e89b158e4bcf988ebd09eb83f5378e87
[debug] &amp#27;[35m[ADB]&amp#27;[39m 
[debug] &amp#27;[35m[ADB]&amp#27;[39m 'C:\Users\PrathibhaBN\AppData\Roaming\npm\node_modules\appium\node_modules\appium-uiautomator2-server\apks\appium-uiautomator2-server-v4.5.5.apk' is signed with the default certificate
[debug] &amp#27;[35m[ADB]&amp#27;[39m Getting install status for io.appium.uiautomator2.server.test
[debug] &amp#27;[35m[ADB]&amp#27;[39m Running 'C:\Users\PrathibhaBN\AppData\Local\Android\Sdk\platform-tools\adb.exe -P 5037 -s emulator-5554 shell dumpsys package io.appium.uiautomator2.server.test'
[debug] &amp#27;[35m[ADB]&amp#27;[39m 'io.appium.uiautomator2.server.test' is installed
[debug] &amp#27;[35m[ADB]&amp#27;[39m Checking app cert for C:\Users\PrathibhaBN\AppData\Roaming\npm\node_modules\appium\node_modules\appium-uiautomator2-server\apks\appium-uiautomator2-server-debug-androidTest.apk
[debug] &amp#27;[35m[ADB]&amp#27;[39m Starting apksigner: 'C:\\Program Files\\Java\\jdk1.8.0_271\\bin\\java.exe' -Xmx1024M -Xss1m -jar C:\\Users\\PrathibhaBN\\AppData\\Local\\Android\\Sdk\\build-tools\\30.0.3\\lib\\apksigner.jar verify --print-certs C:\\Users\\PrathibhaBN\\AppData\\Roaming\\npm\\node_modules\\appium\\node_modules\\appium-uiautomator2-server\\apks\\appium-uiautomator2-server-debug-androidTest.apk
[debug] &amp#27;[35m[ADB]&amp#27;[39m apksigner stdout: Signer #1 certificate DN: EMAILADDRESS=android@android.com, CN=Android, OU=Android, O=Android, L=Mountain View, ST=California, C=US
[debug] &amp#27;[35m[ADB]&amp#27;[39m Signer #1 certificate SHA-256 digest: a40da80a59d170caa950cf15c18c454d47a39b26989d8b640ecd745ba71bf5dc
[debug] &amp#27;[35m[ADB]&amp#27;[39m Signer #1 certificate SHA-1 digest: 61ed377e85d386a8dfee6b864bd85b0bfaa5af81
[debug] &amp#27;[35m[ADB]&amp#27;[39m Signer #1 certificate MD5 digest: e89b158e4bcf988ebd09eb83f5378e87
[debug] &amp#27;[35m[ADB]&amp#27;[39m 
[debug] &amp#27;[35m[ADB]&amp#27;[39m 'C:\Users\PrathibhaBN\AppData\Roaming\npm\node_modules\appium\node_modules\appium-uiautomator2-server\apks\appium-uiautomator2-server-debug-androidTest.apk' is signed with the default certificate
&amp#27;[35m[UiAutomator2]&amp#27;[39m Server packages are not going to be (re)installed
[debug] &amp#27;[35m[UiAutomator2]&amp#27;[39m Waiting up to 30000ms for services to be available
[debug] &amp#27;[35m[ADB]&amp#27;[39m Running 'C:\Users\PrathibhaBN\AppData\Local\Android\Sdk\platform-tools\adb.exe -P 5037 -s emulator-5554 shell pm list instrumentation'
[debug] &amp#27;[35m[UiAutomator2]&amp#27;[39m Instrumentation target 'io.appium.uiautomator2.server.test/androidx.test.runner.AndroidJUnitRunner' is available
[debug] &amp#27;[35m[UiAutomator2]&amp#27;[39m No app capability. Assuming it is already on the device
[debug] &amp#27;[35m[UiAutomator2]&amp#27;[39m Performing shallow cleanup of automation leftovers
[debug] &amp#27;[35m[UiAutomator2]&amp#27;[39m The following obsolete sessions are still running: ["c5166718-f12c-4e40-8ae4-23d1e2994243"]
[debug] &amp#27;[35m[UiAutomator2]&amp#27;[39m Cleaning up the obsolete sessions
[debug] &amp#27;[35m[ADB]&amp#27;[39m Running 'C:\Users\PrathibhaBN\AppData\Local\Android\Sdk\platform-tools\adb.exe -P 5037 -s emulator-5554 shell am force-stop io.appium.uiautomator2.server.test'
&amp#27;[35m[UiAutomator2]&amp#27;[39m Starting UIAutomator2 server 4.5.5
&amp#27;[35m[UiAutomator2]&amp#27;[39m Using UIAutomator2 server from 'C:\Users\PrathibhaBN\AppData\Roaming\npm\node_modules\appium\node_modules\appium-uiautomator2-server\apks\appium-uiautomator2-server-v4.5.5.apk' and test from 'C:\Users\PrathibhaBN\AppData\Roaming\npm\node_modules\appium\node_modules\appium-uiautomator2-server\apks\appium-uiautomator2-server-debug-androidTest.apk'
&amp#27;[35m[UiAutomator2]&amp#27;[39m Waiting up to 30000ms for UiAutomator2 to be online...
[debug] &amp#27;[35m[ADB]&amp#27;[39m Creating ADB subprocess with args: ["-P",5037,"-s","emulator-5554","shell","am","instrument","-w","io.appium.uiautomator2.server.test/androidx.test.runner.AndroidJUnitRunner"]
[debug] &amp#27;[35m[WD Proxy]&amp#27;[39m Matched '/status' to command name 'getStatus'
[debug] &amp#27;[35m[WD Proxy]&amp#27;[39m Proxying [GET /status] to [GET http://127.0.0.1:8200/wd/hub/status] with no body
&amp#27;[35m[WD Proxy]&amp#27;[39m Got response with unknown status: {"code":"ECONNRESET"}
[debug] &amp#27;[35m[WD Proxy]&amp#27;[39m Matched '/status' to command name 'getStatus'
[debug] &amp#27;[35m[WD Proxy]&amp#27;[39m Proxying [GET /status] to [GET http://127.0.0.1:8200/wd/hub/status] with no body
&amp#27;[35m[WD Proxy]&amp#27;[39m Got response with unknown status: {"code":"ECONNRESET"}
[debug] &amp#27;[35m[WD Proxy]&amp#27;[39m Matched '/status' to command name 'getStatus'
[debug] &amp#27;[35m[WD Proxy]&amp#27;[39m Proxying [GET /status] to [GET http://127.0.0.1:8200/wd/hub/status] with no body
&amp#27;[35m[WD Proxy]&amp#27;[39m Got response with unknown status: {"code":"ECONNRESET"}
[debug] &amp#27;[35m[Instrumentation]&amp#27;[39m io.appium.uiautomator2.server.test.AppiumUiAutomator2Server:
[debug] &amp#27;[35m[WD Proxy]&amp#27;[39m Matched '/status' to command name 'getStatus'
[debug] &amp#27;[35m[WD Proxy]&amp#27;[39m Proxying [GET /status] to [GET http://127.0.0.1:8200/wd/hub/status] with no body
&amp#27;[35m[WD Proxy]&amp#27;[39m Got response with unknown status: {"code":"ECONNRESET"}
[debug] &amp#27;[35m[WD Proxy]&amp#27;[39m Matched '/status' to command name 'getStatus'
[debug] &amp#27;[35m[WD Proxy]&amp#27;[39m Proxying [GET /status] to [GET http://127.0.0.1:8200/wd/hub/status] with no body
&amp#27;[35m[WD Proxy]&amp#27;[39m Got response with unknown status: {"code":"ECONNRESET"}
[debug] &amp#27;[35m[WD Proxy]&amp#27;[39m Matched '/status' to command name 'getStatus'
[debug] &amp#27;[35m[WD Proxy]&amp#27;[39m Proxying [GET /status] to [GET http://127.0.0.1:8200/wd/hub/status] with no body
&amp#27;[35m[WD Proxy]&amp#27;[39m Got response with unknown status: {"code":"ECONNRESET"}
[debug] &amp#27;[35m[WD Proxy]&amp#27;[39m Matched '/status' to command name 'getStatus'
[debug] &amp#27;[35m[WD Proxy]&amp#27;[39m Proxying [GET /status] to [GET http://127.0.0.1:8200/wd/hub/status] with no body
&amp#27;[35m[WD Proxy]&amp#27;[39m Got response with unknown status: {"code":"ECONNRESET"}
[debug] &amp#27;[35m[WD Proxy]&amp#27;[39m Matched '/status' to command name 'getStatus'
[debug] &amp#27;[35m[WD Proxy]&amp#27;[39m Proxying [GET /status] to [GET http://127.0.0.1:8200/wd/hub/status] with no body
&amp#27;[35m[WD Proxy]&amp#27;[39m Got response with unknown status: {"code":"ECONNRESET"}
[debug] &amp#27;[35m[WD Proxy]&amp#27;[39m Matched '/status' to command name 'getStatus'
[debug] &amp#27;[35m[WD Proxy]&amp#27;[39m Proxying [GET /status] to [GET http://127.0.0.1:8200/wd/hub/status] with no body
[debug] &amp#27;[35m[WD Proxy]&amp#27;[39m Got response with status 200: {"sessionId":"None","value":{"ready":true,"message":"UiAutomator2 Server is ready to accept commands"}}
[debug] &amp#27;[35m[UiAutomator2]&amp#27;[39m The initialization of the instrumentation process took 9719ms
[debug] &amp#27;[35m[WD Proxy]&amp#27;[39m Matched '/session' to command name 'createSession'
[debug] &amp#27;[35m[WD Proxy]&amp#27;[39m Proxying [POST /session] to [POST http://127.0.0.1:8200/wd/hub/session] with body: {"capabilities":{"firstMatch":[{"platform":"LINUX","webStorageEnabled":false,"takesScreenshot":true,"javascriptEnabled":true,"databaseEnabled":false,"networkConnectionEnabled":true,"locationContextEnabled":false,"warnings":{},"desired":{"platformName":"android","appActivity":"org.khanacademy.android.ui.library.MainActivity","appPackage":"org.khanacademy.android","autoGrantPermissions":true,"automationName":"UIAutomator2","chromedriverExecutable":"C:\\Users\\PrathibhaBN\\Desktop\\Prathibha\\Mobile\\HybridApp\\Jarfiles\\chromedriver.exe","deviceName":"Prathibha Android","noReset":true},"platformName":"android","appActivity":"org.khanacademy.android.ui.library.MainActivity","appPackage":"org.khanacademy.android","autoGrantPermissions":true,"automationName":"UIAutomator2","chromedriverExecutable":"C:\\Users\\PrathibhaBN\\Desktop\\Prathibha\\Mobile\\HybridApp\\Jarfiles\\chromedriver.exe","deviceName":"emulator-5554","noReset":true,"deviceUDID":"emulator-5554"}],"alwaysMatch":{}}}
[debug] &amp#27;[35m[WD Proxy]&amp#27;[39m Got response with status 200: {"sessionId":"2cd092eb-42bb-4c45-85de-eb83396155f7","value":{"sessionId":"2cd092eb-42bb-4c45-85de-eb83396155f7","capabilities":{"firstMatch":[{"platform":"LINUX","webStorageEnabled":false,"takesScreenshot":true,"javascriptEnabled":true,"databaseEnabled":false,"networkConnectionEnabled":true,"locationContextEnabled":false,"warnings":{},"desired":{"platformName":"android","appActivity":"org.khanacademy.android.ui.library.MainActivity","appPackage":"org.khanacademy.android","autoGrantPermissions":true,"automationName":"UIAutomator2","chromedriverExecutable":"C:\\Users\\PrathibhaBN\\Desktop\\Prathibha\\Mobile\\HybridApp\\Jarfiles\\chromedriver.exe","deviceName":"Prathibha Android","noReset":true},"platformName":"android","appActivity":"org.khanacademy.android.ui.library.MainActivity","appPackage":"org.khanacademy.android","autoGrantPermissions":true,"automationName":"UIAutomator2","chromedriverExecutable":"C:\\Users\\PrathibhaBN\\Desktop\\Prathibha\\Mobile\\HybridApp\\Jarfiles\\chromedriver.exe","deviceName":"...
&amp#27;[35m[WD Proxy]&amp#27;[39m Determined the downstream protocol as 'W3C'
[debug] &amp#27;[35m[WD Proxy]&amp#27;[39m Proxying [GET /appium/device/info] to [GET http://127.0.0.1:8200/wd/hub/session/2cd092eb-42bb-4c45-85de-eb83396155f7/appium/device/info] with no body
[debug] &amp#27;[35m[WD Proxy]&amp#27;[39m Got response with status 200: {"sessionId":"2cd092eb-42bb-4c45-85de-eb83396155f7","value":{"androidId":"f663fb136fc525df","manufacturer":"Google","model":"Android SDK built for x86","brand":"google","apiVersion":"26","platformVersion":"8.0.0","carrierName":"Android","realDisplaySize":"1080x2220","displayDensity":440,"networks":[{"type":0,"typeName":"MOBILE","subtype":13,"subtypeName":"LTE","isConnected":true,"detailedState":"CONNECTED","state":"CONNECTED","extraInfo":"epc.tmobile.com","isAvailable":true,"isFailover":false,"isRoaming":false,"capabilities":{"transportTypes":"TRANSPORT_CELLULAR","networkCapabilities":"NET_CAPABILITY_MMS,NET_CAPABILITY_SUPL,NET_CAPABILITY_FOTA,NET_CAPABILITY_IMS,NET_CAPABILITY_CBS,NET_CAPABILITY_IA,NET_CAPABILITY_INTERNET,NET_CAPABILITY_NOT_RESTRICTED,NET_CAPABILITY_TRUSTED,NET_CAPABILITY_NOT_VPN,NET_CAPABILITY_VALIDATED","linkUpstreamBandwidthKbps":51200,"linkDownBandwidthKbps":102400,"signalStrength":-2147483648,"networkSpecifier":"1","SSID":null}},{"type":1,"typeName":"WIFI","subtype":0,"subtypeName":""...
[debug] &amp#27;[35m[ADB]&amp#27;[39m Running 'C:\Users\PrathibhaBN\AppData\Local\Android\Sdk\platform-tools\adb.exe -P 5037 -s emulator-5554 shell dumpsys window'
&amp#27;[35m[AndroidDriver]&amp#27;[39m Screen already unlocked, doing nothing
&amp#27;[35m[UiAutomator2]&amp#27;[39m Starting 'org.khanacademy.android/org.khanacademy.android.ui.library.MainActivity and waiting for 'org.khanacademy.android/org.khanacademy.android.ui.library.MainActivity'
[debug] &amp#27;[35m[ADB]&amp#27;[39m Running 'C:\Users\PrathibhaBN\AppData\Local\Android\Sdk\platform-tools\adb.exe -P 5037 -s emulator-5554 shell am start -W -n org.khanacademy.android/org.khanacademy.android.ui.library.MainActivity -S -a android.intent.action.MAIN -c android.intent.category.LAUNCHER -f 0x10200000'
[debug] &amp#27;[35m[WD Proxy]&amp#27;[39m Proxying [GET /appium/device/pixel_ratio] to [GET http://127.0.0.1:8200/wd/hub/session/2cd092eb-42bb-4c45-85de-eb83396155f7/appium/device/pixel_ratio] with body: {}
[debug] &amp#27;[35m[WD Proxy]&amp#27;[39m Got response with status 200: {"sessionId":"2cd092eb-42bb-4c45-85de-eb83396155f7","value":2.75}
[debug] &amp#27;[35m[WD Proxy]&amp#27;[39m Matched '/appium/device/system_bars' to command name 'getSystemBars'
[debug] &amp#27;[35m[WD Proxy]&amp#27;[39m Proxying [GET /appium/device/system_bars] to [GET http://127.0.0.1:8200/wd/hub/session/2cd092eb-42bb-4c45-85de-eb83396155f7/appium/device/system_bars] with body: {}
[debug] &amp#27;[35m[WD Proxy]&amp#27;[39m Got response with status 200: {"sessionId":"2cd092eb-42bb-4c45-85de-eb83396155f7","value":{"statusBar":66}}
[debug] &amp#27;[35m[WD Proxy]&amp#27;[39m Matched '/window/current/size' to command name 'getWindowSize'
[debug] &amp#27;[35m[WD Proxy]&amp#27;[39m Proxying [GET /window/current/size] to [GET http://127.0.0.1:8200/wd/hub/session/2cd092eb-42bb-4c45-85de-eb83396155f7/window/current/size] with body: {}
[debug] &amp#27;[35m[WD Proxy]&amp#27;[39m Got response with status 200: {"sessionId":"2cd092eb-42bb-4c45-85de-eb83396155f7","value":{"height":2088,"width":1080}}
&amp#27;[35m[Appium]&amp#27;[39m New AndroidUiautomator2Driver session created successfully, session b272cf1a-f85a-4b52-a291-26c3f619f360 added to master session list
[debug] &amp#27;[35m[BaseDriver]&amp#27;[39m Event 'newSessionStarted' logged at 1609415203654 (17:16:43 GMT+0530 (India Standard Time))
[debug] &amp#27;[35m[W3C (b272cf1a)]&amp#27;[39m Cached the protocol value 'W3C' for the new session b272cf1a-f85a-4b52-a291-26c3f619f360
[debug] &amp#27;[35m[W3C (b272cf1a)]&amp#27;[39m Responding to client with driver.createSession() result: {"capabilities":{"platform":"LINUX","webStorageEnabled":false,"takesScreenshot":true,"javascriptEnabled":true,"databaseEnabled":false,"networkConnectionEnabled":true,"locationContextEnabled":false,"warnings":{},"desired":{"platformName":"android","appActivity":"org.khanacademy.android.ui.library.MainActivity","appPackage":"org.khanacademy.android","autoGrantPermissions":true,"automationName":"UIAutomator2","chromedriverExecutable":"C:\\Users\\PrathibhaBN\\Desktop\\Prathibha\\Mobile\\HybridApp\\Jarfiles\\chromedriver.exe","deviceName":"Prathibha Android","noReset":true},"platformName":"android","appActivity":"org.khanacademy.android.ui.library.MainActivity","appPackage":"org.khanacademy.android","autoGrantPermissions":true,"automationName":"UIAutomator2","chromedriverExecutable":"C:\\Users\\PrathibhaBN\\Desktop\\Prathibha\\Mobile\\HybridApp\\Jarfiles\\chromedriver.exe","deviceName":"emulator-5554","noReset":true,"deviceUDID":"emulator-5554","deviceApiLevel":26,"platformVersion":"8.0.0","deviceScreenSize":"1...
&amp#27;[35m[HTTP]&amp#27;[39m &amp#27;[37m<-- POST /wd/hub/session &amp#27;[39m&amp#27;[32m200&amp#27;[39m &amp#27;[90m31767 ms - 1290&amp#27;[39m
&amp#27;[35m[HTTP]&amp#27;[39m &amp#27;[90m&amp#27;[39m
&amp#27;[35m[HTTP]&amp#27;[39m &amp#27;[37m-->&amp#27;[39m &amp#27;[37mPOST&amp#27;[39m &amp#27;[37m/wd/hub/session/b272cf1a-f85a-4b52-a291-26c3f619f360/timeouts&amp#27;[39m
&amp#27;[35m[HTTP]&amp#27;[39m &amp#27;[90m{"implicit":30000}&amp#27;[39m
[debug] &amp#27;[35m[W3C (b272cf1a)]&amp#27;[39m Calling AppiumDriver.timeouts() with args: [null,null,null,null,30000,"b272cf1a-f85a-4b52-a291-26c3f619f360"]
[debug] &amp#27;[35m[BaseDriver]&amp#27;[39m W3C timeout argument: {"implicit":30000}}
[debug] &amp#27;[35m[BaseDriver]&amp#27;[39m Set implicit wait to 30000ms
[debug] &amp#27;[35m[W3C (b272cf1a)]&amp#27;[39m Responding to client with driver.timeouts() result: null
&amp#27;[35m[HTTP]&amp#27;[39m &amp#27;[37m<-- POST /wd/hub/session/b272cf1a-f85a-4b52-a291-26c3f619f360/timeouts &amp#27;[39m&amp#27;[32m200&amp#27;[39m &amp#27;[90m13 ms - 14&amp#27;[39m
&amp#27;[35m[HTTP]&amp#27;[39m &amp#27;[90m&amp#27;[39m
&amp#27;[35m[HTTP]&amp#27;[39m &amp#27;[37m-->&amp#27;[39m &amp#27;[37mPOST&amp#27;[39m &amp#27;[37m/wd/hub/session/b272cf1a-f85a-4b52-a291-26c3f619f360/element&amp#27;[39m
&amp#27;[35m[HTTP]&amp#27;[39m &amp#27;[90m{"using":"xpath","value":".//*[@text='Sign in']"}&amp#27;[39m
[debug] &amp#27;[35m[W3C (b272cf1a)]&amp#27;[39m Calling AppiumDriver.findElement() with args: ["xpath",".//*[@text='Sign in']","b272cf1a-f85a-4b52-a291-26c3f619f360"]
[debug] &amp#27;[35m[BaseDriver]&amp#27;[39m Valid locator strategies for this request: xpath, id, class name, accessibility id, -android uiautomator
[debug] &amp#27;[35m[BaseDriver]&amp#27;[39m Waiting up to 30000 ms for condition
[debug] &amp#27;[35m[WD Proxy]&amp#27;[39m Matched '/element' to command name 'findElement'
[debug] &amp#27;[35m[WD Proxy]&amp#27;[39m Proxying [POST /element] to [POST http://127.0.0.1:8200/wd/hub/session/2cd092eb-42bb-4c45-85de-eb83396155f7/element] with body: {"strategy":"xpath","selector":".//*[@text='Sign in']","context":"","multiple":false}
[debug] &amp#27;[35m[WD Proxy]&amp#27;[39m Got response with status 200: {"sessionId":"2cd092eb-42bb-4c45-85de-eb83396155f7","value":{"ELEMENT":"76cda8c9-9b24-42f9-98cb-e653645bf6d4","element-6066-11e4-a52e-4f735466cecf":"76cda8c9-9b24-42f9-98cb-e653645bf6d4"}}
[debug] &amp#27;[35m[W3C (b272cf1a)]&amp#27;[39m Responding to client with driver.findElement() result: {"element-6066-11e4-a52e-4f735466cecf":"76cda8c9-9b24-42f9-98cb-e653645bf6d4","ELEMENT":"76cda8c9-9b24-42f9-98cb-e653645bf6d4"}
&amp#27;[35m[HTTP]&amp#27;[39m &amp#27;[37m<-- POST /wd/hub/session/b272cf1a-f85a-4b52-a291-26c3f619f360/element &amp#27;[39m&amp#27;[32m200&amp#27;[39m &amp#27;[90m2349 ms - 137&amp#27;[39m
&amp#27;[35m[HTTP]&amp#27;[39m &amp#27;[90m&amp#27;[39m
&amp#27;[35m[HTTP]&amp#27;[39m &amp#27;[37m-->&amp#27;[39m &amp#27;[37mPOST&amp#27;[39m &amp#27;[37m/wd/hub/session/b272cf1a-f85a-4b52-a291-26c3f619f360/element/76cda8c9-9b24-42f9-98cb-e653645bf6d4/click&amp#27;[39m
&amp#27;[35m[HTTP]&amp#27;[39m &amp#27;[90m{"id":"76cda8c9-9b24-42f9-98cb-e653645bf6d4"}&amp#27;[39m
[debug] &amp#27;[35m[W3C (b272cf1a)]&amp#27;[39m Calling AppiumDriver.click() with args: ["76cda8c9-9b24-42f9-98cb-e653645bf6d4","b272cf1a-f85a-4b52-a291-26c3f619f360"]
[debug] &amp#27;[35m[WD Proxy]&amp#27;[39m Matched '/element/76cda8c9-9b24-42f9-98cb-e653645bf6d4/click' to command name 'click'
[debug] &amp#27;[35m[WD Proxy]&amp#27;[39m Proxying [POST /element/76cda8c9-9b24-42f9-98cb-e653645bf6d4/click] to [POST http://127.0.0.1:8200/wd/hub/session/2cd092eb-42bb-4c45-85de-eb83396155f7/element/76cda8c9-9b24-42f9-98cb-e653645bf6d4/click] with body: {"element":"76cda8c9-9b24-42f9-98cb-e653645bf6d4"}
[debug] &amp#27;[35m[WD Proxy]&amp#27;[39m Got response with status 200: {"sessionId":"2cd092eb-42bb-4c45-85de-eb83396155f7","value":null}
[debug] &amp#27;[35m[W3C (b272cf1a)]&amp#27;[39m Responding to client with driver.click() result: null
&amp#27;[35m[HTTP]&amp#27;[39m &amp#27;[37m<-- POST /wd/hub/session/b272cf1a-f85a-4b52-a291-26c3f619f360/element/76cda8c9-9b24-42f9-98cb-e653645bf6d4/click &amp#27;[39m&amp#27;[32m200&amp#27;[39m &amp#27;[90m937 ms - 14&amp#27;[39m
&amp#27;[35m[HTTP]&amp#27;[39m &amp#27;[90m&amp#27;[39m
&amp#27;[35m[HTTP]&amp#27;[39m &amp#27;[37m-->&amp#27;[39m &amp#27;[37mPOST&amp#27;[39m &amp#27;[37m/wd/hub/session/b272cf1a-f85a-4b52-a291-26c3f619f360/element&amp#27;[39m
&amp#27;[35m[HTTP]&amp#27;[39m &amp#27;[90m{"using":"xpath","value":".//*[@text='Sign in']"}&amp#27;[39m
[debug] &amp#27;[35m[W3C (b272cf1a)]&amp#27;[39m Calling AppiumDriver.findElement() with args: ["xpath",".//*[@text='Sign in']","b272cf1a-f85a-4b52-a291-26c3f619f360"]
[debug] &amp#27;[35m[BaseDriver]&amp#27;[39m Valid locator strategies for this request: xpath, id, class name, accessibility id, -android uiautomator
[debug] &amp#27;[35m[BaseDriver]&amp#27;[39m Waiting up to 30000 ms for condition
[debug] &amp#27;[35m[WD Proxy]&amp#27;[39m Matched '/element' to command name 'findElement'
[debug] &amp#27;[35m[WD Proxy]&amp#27;[39m Proxying [POST /element] to [POST http://127.0.0.1:8200/wd/hub/session/2cd092eb-42bb-4c45-85de-eb83396155f7/element] with body: {"strategy":"xpath","selector":".//*[@text='Sign in']","context":"","multiple":false}
[debug] &amp#27;[35m[WD Proxy]&amp#27;[39m Got response with status 200: {"sessionId":"2cd092eb-42bb-4c45-85de-eb83396155f7","value":{"ELEMENT":"9709c6e8-00c6-487e-89cb-9abd6d99423c","element-6066-11e4-a52e-4f735466cecf":"9709c6e8-00c6-487e-89cb-9abd6d99423c"}}
[debug] &amp#27;[35m[W3C (b272cf1a)]&amp#27;[39m Responding to client with driver.findElement() result: {"element-6066-11e4-a52e-4f735466cecf":"9709c6e8-00c6-487e-89cb-9abd6d99423c","ELEMENT":"9709c6e8-00c6-487e-89cb-9abd6d99423c"}
&amp#27;[35m[HTTP]&amp#27;[39m &amp#27;[37m<-- POST /wd/hub/session/b272cf1a-f85a-4b52-a291-26c3f619f360/element &amp#27;[39m&amp#27;[32m200&amp#27;[39m &amp#27;[90m330 ms - 137&amp#27;[39m
&amp#27;[35m[HTTP]&amp#27;[39m &amp#27;[90m&amp#27;[39m
&amp#27;[35m[HTTP]&amp#27;[39m &amp#27;[37m-->&amp#27;[39m &amp#27;[37mPOST&amp#27;[39m &amp#27;[37m/wd/hub/session/b272cf1a-f85a-4b52-a291-26c3f619f360/element/9709c6e8-00c6-487e-89cb-9abd6d99423c/click&amp#27;[39m
&amp#27;[35m[HTTP]&amp#27;[39m &amp#27;[90m{"id":"9709c6e8-00c6-487e-89cb-9abd6d99423c"}&amp#27;[39m
[debug] &amp#27;[35m[W3C (b272cf1a)]&amp#27;[39m Calling AppiumDriver.click() with args: ["9709c6e8-00c6-487e-89cb-9abd6d99423c","b272cf1a-f85a-4b52-a291-26c3f619f360"]
[debug] &amp#27;[35m[WD Proxy]&amp#27;[39m Matched '/element/9709c6e8-00c6-487e-89cb-9abd6d99423c/click' to command name 'click'
[debug] &amp#27;[35m[WD Proxy]&amp#27;[39m Proxying [POST /element/9709c6e8-00c6-487e-89cb-9abd6d99423c/click] to [POST http://127.0.0.1:8200/wd/hub/session/2cd092eb-42bb-4c45-85de-eb83396155f7/element/9709c6e8-00c6-487e-89cb-9abd6d99423c/click] with body: {"element":"9709c6e8-00c6-487e-89cb-9abd6d99423c"}
[debug] &amp#27;[35m[WD Proxy]&amp#27;[39m Got response with status 200: {"sessionId":"2cd092eb-42bb-4c45-85de-eb83396155f7","value":null}
[debug] &amp#27;[35m[W3C (b272cf1a)]&amp#27;[39m Responding to client with driver.click() result: null
&amp#27;[35m[HTTP]&amp#27;[39m &amp#27;[37m<-- POST /wd/hub/session/b272cf1a-f85a-4b52-a291-26c3f619f360/element/9709c6e8-00c6-487e-89cb-9abd6d99423c/click &amp#27;[39m&amp#27;[32m200&amp#27;[39m &amp#27;[90m44 ms - 14&amp#27;[39m
&amp#27;[35m[HTTP]&amp#27;[39m &amp#27;[90m&amp#27;[39m
&amp#27;[35m[HTTP]&amp#27;[39m &amp#27;[37m-->&amp#27;[39m &amp#27;[37mPOST&amp#27;[39m &amp#27;[37m/wd/hub/session/b272cf1a-f85a-4b52-a291-26c3f619f360/element&amp#27;[39m
&amp#27;[35m[HTTP]&amp#27;[39m &amp#27;[90m{"using":"xpath","value":".//*[@text='Enter an e-mail address or username']"}&amp#27;[39m
[debug] &amp#27;[35m[W3C (b272cf1a)]&amp#27;[39m Calling AppiumDriver.findElement() with args: ["xpath",".//*[@text='Enter an e-mail address or username']","b272cf1a-f85a-4b52-a291-26c3f619f360"]
[debug] &amp#27;[35m[BaseDriver]&amp#27;[39m Valid locator strategies for this request: xpath, id, class name, accessibility id, -android uiautomator
[debug] &amp#27;[35m[BaseDriver]&amp#27;[39m Waiting up to 30000 ms for condition
[debug] &amp#27;[35m[WD Proxy]&amp#27;[39m Matched '/element' to command name 'findElement'
[debug] &amp#27;[35m[WD Proxy]&amp#27;[39m Proxying [POST /element] to [POST http://127.0.0.1:8200/wd/hub/session/2cd092eb-42bb-4c45-85de-eb83396155f7/element] with body: {"strategy":"xpath","selector":".//*[@text='Enter an e-mail address or username']","context":"","multiple":false}
[debug] &amp#27;[35m[WD Proxy]&amp#27;[39m Got response with status 200: {"sessionId":"2cd092eb-42bb-4c45-85de-eb83396155f7","value":{"ELEMENT":"f5b36bd3-1fd7-4051-adec-529c4d65aa48","element-6066-11e4-a52e-4f735466cecf":"f5b36bd3-1fd7-4051-adec-529c4d65aa48"}}
[debug] &amp#27;[35m[W3C (b272cf1a)]&amp#27;[39m Responding to client with driver.findElement() result: {"element-6066-11e4-a52e-4f735466cecf":"f5b36bd3-1fd7-4051-adec-529c4d65aa48","ELEMENT":"f5b36bd3-1fd7-4051-adec-529c4d65aa48"}
&amp#27;[35m[HTTP]&amp#27;[39m &amp#27;[37m<-- POST /wd/hub/session/b272cf1a-f85a-4b52-a291-26c3f619f360/element &amp#27;[39m&amp#27;[32m200&amp#27;[39m &amp#27;[90m198 ms - 137&amp#27;[39m
&amp#27;[35m[HTTP]&amp#27;[39m &amp#27;[90m&amp#27;[39m
&amp#27;[35m[HTTP]&amp#27;[39m &amp#27;[37m-->&amp#27;[39m &amp#27;[37mPOST&amp#27;[39m &amp#27;[37m/wd/hub/session/b272cf1a-f85a-4b52-a291-26c3f619f360/element/f5b36bd3-1fd7-4051-adec-529c4d65aa48/value&amp#27;[39m
&amp#27;[35m[HTTP]&amp#27;[39m &amp#27;[90m{"id":"f5b36bd3-1fd7-4051-adec-529c4d65aa48","text":"Testkhanacademy_123@gmail.com","value":["T","e","s","t","k","h","a","n","a","c","a","d","e","m","y","_","1","2","3","@","g","m","a","i","l",".","c","o","m"]}&amp#27;[39m
[debug] &amp#27;[35m[W3C (b272cf1a)]&amp#27;[39m Calling AppiumDriver.setValue() with args: [["T","e","s","t","k","h","a","n","a","c","a","d","e","m","y","_","1","2","3","@","g","m","a","i","l",".","c","o","m"],"f5b36bd3-1fd7-4051-adec-529c4d65aa48","b272cf1a-f85a-4b52-a291-26c3f619f360"]
[debug] &amp#27;[35m[WD Proxy]&amp#27;[39m Matched '/element/f5b36bd3-1fd7-4051-adec-529c4d65aa48/value' to command name 'setValue'
[debug] &amp#27;[35m[Protocol Converter]&amp#27;[39m Added 'value' property ["T","e","s","t","k","h","a","n","a","c","a","d","e","m","y","_","1","2","3","@","g","m","a","i","l",".","c","o","m"] to 'setValue' request body
[debug] &amp#27;[35m[WD Proxy]&amp#27;[39m Proxying [POST /element/f5b36bd3-1fd7-4051-adec-529c4d65aa48/value] to [POST http://127.0.0.1:8200/wd/hub/session/2cd092eb-42bb-4c45-85de-eb83396155f7/element/f5b36bd3-1fd7-4051-adec-529c4d65aa48/value] with body: {"elementId":"f5b36bd3-1fd7-4051-adec-529c4d65aa48","text":"Testkhanacademy_123@gmail.com","replace":false,"value":["T","e","s","t","k","h","a","n","a","c","a","d","e","m","y","_","1","2","3","@","g","m","a","i","l",".","c","o","m"]}
[debug] &amp#27;[35m[WD Proxy]&amp#27;[39m Got response with status 200: {"sessionId":"2cd092eb-42bb-4c45-85de-eb83396155f7","value":null}
[debug] &amp#27;[35m[W3C (b272cf1a)]&amp#27;[39m Responding to client with driver.setValue() result: null
&amp#27;[35m[HTTP]&amp#27;[39m &amp#27;[37m<-- POST /wd/hub/session/b272cf1a-f85a-4b52-a291-26c3f619f360/element/f5b36bd3-1fd7-4051-adec-529c4d65aa48/value &amp#27;[39m&amp#27;[32m200&amp#27;[39m &amp#27;[90m535 ms - 14&amp#27;[39m
&amp#27;[35m[HTTP]&amp#27;[39m &amp#27;[90m&amp#27;[39m
&amp#27;[35m[HTTP]&amp#27;[39m &amp#27;[37m-->&amp#27;[39m &amp#27;[37mPOST&amp#27;[39m &amp#27;[37m/wd/hub/session/b272cf1a-f85a-4b52-a291-26c3f619f360/element&amp#27;[39m
&amp#27;[35m[HTTP]&amp#27;[39m &amp#27;[90m{"using":"xpath","value":".//*[@text='Password']"}&amp#27;[39m
[debug] &amp#27;[35m[W3C (b272cf1a)]&amp#27;[39m Calling AppiumDriver.findElement() with args: ["xpath",".//*[@text='Password']","b272cf1a-f85a-4b52-a291-26c3f619f360"]
[debug] &amp#27;[35m[BaseDriver]&amp#27;[39m Valid locator strategies for this request: xpath, id, class name, accessibility id, -android uiautomator
[debug] &amp#27;[35m[BaseDriver]&amp#27;[39m Waiting up to 30000 ms for condition
[debug] &amp#27;[35m[WD Proxy]&amp#27;[39m Matched '/element' to command name 'findElement'
[debug] &amp#27;[35m[WD Proxy]&amp#27;[39m Proxying [POST /element] to [POST http://127.0.0.1:8200/wd/hub/session/2cd092eb-42bb-4c45-85de-eb83396155f7/element] with body: {"strategy":"xpath","selector":".//*[@text='Password']","context":"","multiple":false}
[debug] &amp#27;[35m[WD Proxy]&amp#27;[39m Got response with status 200: {"sessionId":"2cd092eb-42bb-4c45-85de-eb83396155f7","value":{"ELEMENT":"39bedb0f-1693-4d84-8fe0-7737c260d228","element-6066-11e4-a52e-4f735466cecf":"39bedb0f-1693-4d84-8fe0-7737c260d228"}}
[debug] &amp#27;[35m[W3C (b272cf1a)]&amp#27;[39m Responding to client with driver.findElement() result: {"element-6066-11e4-a52e-4f735466cecf":"39bedb0f-1693-4d84-8fe0-7737c260d228","ELEMENT":"39bedb0f-1693-4d84-8fe0-7737c260d228"}
&amp#27;[35m[HTTP]&amp#27;[39m &amp#27;[37m<-- POST /wd/hub/session/b272cf1a-f85a-4b52-a291-26c3f619f360/element &amp#27;[39m&amp#27;[32m200&amp#27;[39m &amp#27;[90m643 ms - 137&amp#27;[39m
&amp#27;[35m[HTTP]&amp#27;[39m &amp#27;[90m&amp#27;[39m
&amp#27;[35m[HTTP]&amp#27;[39m &amp#27;[37m-->&amp#27;[39m &amp#27;[37mPOST&amp#27;[39m &amp#27;[37m/wd/hub/session/b272cf1a-f85a-4b52-a291-26c3f619f360/element/39bedb0f-1693-4d84-8fe0-7737c260d228/value&amp#27;[39m
&amp#27;[35m[HTTP]&amp#27;[39m &amp#27;[90m{"id":"39bedb0f-1693-4d84-8fe0-7737c260d228","text":"Test123$$","value":["T","e","s","t","1","2","3","$","$"]}&amp#27;[39m
[debug] &amp#27;[35m[W3C (b272cf1a)]&amp#27;[39m Calling AppiumDriver.setValue() with args: [["T","e","s","t","1","2","3","$","$"],"39bedb0f-1693-4d84-8fe0-7737c260d228","b272cf1a-f85a-4b52-a291-26c3f619f360"]
[debug] &amp#27;[35m[WD Proxy]&amp#27;[39m Matched '/element/39bedb0f-1693-4d84-8fe0-7737c260d228/value' to command name 'setValue'
[debug] &amp#27;[35m[Protocol Converter]&amp#27;[39m Added 'value' property ["T","e","s","t","1","2","3","$","$"] to 'setValue' request body
[debug] &amp#27;[35m[WD Proxy]&amp#27;[39m Proxying [POST /element/39bedb0f-1693-4d84-8fe0-7737c260d228/value] to [POST http://127.0.0.1:8200/wd/hub/session/2cd092eb-42bb-4c45-85de-eb83396155f7/element/39bedb0f-1693-4d84-8fe0-7737c260d228/value] with body: {"elementId":"39bedb0f-1693-4d84-8fe0-7737c260d228","text":"Test123$$","replace":false,"value":["T","e","s","t","1","2","3","$","$"]}
[debug] &amp#27;[35m[WD Proxy]&amp#27;[39m Got response with status 200: {"sessionId":"2cd092eb-42bb-4c45-85de-eb83396155f7","value":null}
[debug] &amp#27;[35m[W3C (b272cf1a)]&amp#27;[39m Responding to client with driver.setValue() result: null
&amp#27;[35m[HTTP]&amp#27;[39m &amp#27;[37m<-- POST /wd/hub/session/b272cf1a-f85a-4b52-a291-26c3f619f360/element/39bedb0f-1693-4d84-8fe0-7737c260d228/value &amp#27;[39m&amp#27;[32m200&amp#27;[39m &amp#27;[90m544 ms - 14&amp#27;[39m
&amp#27;[35m[HTTP]&amp#27;[39m &amp#27;[90m&amp#27;[39m
&amp#27;[35m[HTTP]&amp#27;[39m &amp#27;[37m-->&amp#27;[39m &amp#27;[37mPOST&amp#27;[39m &amp#27;[37m/wd/hub/session/b272cf1a-f85a-4b52-a291-26c3f619f360/element&amp#27;[39m
&amp#27;[35m[HTTP]&amp#27;[39m &amp#27;[90m{"using":"xpath","value":"//android.widget.Button[@content-desc=\"Sign in\"]/android.widget.TextView"}&amp#27;[39m
[debug] &amp#27;[35m[W3C (b272cf1a)]&amp#27;[39m Calling AppiumDriver.findElement() with args: ["xpath","//android.widget.Button[@content-desc=\"Sign in\"]/android.widget.TextView","b272cf1a-f85a-4b52-a291-26c3f619f360"]
[debug] &amp#27;[35m[BaseDriver]&amp#27;[39m Valid locator strategies for this request: xpath, id, class name, accessibility id, -android uiautomator
[debug] &amp#27;[35m[BaseDriver]&amp#27;[39m Waiting up to 30000 ms for condition
[debug] &amp#27;[35m[WD Proxy]&amp#27;[39m Matched '/element' to command name 'findElement'
[debug] &amp#27;[35m[WD Proxy]&amp#27;[39m Proxying [POST /element] to [POST http://127.0.0.1:8200/wd/hub/session/2cd092eb-42bb-4c45-85de-eb83396155f7/element] with body: {"strategy":"xpath","selector":"//android.widget.Button[@content-desc=\"Sign in\"]/android.widget.TextView","context":"","multiple":false}
[debug] &amp#27;[35m[WD Proxy]&amp#27;[39m Got response with status 200: {"sessionId":"2cd092eb-42bb-4c45-85de-eb83396155f7","value":{"ELEMENT":"95b03c68-834d-4963-beee-f22d19f918dd","element-6066-11e4-a52e-4f735466cecf":"95b03c68-834d-4963-beee-f22d19f918dd"}}
[debug] &amp#27;[35m[W3C (b272cf1a)]&amp#27;[39m Responding to client with driver.findElement() result: {"element-6066-11e4-a52e-4f735466cecf":"95b03c68-834d-4963-beee-f22d19f918dd","ELEMENT":"95b03c68-834d-4963-beee-f22d19f918dd"}
&amp#27;[35m[HTTP]&amp#27;[39m &amp#27;[37m<-- POST /wd/hub/session/b272cf1a-f85a-4b52-a291-26c3f619f360/element &amp#27;[39m&amp#27;[32m200&amp#27;[39m &amp#27;[90m643 ms - 137&amp#27;[39m
&amp#27;[35m[HTTP]&amp#27;[39m &amp#27;[90m&amp#27;[39m
&amp#27;[35m[HTTP]&amp#27;[39m &amp#27;[37m-->&amp#27;[39m &amp#27;[37mPOST&amp#27;[39m &amp#27;[37m/wd/hub/session/b272cf1a-f85a-4b52-a291-26c3f619f360/element/95b03c68-834d-4963-beee-f22d19f918dd/click&amp#27;[39m
&amp#27;[35m[HTTP]&amp#27;[39m &amp#27;[90m{"id":"95b03c68-834d-4963-beee-f22d19f918dd"}&amp#27;[39m
[debug] &amp#27;[35m[W3C (b272cf1a)]&amp#27;[39m Calling AppiumDriver.click() with args: ["95b03c68-834d-4963-beee-f22d19f918dd","b272cf1a-f85a-4b52-a291-26c3f619f360"]
[debug] &amp#27;[35m[WD Proxy]&amp#27;[39m Matched '/element/95b03c68-834d-4963-beee-f22d19f918dd/click' to command name 'click'
[debug] &amp#27;[35m[WD Proxy]&amp#27;[39m Proxying [POST /element/95b03c68-834d-4963-beee-f22d19f918dd/click] to [POST http://127.0.0.1:8200/wd/hub/session/2cd092eb-42bb-4c45-85de-eb83396155f7/element/95b03c68-834d-4963-beee-f22d19f918dd/click] with body: {"element":"95b03c68-834d-4963-beee-f22d19f918dd"}
[debug] &amp#27;[35m[WD Proxy]&amp#27;[39m Got response with status 200: {"sessionId":"2cd092eb-42bb-4c45-85de-eb83396155f7","value":null}
[debug] &amp#27;[35m[W3C (b272cf1a)]&amp#27;[39m Responding to client with driver.click() result: null
&amp#27;[35m[HTTP]&amp#27;[39m &amp#27;[37m<-- POST /wd/hub/session/b272cf1a-f85a-4b52-a291-26c3f619f360/element/95b03c68-834d-4963-beee-f22d19f918dd/click &amp#27;[39m&amp#27;[32m200&amp#27;[39m &amp#27;[90m37 ms - 14&amp#27;[39m
&amp#27;[35m[HTTP]&amp#27;[39m &amp#27;[90m&amp#27;[39m
]]></system-out>
    <system-err><![CDATA[SLF4J: Failed to load class "org.slf4j.impl.StaticLoggerBinder".
SLF4J: Defaulting to no-operation (NOP) logger implementation
SLF4J: See http://www.slf4j.org/codes.html#StaticLoggerBinder for further details.
Dec 31, 2020 5:16:43 PM io.appium.java_client.remote.AppiumCommandExecutor$1 lambda$0
INFO: Detected dialect: W3C
]]></system-err>
  </testcase>
  <testcase name="TC2" classname="SDET_Appium.Mobile_assessment_new.Hybridclass" time="24.776">
    <system-out><![CDATA[&amp#27;[35m[HTTP]&amp#27;[39m &amp#27;[37m-->&amp#27;[39m &amp#27;[37mPOST&amp#27;[39m &amp#27;[37m/wd/hub/session/b272cf1a-f85a-4b52-a291-26c3f619f360/element&amp#27;[39m
&amp#27;[35m[HTTP]&amp#27;[39m &amp#27;[90m{"using":"xpath","value":".//*[@text='Join class']"}&amp#27;[39m
[debug] &amp#27;[35m[W3C (b272cf1a)]&amp#27;[39m Calling AppiumDriver.findElement() with args: ["xpath",".//*[@text='Join class']","b272cf1a-f85a-4b52-a291-26c3f619f360"]
[debug] &amp#27;[35m[BaseDriver]&amp#27;[39m Valid locator strategies for this request: xpath, id, class name, accessibility id, -android uiautomator
[debug] &amp#27;[35m[BaseDriver]&amp#27;[39m Waiting up to 30000 ms for condition
[debug] &amp#27;[35m[WD Proxy]&amp#27;[39m Matched '/element' to command name 'findElement'
[debug] &amp#27;[35m[WD Proxy]&amp#27;[39m Proxying [POST /element] to [POST http://127.0.0.1:8200/wd/hub/session/2cd092eb-42bb-4c45-85de-eb83396155f7/element] with body: {"strategy":"xpath","selector":".//*[@text='Join class']","context":"","multiple":false}
[debug] &amp#27;[35m[WD Proxy]&amp#27;[39m Got response with status 200: {"sessionId":"2cd092eb-42bb-4c45-85de-eb83396155f7","value":{"ELEMENT":"83629a0e-9610-47a1-9a8a-14f75776d3b1","element-6066-11e4-a52e-4f735466cecf":"83629a0e-9610-47a1-9a8a-14f75776d3b1"}}
[debug] &amp#27;[35m[W3C (b272cf1a)]&amp#27;[39m Responding to client with driver.findElement() result: {"element-6066-11e4-a52e-4f735466cecf":"83629a0e-9610-47a1-9a8a-14f75776d3b1","ELEMENT":"83629a0e-9610-47a1-9a8a-14f75776d3b1"}
&amp#27;[35m[HTTP]&amp#27;[39m &amp#27;[37m<-- POST /wd/hub/session/b272cf1a-f85a-4b52-a291-26c3f619f360/element &amp#27;[39m&amp#27;[32m200&amp#27;[39m &amp#27;[90m1046 ms - 137&amp#27;[39m
&amp#27;[35m[HTTP]&amp#27;[39m &amp#27;[90m&amp#27;[39m
&amp#27;[35m[HTTP]&amp#27;[39m &amp#27;[37m-->&amp#27;[39m &amp#27;[37mPOST&amp#27;[39m &amp#27;[37m/wd/hub/session/b272cf1a-f85a-4b52-a291-26c3f619f360/element/83629a0e-9610-47a1-9a8a-14f75776d3b1/click&amp#27;[39m
&amp#27;[35m[HTTP]&amp#27;[39m &amp#27;[90m{"id":"83629a0e-9610-47a1-9a8a-14f75776d3b1"}&amp#27;[39m
[debug] &amp#27;[35m[W3C (b272cf1a)]&amp#27;[39m Calling AppiumDriver.click() with args: ["83629a0e-9610-47a1-9a8a-14f75776d3b1","b272cf1a-f85a-4b52-a291-26c3f619f360"]
[debug] &amp#27;[35m[WD Proxy]&amp#27;[39m Matched '/element/83629a0e-9610-47a1-9a8a-14f75776d3b1/click' to command name 'click'
[debug] &amp#27;[35m[WD Proxy]&amp#27;[39m Proxying [POST /element/83629a0e-9610-47a1-9a8a-14f75776d3b1/click] to [POST http://127.0.0.1:8200/wd/hub/session/2cd092eb-42bb-4c45-85de-eb83396155f7/element/83629a0e-9610-47a1-9a8a-14f75776d3b1/click] with body: {"element":"83629a0e-9610-47a1-9a8a-14f75776d3b1"}
[debug] &amp#27;[35m[WD Proxy]&amp#27;[39m Got response with status 200: {"sessionId":"2cd092eb-42bb-4c45-85de-eb83396155f7","value":null}
[debug] &amp#27;[35m[W3C (b272cf1a)]&amp#27;[39m Responding to client with driver.click() result: null
&amp#27;[35m[HTTP]&amp#27;[39m &amp#27;[37m<-- POST /wd/hub/session/b272cf1a-f85a-4b52-a291-26c3f619f360/element/83629a0e-9610-47a1-9a8a-14f75776d3b1/click &amp#27;[39m&amp#27;[32m200&amp#27;[39m &amp#27;[90m47 ms - 14&amp#27;[39m
&amp#27;[35m[HTTP]&amp#27;[39m &amp#27;[90m&amp#27;[39m
&amp#27;[35m[HTTP]&amp#27;[39m &amp#27;[37m-->&amp#27;[39m &amp#27;[37mPOST&amp#27;[39m &amp#27;[37m/wd/hub/session/b272cf1a-f85a-4b52-a291-26c3f619f360/element&amp#27;[39m
&amp#27;[35m[HTTP]&amp#27;[39m &amp#27;[90m{"using":"accessibility id","value":"e.g. ABC123 or teacher@example.com"}&amp#27;[39m
[debug] &amp#27;[35m[W3C (b272cf1a)]&amp#27;[39m Calling AppiumDriver.findElement() with args: ["accessibility id","e.g. ABC123 or teacher@example.com","b272cf1a-f85a-4b52-a291-26c3f619f360"]
[debug] &amp#27;[35m[BaseDriver]&amp#27;[39m Valid locator strategies for this request: xpath, id, class name, accessibility id, -android uiautomator
[debug] &amp#27;[35m[BaseDriver]&amp#27;[39m Waiting up to 30000 ms for condition
[debug] &amp#27;[35m[WD Proxy]&amp#27;[39m Matched '/element' to command name 'findElement'
[debug] &amp#27;[35m[WD Proxy]&amp#27;[39m Proxying [POST /element] to [POST http://127.0.0.1:8200/wd/hub/session/2cd092eb-42bb-4c45-85de-eb83396155f7/element] with body: {"strategy":"accessibility id","selector":"e.g. ABC123 or teacher@example.com","context":"","multiple":false}
[debug] &amp#27;[35m[WD Proxy]&amp#27;[39m Got response with status 200: {"sessionId":"2cd092eb-42bb-4c45-85de-eb83396155f7","value":{"ELEMENT":"6c4b3429-d868-4186-8989-97f36be498b9","element-6066-11e4-a52e-4f735466cecf":"6c4b3429-d868-4186-8989-97f36be498b9"}}
[debug] &amp#27;[35m[W3C (b272cf1a)]&amp#27;[39m Responding to client with driver.findElement() result: {"element-6066-11e4-a52e-4f735466cecf":"6c4b3429-d868-4186-8989-97f36be498b9","ELEMENT":"6c4b3429-d868-4186-8989-97f36be498b9"}
&amp#27;[35m[HTTP]&amp#27;[39m &amp#27;[37m<-- POST /wd/hub/session/b272cf1a-f85a-4b52-a291-26c3f619f360/element &amp#27;[39m&amp#27;[32m200&amp#27;[39m &amp#27;[90m32 ms - 137&amp#27;[39m
&amp#27;[35m[HTTP]&amp#27;[39m &amp#27;[90m&amp#27;[39m
&amp#27;[35m[HTTP]&amp#27;[39m &amp#27;[37m-->&amp#27;[39m &amp#27;[37mPOST&amp#27;[39m &amp#27;[37m/wd/hub/session/b272cf1a-f85a-4b52-a291-26c3f619f360/element/6c4b3429-d868-4186-8989-97f36be498b9/value&amp#27;[39m
&amp#27;[35m[HTTP]&amp#27;[39m &amp#27;[90m{"id":"6c4b3429-d868-4186-8989-97f36be498b9","text":"testteacher@gmail.com","value":["t","e","s","t","t","e","a","c","h","e","r","@","g","m","a","i","l",".","c","o","m"]}&amp#27;[39m
[debug] &amp#27;[35m[W3C (b272cf1a)]&amp#27;[39m Calling AppiumDriver.setValue() with args: [["t","e","s","t","t","e","a","c","h","e","r","@","g","m","a","i","l",".","c","o","m"],"6c4b3429-d868-4186-8989-97f36be498b9","b272cf1a-f85a-4b52-a291-26c3f619f360"]
[debug] &amp#27;[35m[WD Proxy]&amp#27;[39m Matched '/element/6c4b3429-d868-4186-8989-97f36be498b9/value' to command name 'setValue'
[debug] &amp#27;[35m[Protocol Converter]&amp#27;[39m Added 'value' property ["t","e","s","t","t","e","a","c","h","e","r","@","g","m","a","i","l",".","c","o","m"] to 'setValue' request body
[debug] &amp#27;[35m[WD Proxy]&amp#27;[39m Proxying [POST /element/6c4b3429-d868-4186-8989-97f36be498b9/value] to [POST http://127.0.0.1:8200/wd/hub/session/2cd092eb-42bb-4c45-85de-eb83396155f7/element/6c4b3429-d868-4186-8989-97f36be498b9/value] with body: {"elementId":"6c4b3429-d868-4186-8989-97f36be498b9","text":"testteacher@gmail.com","replace":false,"value":["t","e","s","t","t","e","a","c","h","e","r","@","g","m","a","i","l",".","c","o","m"]}
[debug] &amp#27;[35m[WD Proxy]&amp#27;[39m Got response with status 200: {"sessionId":"2cd092eb-42bb-4c45-85de-eb83396155f7","value":null}
[debug] &amp#27;[35m[W3C (b272cf1a)]&amp#27;[39m Responding to client with driver.setValue() result: null
&amp#27;[35m[HTTP]&amp#27;[39m &amp#27;[37m<-- POST /wd/hub/session/b272cf1a-f85a-4b52-a291-26c3f619f360/element/6c4b3429-d868-4186-8989-97f36be498b9/value &amp#27;[39m&amp#27;[32m200&amp#27;[39m &amp#27;[90m843 ms - 14&amp#27;[39m
&amp#27;[35m[HTTP]&amp#27;[39m &amp#27;[90m&amp#27;[39m
&amp#27;[35m[HTTP]&amp#27;[39m &amp#27;[37m-->&amp#27;[39m &amp#27;[37mPOST&amp#27;[39m &amp#27;[37m/wd/hub/session/b272cf1a-f85a-4b52-a291-26c3f619f360/appium/device/hide_keyboard&amp#27;[39m
&amp#27;[35m[HTTP]&amp#27;[39m &amp#27;[90m{}&amp#27;[39m
[debug] &amp#27;[35m[W3C (b272cf1a)]&amp#27;[39m Calling AppiumDriver.hideKeyboard() with args: [null,null,null,null,"b272cf1a-f85a-4b52-a291-26c3f619f360"]
[debug] &amp#27;[35m[ADB]&amp#27;[39m Running 'C:\Users\PrathibhaBN\AppData\Local\Android\Sdk\platform-tools\adb.exe -P 5037 -s emulator-5554 shell dumpsys input_method'
[debug] &amp#27;[35m[ADB]&amp#27;[39m Running 'C:\Users\PrathibhaBN\AppData\Local\Android\Sdk\platform-tools\adb.exe -P 5037 -s emulator-5554 shell input keyevent 111'
[debug] &amp#27;[35m[ADB]&amp#27;[39m Running 'C:\Users\PrathibhaBN\AppData\Local\Android\Sdk\platform-tools\adb.exe -P 5037 -s emulator-5554 shell dumpsys input_method'
[debug] &amp#27;[35m[W3C (b272cf1a)]&amp#27;[39m Responding to client with driver.hideKeyboard() result: true
&amp#27;[35m[HTTP]&amp#27;[39m &amp#27;[37m<-- POST /wd/hub/session/b272cf1a-f85a-4b52-a291-26c3f619f360/appium/device/hide_keyboard &amp#27;[39m&amp#27;[32m200&amp#27;[39m &amp#27;[90m2351 ms - 14&amp#27;[39m
&amp#27;[35m[HTTP]&amp#27;[39m &amp#27;[90m&amp#27;[39m
&amp#27;[35m[HTTP]&amp#27;[39m &amp#27;[37m-->&amp#27;[39m &amp#27;[37mPOST&amp#27;[39m &amp#27;[37m/wd/hub/session/b272cf1a-f85a-4b52-a291-26c3f619f360/appium/device/press_keycode&amp#27;[39m
&amp#27;[35m[HTTP]&amp#27;[39m &amp#27;[90m{"keycode":66}&amp#27;[39m
[debug] &amp#27;[35m[W3C (b272cf1a)]&amp#27;[39m Calling AppiumDriver.pressKeyCode() with args: [66,null,null,null,null,"b272cf1a-f85a-4b52-a291-26c3f619f360"]
[debug] &amp#27;[35m[WD Proxy]&amp#27;[39m Matched '/appium/device/press_keycode' to command name 'pressKeyCode'
[debug] &amp#27;[35m[WD Proxy]&amp#27;[39m Proxying [POST /appium/device/press_keycode] to [POST http://127.0.0.1:8200/wd/hub/session/2cd092eb-42bb-4c45-85de-eb83396155f7/appium/device/press_keycode] with body: {"keycode":66,"metastate":null,"flags":null}
[debug] &amp#27;[35m[WD Proxy]&amp#27;[39m Got response with status 200: {"sessionId":"2cd092eb-42bb-4c45-85de-eb83396155f7","value":null}
[debug] &amp#27;[35m[W3C (b272cf1a)]&amp#27;[39m Responding to client with driver.pressKeyCode() result: null
&amp#27;[35m[HTTP]&amp#27;[39m &amp#27;[37m<-- POST /wd/hub/session/b272cf1a-f85a-4b52-a291-26c3f619f360/appium/device/press_keycode &amp#27;[39m&amp#27;[32m200&amp#27;[39m &amp#27;[90m49 ms - 14&amp#27;[39m
&amp#27;[35m[HTTP]&amp#27;[39m &amp#27;[90m&amp#27;[39m
Clicked on add
&amp#27;[35m[HTTP]&amp#27;[39m &amp#27;[37m-->&amp#27;[39m &amp#27;[37mPOST&amp#27;[39m &amp#27;[37m/wd/hub/session/b272cf1a-f85a-4b52-a291-26c3f619f360/element&amp#27;[39m
&amp#27;[35m[HTTP]&amp#27;[39m &amp#27;[90m{"using":"id","value":"android:id/message"}&amp#27;[39m
[debug] &amp#27;[35m[W3C (b272cf1a)]&amp#27;[39m Calling AppiumDriver.findElement() with args: ["id","android:id/message","b272cf1a-f85a-4b52-a291-26c3f619f360"]
[debug] &amp#27;[35m[BaseDriver]&amp#27;[39m Valid locator strategies for this request: xpath, id, class name, accessibility id, -android uiautomator
[debug] &amp#27;[35m[BaseDriver]&amp#27;[39m Waiting up to 30000 ms for condition
[debug] &amp#27;[35m[WD Proxy]&amp#27;[39m Matched '/element' to command name 'findElement'
[debug] &amp#27;[35m[WD Proxy]&amp#27;[39m Proxying [POST /element] to [POST http://127.0.0.1:8200/wd/hub/session/2cd092eb-42bb-4c45-85de-eb83396155f7/element] with body: {"strategy":"id","selector":"android:id/message","context":"","multiple":false}
[debug] &amp#27;[35m[WD Proxy]&amp#27;[39m Got response with status 200: {"sessionId":"2cd092eb-42bb-4c45-85de-eb83396155f7","value":{"ELEMENT":"b8f048f0-b44e-4142-8d81-b2dbf76b00fd","element-6066-11e4-a52e-4f735466cecf":"b8f048f0-b44e-4142-8d81-b2dbf76b00fd"}}
[debug] &amp#27;[35m[W3C (b272cf1a)]&amp#27;[39m Responding to client with driver.findElement() result: {"element-6066-11e4-a52e-4f735466cecf":"b8f048f0-b44e-4142-8d81-b2dbf76b00fd","ELEMENT":"b8f048f0-b44e-4142-8d81-b2dbf76b00fd"}
&amp#27;[35m[HTTP]&amp#27;[39m &amp#27;[37m<-- POST /wd/hub/session/b272cf1a-f85a-4b52-a291-26c3f619f360/element &amp#27;[39m&amp#27;[32m200&amp#27;[39m &amp#27;[90m18 ms - 137&amp#27;[39m
&amp#27;[35m[HTTP]&amp#27;[39m &amp#27;[90m&amp#27;[39m
&amp#27;[35m[HTTP]&amp#27;[39m &amp#27;[37m-->&amp#27;[39m &amp#27;[37mGET&amp#27;[39m &amp#27;[37m/wd/hub/session/b272cf1a-f85a-4b52-a291-26c3f619f360/element/b8f048f0-b44e-4142-8d81-b2dbf76b00fd/text&amp#27;[39m
&amp#27;[35m[HTTP]&amp#27;[39m &amp#27;[90m{}&amp#27;[39m
&amp#27;[35m[W3C (b272cf1a)]&amp#27;[39m Driver proxy active, passing request on via HTTP proxy
[debug] &amp#27;[35m[WD Proxy]&amp#27;[39m Matched '/wd/hub/session/b272cf1a-f85a-4b52-a291-26c3f619f360/element/b8f048f0-b44e-4142-8d81-b2dbf76b00fd/text' to command name 'getText'
[debug] &amp#27;[35m[WD Proxy]&amp#27;[39m Proxying [GET /wd/hub/session/b272cf1a-f85a-4b52-a291-26c3f619f360/element/b8f048f0-b44e-4142-8d81-b2dbf76b00fd/text] to [GET http://127.0.0.1:8200/wd/hub/session/2cd092eb-42bb-4c45-85de-eb83396155f7/element/b8f048f0-b44e-4142-8d81-b2dbf76b00fd/text] with body: {}
[debug] &amp#27;[35m[WD Proxy]&amp#27;[39m Got response with status 200: {"sessionId":"2cd092eb-42bb-4c45-85de-eb83396155f7","value":"You've added testteacher@gmail.com to your account - once they add you to a class, you'll see it in the app!"}
&amp#27;[35m[WD Proxy]&amp#27;[39m Replacing sessionId 2cd092eb-42bb-4c45-85de-eb83396155f7 with b272cf1a-f85a-4b52-a291-26c3f619f360
You've added testteacher@gmail.com to your account - once they add you to a class, you'll see it in the app!
&amp#27;[35m[HTTP]&amp#27;[39m &amp#27;[37m<-- GET /wd/hub/session/b272cf1a-f85a-4b52-a291-26c3f619f360/element/b8f048f0-b44e-4142-8d81-b2dbf76b00fd/text &amp#27;[39m&amp#27;[32m200&amp#27;[39m &amp#27;[90m17 ms - 171&amp#27;[39m
&amp#27;[35m[HTTP]&amp#27;[39m &amp#27;[90m&amp#27;[39m
&amp#27;[35m[HTTP]&amp#27;[39m &amp#27;[37m-->&amp#27;[39m &amp#27;[37mPOST&amp#27;[39m &amp#27;[37m/wd/hub/session/b272cf1a-f85a-4b52-a291-26c3f619f360/element&amp#27;[39m
&amp#27;[35m[HTTP]&amp#27;[39m &amp#27;[90m{"using":"xpath","value":".//*[@text='DISMISS']"}&amp#27;[39m
[debug] &amp#27;[35m[W3C (b272cf1a)]&amp#27;[39m Calling AppiumDriver.findElement() with args: ["xpath",".//*[@text='DISMISS']","b272cf1a-f85a-4b52-a291-26c3f619f360"]
[debug] &amp#27;[35m[BaseDriver]&amp#27;[39m Valid locator strategies for this request: xpath, id, class name, accessibility id, -android uiautomator
[debug] &amp#27;[35m[BaseDriver]&amp#27;[39m Waiting up to 30000 ms for condition
[debug] &amp#27;[35m[WD Proxy]&amp#27;[39m Matched '/element' to command name 'findElement'
[debug] &amp#27;[35m[WD Proxy]&amp#27;[39m Proxying [POST /element] to [POST http://127.0.0.1:8200/wd/hub/session/2cd092eb-42bb-4c45-85de-eb83396155f7/element] with body: {"strategy":"xpath","selector":".//*[@text='DISMISS']","context":"","multiple":false}
[debug] &amp#27;[35m[WD Proxy]&amp#27;[39m Got response with status 200: {"sessionId":"2cd092eb-42bb-4c45-85de-eb83396155f7","value":{"ELEMENT":"98039b45-933d-49d8-b2b8-0b1e1a7ed51e","element-6066-11e4-a52e-4f735466cecf":"98039b45-933d-49d8-b2b8-0b1e1a7ed51e"}}
[debug] &amp#27;[35m[W3C (b272cf1a)]&amp#27;[39m Responding to client with driver.findElement() result: {"element-6066-11e4-a52e-4f735466cecf":"98039b45-933d-49d8-b2b8-0b1e1a7ed51e","ELEMENT":"98039b45-933d-49d8-b2b8-0b1e1a7ed51e"}
&amp#27;[35m[HTTP]&amp#27;[39m &amp#27;[37m<-- POST /wd/hub/session/b272cf1a-f85a-4b52-a291-26c3f619f360/element &amp#27;[39m&amp#27;[32m200&amp#27;[39m &amp#27;[90m73 ms - 137&amp#27;[39m
&amp#27;[35m[HTTP]&amp#27;[39m &amp#27;[90m&amp#27;[39m
&amp#27;[35m[HTTP]&amp#27;[39m &amp#27;[37m-->&amp#27;[39m &amp#27;[37mPOST&amp#27;[39m &amp#27;[37m/wd/hub/session/b272cf1a-f85a-4b52-a291-26c3f619f360/element/98039b45-933d-49d8-b2b8-0b1e1a7ed51e/click&amp#27;[39m
&amp#27;[35m[HTTP]&amp#27;[39m &amp#27;[90m{"id":"98039b45-933d-49d8-b2b8-0b1e1a7ed51e"}&amp#27;[39m
[debug] &amp#27;[35m[W3C (b272cf1a)]&amp#27;[39m Calling AppiumDriver.click() with args: ["98039b45-933d-49d8-b2b8-0b1e1a7ed51e","b272cf1a-f85a-4b52-a291-26c3f619f360"]
[debug] &amp#27;[35m[WD Proxy]&amp#27;[39m Matched '/element/98039b45-933d-49d8-b2b8-0b1e1a7ed51e/click' to command name 'click'
[debug] &amp#27;[35m[WD Proxy]&amp#27;[39m Proxying [POST /element/98039b45-933d-49d8-b2b8-0b1e1a7ed51e/click] to [POST http://127.0.0.1:8200/wd/hub/session/2cd092eb-42bb-4c45-85de-eb83396155f7/element/98039b45-933d-49d8-b2b8-0b1e1a7ed51e/click] with body: {"element":"98039b45-933d-49d8-b2b8-0b1e1a7ed51e"}
[debug] &amp#27;[35m[WD Proxy]&amp#27;[39m Got response with status 200: {"sessionId":"2cd092eb-42bb-4c45-85de-eb83396155f7","value":null}
[debug] &amp#27;[35m[W3C (b272cf1a)]&amp#27;[39m Responding to client with driver.click() result: null
&amp#27;[35m[HTTP]&amp#27;[39m &amp#27;[37m<-- POST /wd/hub/session/b272cf1a-f85a-4b52-a291-26c3f619f360/element/98039b45-933d-49d8-b2b8-0b1e1a7ed51e/click &amp#27;[39m&amp#27;[32m200&amp#27;[39m &amp#27;[90m36 ms - 14&amp#27;[39m
&amp#27;[35m[HTTP]&amp#27;[39m &amp#27;[90m&amp#27;[39m
]]></system-out>
  </testcase>
  <testcase name="TC3" classname="SDET_Appium.Mobile_assessment_new.Hybridclass" time="17.9">
    <system-out><![CDATA[&amp#27;[35m[HTTP]&amp#27;[39m &amp#27;[37m-->&amp#27;[39m &amp#27;[37mPOST&amp#27;[39m &amp#27;[37m/wd/hub/session/b272cf1a-f85a-4b52-a291-26c3f619f360/element&amp#27;[39m
&amp#27;[35m[HTTP]&amp#27;[39m &amp#27;[90m{"using":"xpath","value":"//android.widget.ImageView[@content-desc=\"Settings\"]"}&amp#27;[39m
[debug] &amp#27;[35m[W3C (b272cf1a)]&amp#27;[39m Calling AppiumDriver.findElement() with args: ["xpath","//android.widget.ImageView[@content-desc=\"Settings\"]","b272cf1a-f85a-4b52-a291-26c3f619f360"]
[debug] &amp#27;[35m[BaseDriver]&amp#27;[39m Valid locator strategies for this request: xpath, id, class name, accessibility id, -android uiautomator
[debug] &amp#27;[35m[BaseDriver]&amp#27;[39m Waiting up to 30000 ms for condition
[debug] &amp#27;[35m[WD Proxy]&amp#27;[39m Matched '/element' to command name 'findElement'
[debug] &amp#27;[35m[WD Proxy]&amp#27;[39m Proxying [POST /element] to [POST http://127.0.0.1:8200/wd/hub/session/2cd092eb-42bb-4c45-85de-eb83396155f7/element] with body: {"strategy":"xpath","selector":"//android.widget.ImageView[@content-desc=\"Settings\"]","context":"","multiple":false}
[debug] &amp#27;[35m[WD Proxy]&amp#27;[39m Got response with status 200: {"sessionId":"2cd092eb-42bb-4c45-85de-eb83396155f7","value":{"ELEMENT":"04a2f2a4-e512-43f6-9cdb-d57b9557973e","element-6066-11e4-a52e-4f735466cecf":"04a2f2a4-e512-43f6-9cdb-d57b9557973e"}}
[debug] &amp#27;[35m[W3C (b272cf1a)]&amp#27;[39m Responding to client with driver.findElement() result: {"element-6066-11e4-a52e-4f735466cecf":"04a2f2a4-e512-43f6-9cdb-d57b9557973e","ELEMENT":"04a2f2a4-e512-43f6-9cdb-d57b9557973e"}
&amp#27;[35m[HTTP]&amp#27;[39m &amp#27;[37m<-- POST /wd/hub/session/b272cf1a-f85a-4b52-a291-26c3f619f360/element &amp#27;[39m&amp#27;[32m200&amp#27;[39m &amp#27;[90m1106 ms - 137&amp#27;[39m
&amp#27;[35m[HTTP]&amp#27;[39m &amp#27;[90m&amp#27;[39m
&amp#27;[35m[HTTP]&amp#27;[39m &amp#27;[37m-->&amp#27;[39m &amp#27;[37mPOST&amp#27;[39m &amp#27;[37m/wd/hub/session/b272cf1a-f85a-4b52-a291-26c3f619f360/element/04a2f2a4-e512-43f6-9cdb-d57b9557973e/click&amp#27;[39m
&amp#27;[35m[HTTP]&amp#27;[39m &amp#27;[90m{"id":"04a2f2a4-e512-43f6-9cdb-d57b9557973e"}&amp#27;[39m
[debug] &amp#27;[35m[W3C (b272cf1a)]&amp#27;[39m Calling AppiumDriver.click() with args: ["04a2f2a4-e512-43f6-9cdb-d57b9557973e","b272cf1a-f85a-4b52-a291-26c3f619f360"]
[debug] &amp#27;[35m[WD Proxy]&amp#27;[39m Matched '/element/04a2f2a4-e512-43f6-9cdb-d57b9557973e/click' to command name 'click'
[debug] &amp#27;[35m[WD Proxy]&amp#27;[39m Proxying [POST /element/04a2f2a4-e512-43f6-9cdb-d57b9557973e/click] to [POST http://127.0.0.1:8200/wd/hub/session/2cd092eb-42bb-4c45-85de-eb83396155f7/element/04a2f2a4-e512-43f6-9cdb-d57b9557973e/click] with body: {"element":"04a2f2a4-e512-43f6-9cdb-d57b9557973e"}
[debug] &amp#27;[35m[WD Proxy]&amp#27;[39m Got response with status 200: {"sessionId":"2cd092eb-42bb-4c45-85de-eb83396155f7","value":null}
[debug] &amp#27;[35m[W3C (b272cf1a)]&amp#27;[39m Responding to client with driver.click() result: null
&amp#27;[35m[HTTP]&amp#27;[39m &amp#27;[37m<-- POST /wd/hub/session/b272cf1a-f85a-4b52-a291-26c3f619f360/element/04a2f2a4-e512-43f6-9cdb-d57b9557973e/click &amp#27;[39m&amp#27;[32m200&amp#27;[39m &amp#27;[90m41 ms - 14&amp#27;[39m
&amp#27;[35m[HTTP]&amp#27;[39m &amp#27;[90m&amp#27;[39m
&amp#27;[35m[HTTP]&amp#27;[39m &amp#27;[37m-->&amp#27;[39m &amp#27;[37mPOST&amp#27;[39m &amp#27;[37m/wd/hub/session/b272cf1a-f85a-4b52-a291-26c3f619f360/element&amp#27;[39m
&amp#27;[35m[HTTP]&amp#27;[39m &amp#27;[90m{"using":"-android uiautomator","value":"new UiScrollable(new UiSelector()).scrollIntoView(text(\"Licenses\"))"}&amp#27;[39m
[debug] &amp#27;[35m[W3C (b272cf1a)]&amp#27;[39m Calling AppiumDriver.findElement() with args: ["-android uiautomator","new UiScrollable(new UiSelector()).scrollIntoView(text(\"Licenses\"))","b272cf1a-f85a-4b52-a291-26c3f619f360"]
[debug] &amp#27;[35m[BaseDriver]&amp#27;[39m Valid locator strategies for this request: xpath, id, class name, accessibility id, -android uiautomator
[debug] &amp#27;[35m[BaseDriver]&amp#27;[39m Waiting up to 30000 ms for condition
[debug] &amp#27;[35m[WD Proxy]&amp#27;[39m Matched '/element' to command name 'findElement'
[debug] &amp#27;[35m[WD Proxy]&amp#27;[39m Proxying [POST /element] to [POST http://127.0.0.1:8200/wd/hub/session/2cd092eb-42bb-4c45-85de-eb83396155f7/element] with body: {"strategy":"-android uiautomator","selector":"new UiScrollable(new UiSelector()).scrollIntoView(text(\"Licenses\"))","context":"","multiple":false}
[debug] &amp#27;[35m[WD Proxy]&amp#27;[39m Got response with status 200: {"sessionId":"2cd092eb-42bb-4c45-85de-eb83396155f7","value":{"ELEMENT":"1ee2331f-bb5c-404d-aacf-3974588adc9c","element-6066-11e4-a52e-4f735466cecf":"1ee2331f-bb5c-404d-aacf-3974588adc9c"}}
[debug] &amp#27;[35m[W3C (b272cf1a)]&amp#27;[39m Responding to client with driver.findElement() result: {"element-6066-11e4-a52e-4f735466cecf":"1ee2331f-bb5c-404d-aacf-3974588adc9c","ELEMENT":"1ee2331f-bb5c-404d-aacf-3974588adc9c"}
&amp#27;[35m[HTTP]&amp#27;[39m &amp#27;[37m<-- POST /wd/hub/session/b272cf1a-f85a-4b52-a291-26c3f619f360/element &amp#27;[39m&amp#27;[32m200&amp#27;[39m &amp#27;[90m6158 ms - 137&amp#27;[39m
&amp#27;[35m[HTTP]&amp#27;[39m &amp#27;[90m&amp#27;[39m
&amp#27;[35m[HTTP]&amp#27;[39m &amp#27;[37m-->&amp#27;[39m &amp#27;[37mPOST&amp#27;[39m &amp#27;[37m/wd/hub/session/b272cf1a-f85a-4b52-a291-26c3f619f360/element/1ee2331f-bb5c-404d-aacf-3974588adc9c/click&amp#27;[39m
&amp#27;[35m[HTTP]&amp#27;[39m &amp#27;[90m{"id":"1ee2331f-bb5c-404d-aacf-3974588adc9c"}&amp#27;[39m
[debug] &amp#27;[35m[W3C (b272cf1a)]&amp#27;[39m Calling AppiumDriver.click() with args: ["1ee2331f-bb5c-404d-aacf-3974588adc9c","b272cf1a-f85a-4b52-a291-26c3f619f360"]
[debug] &amp#27;[35m[WD Proxy]&amp#27;[39m Matched '/element/1ee2331f-bb5c-404d-aacf-3974588adc9c/click' to command name 'click'
[debug] &amp#27;[35m[WD Proxy]&amp#27;[39m Proxying [POST /element/1ee2331f-bb5c-404d-aacf-3974588adc9c/click] to [POST http://127.0.0.1:8200/wd/hub/session/2cd092eb-42bb-4c45-85de-eb83396155f7/element/1ee2331f-bb5c-404d-aacf-3974588adc9c/click] with body: {"element":"1ee2331f-bb5c-404d-aacf-3974588adc9c"}
[debug] &amp#27;[35m[WD Proxy]&amp#27;[39m Got response with status 200: {"sessionId":"2cd092eb-42bb-4c45-85de-eb83396155f7","value":null}
[debug] &amp#27;[35m[W3C (b272cf1a)]&amp#27;[39m Responding to client with driver.click() result: null
&amp#27;[35m[HTTP]&amp#27;[39m &amp#27;[37m<-- POST /wd/hub/session/b272cf1a-f85a-4b52-a291-26c3f619f360/element/1ee2331f-bb5c-404d-aacf-3974588adc9c/click &amp#27;[39m&amp#27;[32m200&amp#27;[39m &amp#27;[90m3044 ms - 14&amp#27;[39m
&amp#27;[35m[HTTP]&amp#27;[39m &amp#27;[90m&amp#27;[39m
&amp#27;[35m[HTTP]&amp#27;[39m &amp#27;[37m-->&amp#27;[39m &amp#27;[37mPOST&amp#27;[39m &amp#27;[37m/wd/hub/session/b272cf1a-f85a-4b52-a291-26c3f619f360/element&amp#27;[39m
&amp#27;[35m[HTTP]&amp#27;[39m &amp#27;[90m{"using":"class name","value":"android.view.View"}&amp#27;[39m
[debug] &amp#27;[35m[W3C (b272cf1a)]&amp#27;[39m Calling AppiumDriver.findElement() with args: ["class name","android.view.View","b272cf1a-f85a-4b52-a291-26c3f619f360"]
[debug] &amp#27;[35m[BaseDriver]&amp#27;[39m Valid locator strategies for this request: xpath, id, class name, accessibility id, -android uiautomator
[debug] &amp#27;[35m[BaseDriver]&amp#27;[39m Waiting up to 30000 ms for condition
[debug] &amp#27;[35m[WD Proxy]&amp#27;[39m Matched '/element' to command name 'findElement'
[debug] &amp#27;[35m[WD Proxy]&amp#27;[39m Proxying [POST /element] to [POST http://127.0.0.1:8200/wd/hub/session/2cd092eb-42bb-4c45-85de-eb83396155f7/element] with body: {"strategy":"class name","selector":"android.view.View","context":"","multiple":false}
&amp#27;[35m[WD Proxy]&amp#27;[39m Got response with status 404: {"sessionId":"2cd092eb-42bb-4c45-85de-eb83396155f7","value":{"error":"no such element","message":"An element could not be located on the page using the given search parameters","stacktrace":"io.appium.uiautomator2.common.exceptions.ElementNotFoundException: An element could not be located on the page using the given search parameters\n\tat io.appium.uiautomator2.handler.FindElement.safeHandle(FindElement.java:78)\n\tat io.appium.uiautomator2.handler.request.SafeRequestHandler.handle(SafeRequestHandler.java:38)\n\tat io.appium.uiautomator2.server.AppiumServlet.handleRequest(AppiumServlet.java:252)\n\tat io.appium.uiautomator2.server.AppiumServlet.handleHttpRequest(AppiumServlet.java:242)\n\tat io.appium.uiautomator2.http.ServerHandler.channelRead(ServerHandler.java:51)\n\tat io.netty.channel.AbstractChannelHandlerContext.invokeChannelRead(AbstractChannelHandlerContext.java:366)\n\tat io.netty.channel.AbstractChannelHandlerContext.invokeChannelRead(AbstractChannelHandlerContext.java:352)\n\tat io.netty.chann...
[debug] &amp#27;[35m[W3C]&amp#27;[39m Matched W3C error code 'no such element' to NoSuchElementError
[debug] &amp#27;[35m[BaseDriver]&amp#27;[39m Waited for 239 ms so far
[debug] &amp#27;[35m[WD Proxy]&amp#27;[39m Matched '/element' to command name 'findElement'
[debug] &amp#27;[35m[WD Proxy]&amp#27;[39m Proxying [POST /element] to [POST http://127.0.0.1:8200/wd/hub/session/2cd092eb-42bb-4c45-85de-eb83396155f7/element] with body: {"strategy":"class name","selector":"android.view.View","context":"","multiple":false}
&amp#27;[35m[WD Proxy]&amp#27;[39m Got response with status 404: {"sessionId":"2cd092eb-42bb-4c45-85de-eb83396155f7","value":{"error":"no such element","message":"An element could not be located on the page using the given search parameters","stacktrace":"io.appium.uiautomator2.common.exceptions.ElementNotFoundException: An element could not be located on the page using the given search parameters\n\tat io.appium.uiautomator2.handler.FindElement.safeHandle(FindElement.java:78)\n\tat io.appium.uiautomator2.handler.request.SafeRequestHandler.handle(SafeRequestHandler.java:38)\n\tat io.appium.uiautomator2.server.AppiumServlet.handleRequest(AppiumServlet.java:252)\n\tat io.appium.uiautomator2.server.AppiumServlet.handleHttpRequest(AppiumServlet.java:242)\n\tat io.appium.uiautomator2.http.ServerHandler.channelRead(ServerHandler.java:51)\n\tat io.netty.channel.AbstractChannelHandlerContext.invokeChannelRead(AbstractChannelHandlerContext.java:366)\n\tat io.netty.channel.AbstractChannelHandlerContext.invokeChannelRead(AbstractChannelHandlerContext.java:352)\n\tat io.netty.chann...
[debug] &amp#27;[35m[W3C]&amp#27;[39m Matched W3C error code 'no such element' to NoSuchElementError
[debug] &amp#27;[35m[BaseDriver]&amp#27;[39m Waited for 771 ms so far
[debug] &amp#27;[35m[WD Proxy]&amp#27;[39m Matched '/element' to command name 'findElement'
[debug] &amp#27;[35m[WD Proxy]&amp#27;[39m Proxying [POST /element] to [POST http://127.0.0.1:8200/wd/hub/session/2cd092eb-42bb-4c45-85de-eb83396155f7/element] with body: {"strategy":"class name","selector":"android.view.View","context":"","multiple":false}
&amp#27;[35m[WD Proxy]&amp#27;[39m Got response with status 404: {"sessionId":"2cd092eb-42bb-4c45-85de-eb83396155f7","value":{"error":"no such element","message":"An element could not be located on the page using the given search parameters","stacktrace":"io.appium.uiautomator2.common.exceptions.ElementNotFoundException: An element could not be located on the page using the given search parameters\n\tat io.appium.uiautomator2.handler.FindElement.safeHandle(FindElement.java:78)\n\tat io.appium.uiautomator2.handler.request.SafeRequestHandler.handle(SafeRequestHandler.java:38)\n\tat io.appium.uiautomator2.server.AppiumServlet.handleRequest(AppiumServlet.java:252)\n\tat io.appium.uiautomator2.server.AppiumServlet.handleHttpRequest(AppiumServlet.java:242)\n\tat io.appium.uiautomator2.http.ServerHandler.channelRead(ServerHandler.java:51)\n\tat io.netty.channel.AbstractChannelHandlerContext.invokeChannelRead(AbstractChannelHandlerContext.java:366)\n\tat io.netty.channel.AbstractChannelHandlerContext.invokeChannelRead(AbstractChannelHandlerContext.java:352)\n\tat io.netty.chann...
[debug] &amp#27;[35m[W3C]&amp#27;[39m Matched W3C error code 'no such element' to NoSuchElementError
[debug] &amp#27;[35m[BaseDriver]&amp#27;[39m Waited for 1316 ms so far
[debug] &amp#27;[35m[WD Proxy]&amp#27;[39m Matched '/element' to command name 'findElement'
[debug] &amp#27;[35m[WD Proxy]&amp#27;[39m Proxying [POST /element] to [POST http://127.0.0.1:8200/wd/hub/session/2cd092eb-42bb-4c45-85de-eb83396155f7/element] with body: {"strategy":"class name","selector":"android.view.View","context":"","multiple":false}
[debug] &amp#27;[35m[WD Proxy]&amp#27;[39m Got response with status 200: {"sessionId":"2cd092eb-42bb-4c45-85de-eb83396155f7","value":{"ELEMENT":"1318a730-bda2-4262-8a6f-a0a2994a1dc1","element-6066-11e4-a52e-4f735466cecf":"1318a730-bda2-4262-8a6f-a0a2994a1dc1"}}
[debug] &amp#27;[35m[W3C (b272cf1a)]&amp#27;[39m Responding to client with driver.findElement() result: {"element-6066-11e4-a52e-4f735466cecf":"1318a730-bda2-4262-8a6f-a0a2994a1dc1","ELEMENT":"1318a730-bda2-4262-8a6f-a0a2994a1dc1"}
&amp#27;[35m[HTTP]&amp#27;[39m &amp#27;[37m<-- POST /wd/hub/session/b272cf1a-f85a-4b52-a291-26c3f619f360/element &amp#27;[39m&amp#27;[32m200&amp#27;[39m &amp#27;[90m2099 ms - 137&amp#27;[39m
&amp#27;[35m[HTTP]&amp#27;[39m &amp#27;[90m&amp#27;[39m
&amp#27;[35m[HTTP]&amp#27;[39m &amp#27;[37m-->&amp#27;[39m &amp#27;[37mGET&amp#27;[39m &amp#27;[37m/wd/hub/session/b272cf1a-f85a-4b52-a291-26c3f619f360/element/1318a730-bda2-4262-8a6f-a0a2994a1dc1/text&amp#27;[39m
&amp#27;[35m[HTTP]&amp#27;[39m &amp#27;[90m{}&amp#27;[39m
&amp#27;[35m[W3C (b272cf1a)]&amp#27;[39m Driver proxy active, passing request on via HTTP proxy
[debug] &amp#27;[35m[WD Proxy]&amp#27;[39m Matched '/wd/hub/session/b272cf1a-f85a-4b52-a291-26c3f619f360/element/1318a730-bda2-4262-8a6f-a0a2994a1dc1/text' to command name 'getText'
[debug] &amp#27;[35m[WD Proxy]&amp#27;[39m Proxying [GET /wd/hub/session/b272cf1a-f85a-4b52-a291-26c3f619f360/element/1318a730-bda2-4262-8a6f-a0a2994a1dc1/text] to [GET http://127.0.0.1:8200/wd/hub/session/2cd092eb-42bb-4c45-85de-eb83396155f7/element/1318a730-bda2-4262-8a6f-a0a2994a1dc1/text] with body: {}
[debug] &amp#27;[35m[WD Proxy]&amp#27;[39m Got response with status 200: {"sessionId":"2cd092eb-42bb-4c45-85de-eb83396155f7","value":"Khan Academy for Android"}
&amp#27;[35m[WD Proxy]&amp#27;[39m Replacing sessionId 2cd092eb-42bb-4c45-85de-eb83396155f7 with b272cf1a-f85a-4b52-a291-26c3f619f360
&amp#27;[35m[HTTP]&amp#27;[39m &amp#27;[37m<-- GET /wd/hub/session/b272cf1a-f85a-4b52-a291-26c3f619f360/element/1318a730-bda2-4262-8a6f-a0a2994a1dc1/text &amp#27;[39m&amp#27;[32m200&amp#27;[39m &amp#27;[90m24 ms - 87&amp#27;[39m
&amp#27;[35m[HTTP]&amp#27;[39m &amp#27;[90m&amp#27;[39m
Khan Academy for Android
&amp#27;[35m[HTTP]&amp#27;[39m &amp#27;[37m-->&amp#27;[39m &amp#27;[37mPOST&amp#27;[39m &amp#27;[37m/wd/hub/session/b272cf1a-f85a-4b52-a291-26c3f619f360/appium/device/press_keycode&amp#27;[39m
&amp#27;[35m[HTTP]&amp#27;[39m &amp#27;[90m{"keycode":4}&amp#27;[39m
[debug] &amp#27;[35m[W3C (b272cf1a)]&amp#27;[39m Calling AppiumDriver.pressKeyCode() with args: [4,null,null,null,null,"b272cf1a-f85a-4b52-a291-26c3f619f360"]
[debug] &amp#27;[35m[WD Proxy]&amp#27;[39m Matched '/appium/device/press_keycode' to command name 'pressKeyCode'
[debug] &amp#27;[35m[WD Proxy]&amp#27;[39m Proxying [POST /appium/device/press_keycode] to [POST http://127.0.0.1:8200/wd/hub/session/2cd092eb-42bb-4c45-85de-eb83396155f7/appium/device/press_keycode] with body: {"keycode":4,"metastate":null,"flags":null}
[debug] &amp#27;[35m[WD Proxy]&amp#27;[39m Got response with status 200: {"sessionId":"2cd092eb-42bb-4c45-85de-eb83396155f7","value":null}
[debug] &amp#27;[35m[W3C (b272cf1a)]&amp#27;[39m Responding to client with driver.pressKeyCode() result: null
&amp#27;[35m[HTTP]&amp#27;[39m &amp#27;[37m<-- POST /wd/hub/session/b272cf1a-f85a-4b52-a291-26c3f619f360/appium/device/press_keycode &amp#27;[39m&amp#27;[32m200&amp#27;[39m &amp#27;[90m47 ms - 14&amp#27;[39m
&amp#27;[35m[HTTP]&amp#27;[39m &amp#27;[90m&amp#27;[39m
&amp#27;[35m[HTTP]&amp#27;[39m &amp#27;[37m-->&amp#27;[39m &amp#27;[37mGET&amp#27;[39m &amp#27;[37m/wd/hub/session/b272cf1a-f85a-4b52-a291-26c3f619f360/contexts&amp#27;[39m
&amp#27;[35m[HTTP]&amp#27;[39m &amp#27;[90m{}&amp#27;[39m
[debug] &amp#27;[35m[W3C (b272cf1a)]&amp#27;[39m Calling AppiumDriver.getContexts() with args: ["b272cf1a-f85a-4b52-a291-26c3f619f360"]
[debug] &amp#27;[35m[AndroidDriver]&amp#27;[39m Getting a list of available webviews
[debug] &amp#27;[35m[ADB]&amp#27;[39m Running 'C:\Users\PrathibhaBN\AppData\Local\Android\Sdk\platform-tools\adb.exe -P 5037 -s emulator-5554 shell cat /proc/net/unix'
&amp#27;[35m[AndroidDriver]&amp#27;[39m Not checking whether webviews have active pages; use the 'ensureWebviewsHavePages' cap to turn this check on
[debug] &amp#27;[35m[AndroidDriver]&amp#27;[39m WEBVIEW_26547 mapped to pid 26547
[debug] &amp#27;[35m[AndroidDriver]&amp#27;[39m Getting process name for webview
[debug] &amp#27;[35m[ADB]&amp#27;[39m Running 'C:\Users\PrathibhaBN\AppData\Local\Android\Sdk\platform-tools\adb.exe -P 5037 -s emulator-5554 shell ps'
[debug] &amp#27;[35m[AndroidDriver]&amp#27;[39m Parsed pid: '26547' pkg: 'org.khanacademy.android' from
[debug] &amp#27;[35m[AndroidDriver]&amp#27;[39m     USER           PID  PPID     VSZ    RSS WCHAN            ADDR S NAME
[debug] &amp#27;[35m[AndroidDriver]&amp#27;[39m     u0_a85       26547  1474 1732788 229572 SyS_epoll_wait      0 S org.khanacademy.android
[debug] &amp#27;[35m[AndroidDriver]&amp#27;[39m Returning process name: 'org.khanacademy.android'
[debug] &amp#27;[35m[AndroidDriver]&amp#27;[39m Found webviews: ["WEBVIEW_org.khanacademy.android"]
[debug] &amp#27;[35m[AndroidDriver]&amp#27;[39m Available contexts: ["NATIVE_APP","WEBVIEW_org.khanacademy.android"]
[debug] &amp#27;[35m[W3C (b272cf1a)]&amp#27;[39m Responding to client with driver.getContexts() result: ["NATIVE_APP","WEBVIEW_org.khanacademy.android"]
&amp#27;[35m[HTTP]&amp#27;[39m &amp#27;[37m<-- GET /wd/hub/session/b272cf1a-f85a-4b52-a291-26c3f619f360/contexts &amp#27;[39m&amp#27;[32m200&amp#27;[39m &amp#27;[90m210 ms - 58&amp#27;[39m
&amp#27;[35m[HTTP]&amp#27;[39m &amp#27;[90m&amp#27;[39m
NATIVE_APP
WEBVIEW_org.khanacademy.android
&amp#27;[35m[HTTP]&amp#27;[39m &amp#27;[37m-->&amp#27;[39m &amp#27;[37mPOST&amp#27;[39m &amp#27;[37m/wd/hub/session/b272cf1a-f85a-4b52-a291-26c3f619f360/context&amp#27;[39m
&amp#27;[35m[HTTP]&amp#27;[39m &amp#27;[90m{"name":"NATIVE_APP"}&amp#27;[39m
[debug] &amp#27;[35m[W3C (b272cf1a)]&amp#27;[39m Calling AppiumDriver.setContext() with args: ["NATIVE_APP","b272cf1a-f85a-4b52-a291-26c3f619f360"]
[debug] &amp#27;[35m[W3C (b272cf1a)]&amp#27;[39m Responding to client with driver.setContext() result: null
&amp#27;[35m[HTTP]&amp#27;[39m &amp#27;[37m<-- POST /wd/hub]]></system-out>
  </testcase>
  <testcase name="TC4" classname="SDET_Appium.Mobile_assessment_new.Hybridclass" time="30.661">
    <system-out><![CDATA[/session/b272cf1a-f85a-4b52-a291-26c3f619f360/context &amp#27;[39m&amp#27;[32m200&amp#27;[39m &amp#27;[90m4 ms - 14&amp#27;[39m
&amp#27;[35m[HTTP]&amp#27;[39m &amp#27;[90m&amp#27;[39m
&amp#27;[35m[HTTP]&amp#27;[39m &amp#27;[37m-->&amp#27;[39m &amp#27;[37mPOST&amp#27;[39m &amp#27;[37m/wd/hub/session/b272cf1a-f85a-4b52-a291-26c3f619f360/element&amp#27;[39m
&amp#27;[35m[HTTP]&amp#27;[39m &amp#27;[90m{"using":"xpath","value":".//*[@text='Manage teachers']"}&amp#27;[39m
[debug] &amp#27;[35m[W3C (b272cf1a)]&amp#27;[39m Calling AppiumDriver.findElement() with args: ["xpath",".//*[@text='Manage teachers']","b272cf1a-f85a-4b52-a291-26c3f619f360"]
[debug] &amp#27;[35m[BaseDriver]&amp#27;[39m Valid locator strategies for this request: xpath, id, class name, accessibility id, -android uiautomator
[debug] &amp#27;[35m[BaseDriver]&amp#27;[39m Waiting up to 30000 ms for condition
[debug] &amp#27;[35m[WD Proxy]&amp#27;[39m Matched '/element' to command name 'findElement'
[debug] &amp#27;[35m[WD Proxy]&amp#27;[39m Proxying [POST /element] to [POST http://127.0.0.1:8200/wd/hub/session/2cd092eb-42bb-4c45-85de-eb83396155f7/element] with body: {"strategy":"xpath","selector":".//*[@text='Manage teachers']","context":"","multiple":false}
[debug] &amp#27;[35m[WD Proxy]&amp#27;[39m Got response with status 200: {"sessionId":"2cd092eb-42bb-4c45-85de-eb83396155f7","value":{"ELEMENT":"81c2367d-a5ca-4939-8896-4e9bcec4bca2","element-6066-11e4-a52e-4f735466cecf":"81c2367d-a5ca-4939-8896-4e9bcec4bca2"}}
[debug] &amp#27;[35m[W3C (b272cf1a)]&amp#27;[39m Responding to client with driver.findElement() result: {"element-6066-11e4-a52e-4f735466cecf":"81c2367d-a5ca-4939-8896-4e9bcec4bca2","ELEMENT":"81c2367d-a5ca-4939-8896-4e9bcec4bca2"}
&amp#27;[35m[HTTP]&amp#27;[39m &amp#27;[37m<-- POST /wd/hub/session/b272cf1a-f85a-4b52-a291-26c3f619f360/element &amp#27;[39m&amp#27;[32m200&amp#27;[39m &amp#27;[90m412 ms - 137&amp#27;[39m
&amp#27;[35m[HTTP]&amp#27;[39m &amp#27;[90m&amp#27;[39m
&amp#27;[35m[HTTP]&amp#27;[39m &amp#27;[37m-->&amp#27;[39m &amp#27;[37mPOST&amp#27;[39m &amp#27;[37m/wd/hub/session/b272cf1a-f85a-4b52-a291-26c3f619f360/element/81c2367d-a5ca-4939-8896-4e9bcec4bca2/click&amp#27;[39m
&amp#27;[35m[HTTP]&amp#27;[39m &amp#27;[90m{"id":"81c2367d-a5ca-4939-8896-4e9bcec4bca2"}&amp#27;[39m
[debug] &amp#27;[35m[W3C (b272cf1a)]&amp#27;[39m Calling AppiumDriver.click() with args: ["81c2367d-a5ca-4939-8896-4e9bcec4bca2","b272cf1a-f85a-4b52-a291-26c3f619f360"]
[debug] &amp#27;[35m[WD Proxy]&amp#27;[39m Matched '/element/81c2367d-a5ca-4939-8896-4e9bcec4bca2/click' to command name 'click'
[debug] &amp#27;[35m[WD Proxy]&amp#27;[39m Proxying [POST /element/81c2367d-a5ca-4939-8896-4e9bcec4bca2/click] to [POST http://127.0.0.1:8200/wd/hub/session/2cd092eb-42bb-4c45-85de-eb83396155f7/element/81c2367d-a5ca-4939-8896-4e9bcec4bca2/click] with body: {"element":"81c2367d-a5ca-4939-8896-4e9bcec4bca2"}
[debug] &amp#27;[35m[WD Proxy]&amp#27;[39m Got response with status 200: {"sessionId":"2cd092eb-42bb-4c45-85de-eb83396155f7","value":null}
[debug] &amp#27;[35m[W3C (b272cf1a)]&amp#27;[39m Responding to client with driver.click() result: null
&amp#27;[35m[HTTP]&amp#27;[39m &amp#27;[37m<-- POST /wd/hub/session/b272cf1a-f85a-4b52-a291-26c3f619f360/element/81c2367d-a5ca-4939-8896-4e9bcec4bca2/click &amp#27;[39m&amp#27;[32m200&amp#27;[39m &amp#27;[90m40 ms - 14&amp#27;[39m
&amp#27;[35m[HTTP]&amp#27;[39m &amp#27;[90m&amp#27;[39m
&amp#27;[35m[HTTP]&amp#27;[39m &amp#27;[37m-->&amp#27;[39m &amp#27;[37mPOST&amp#27;[39m &amp#27;[37m/wd/hub/session/b272cf1a-f85a-4b52-a291-26c3f619f360/element&amp#27;[39m
&amp#27;[35m[HTTP]&amp#27;[39m &amp#27;[90m{"using":"xpath","value":".//*[@text='Add a teacher']"}&amp#27;[39m
[debug] &amp#27;[35m[W3C (b272cf1a)]&amp#27;[39m Calling AppiumDriver.findElement() with args: ["xpath",".//*[@text='Add a teacher']","b272cf1a-f85a-4b52-a291-26c3f619f360"]
[debug] &amp#27;[35m[BaseDriver]&amp#27;[39m Valid locator strategies for this request: xpath, id, class name, accessibility id, -android uiautomator
[debug] &amp#27;[35m[BaseDriver]&amp#27;[39m Waiting up to 30000 ms for condition
[debug] &amp#27;[35m[WD Proxy]&amp#27;[39m Matched '/element' to command name 'findElement'
[debug] &amp#27;[35m[WD Proxy]&amp#27;[39m Proxying [POST /element] to [POST http://127.0.0.1:8200/wd/hub/session/2cd092eb-42bb-4c45-85de-eb83396155f7/element] with body: {"strategy":"xpath","selector":".//*[@text='Add a teacher']","context":"","multiple":false}
&amp#27;[35m[WD Proxy]&amp#27;[39m Got response with status 404: {"sessionId":"2cd092eb-42bb-4c45-85de-eb83396155f7","value":{"error":"no such element","message":"An element could not be located on the page using the given search parameters","stacktrace":"io.appium.uiautomator2.common.exceptions.ElementNotFoundException: An element could not be located on the page using the given search parameters\n\tat io.appium.uiautomator2.handler.FindElement.findElement(FindElement.java:102)\n\tat io.appium.uiautomator2.handler.FindElement.safeHandle(FindElement.java:72)\n\tat io.appium.uiautomator2.handler.request.SafeRequestHandler.handle(SafeRequestHandler.java:38)\n\tat io.appium.uiautomator2.server.AppiumServlet.handleRequest(AppiumServlet.java:252)\n\tat io.appium.uiautomator2.server.AppiumServlet.handleHttpRequest(AppiumServlet.java:242)\n\tat io.appium.uiautomator2.http.ServerHandler.channelRead(ServerHandler.java:51)\n\tat io.netty.channel.AbstractChannelHandlerContext.invokeChannelRead(AbstractChannelHandlerContext.java:366)\n\tat io.netty.channel.AbstractChannelHandlerCon...
[debug] &amp#27;[35m[W3C]&amp#27;[39m Matched W3C error code 'no such element' to NoSuchElementError
[debug] &amp#27;[35m[BaseDriver]&amp#27;[39m Waited for 155 ms so far
[debug] &amp#27;[35m[WD Proxy]&amp#27;[39m Matched '/element' to command name 'findElement'
[debug] &amp#27;[35m[WD Proxy]&amp#27;[39m Proxying [POST /element] to [POST http://127.0.0.1:8200/wd/hub/session/2cd092eb-42bb-4c45-85de-eb83396155f7/element] with body: {"strategy":"xpath","selector":".//*[@text='Add a teacher']","context":"","multiple":false}
[debug] &amp#27;[35m[WD Proxy]&amp#27;[39m Got response with status 200: {"sessionId":"2cd092eb-42bb-4c45-85de-eb83396155f7","value":{"ELEMENT":"3a555583-bf76-4888-a2ed-e4d890917e8b","element-6066-11e4-a52e-4f735466cecf":"3a555583-bf76-4888-a2ed-e4d890917e8b"}}
[debug] &amp#27;[35m[W3C (b272cf1a)]&amp#27;[39m Responding to client with driver.findElement() result: {"element-6066-11e4-a52e-4f735466cecf":"3a555583-bf76-4888-a2ed-e4d890917e8b","ELEMENT":"3a555583-bf76-4888-a2ed-e4d890917e8b"}
&amp#27;[35m[HTTP]&amp#27;[39m &amp#27;[37m<-- POST /wd/hub/session/b272cf1a-f85a-4b52-a291-26c3f619f360/element &amp#27;[39m&amp#27;[32m200&amp#27;[39m &amp#27;[90m2044 ms - 137&amp#27;[39m
&amp#27;[35m[HTTP]&amp#27;[39m &amp#27;[90m&amp#27;[39m
&amp#27;[35m[HTTP]&amp#27;[39m &amp#27;[37m-->&amp#27;[39m &amp#27;[37mPOST&amp#27;[39m &amp#27;[37m/wd/hub/session/b272cf1a-f85a-4b52-a291-26c3f619f360/element/3a555583-bf76-4888-a2ed-e4d890917e8b/click&amp#27;[39m
&amp#27;[35m[HTTP]&amp#27;[39m &amp#27;[90m{"id":"3a555583-bf76-4888-a2ed-e4d890917e8b"}&amp#27;[39m
[debug] &amp#27;[35m[W3C (b272cf1a)]&amp#27;[39m Calling AppiumDriver.click() with args: ["3a555583-bf76-4888-a2ed-e4d890917e8b","b272cf1a-f85a-4b52-a291-26c3f619f360"]
[debug] &amp#27;[35m[WD Proxy]&amp#27;[39m Matched '/element/3a555583-bf76-4888-a2ed-e4d890917e8b/click' to command name 'click'
[debug] &amp#27;[35m[WD Proxy]&amp#27;[39m Proxying [POST /element/3a555583-bf76-4888-a2ed-e4d890917e8b/click] to [POST http://127.0.0.1:8200/wd/hub/session/2cd092eb-42bb-4c45-85de-eb83396155f7/element/3a555583-bf76-4888-a2ed-e4d890917e8b/click] with body: {"element":"3a555583-bf76-4888-a2ed-e4d890917e8b"}
[debug] &amp#27;[35m[WD Proxy]&amp#27;[39m Got response with status 200: {"sessionId":"2cd092eb-42bb-4c45-85de-eb83396155f7","value":null}
[debug] &amp#27;[35m[W3C (b272cf1a)]&amp#27;[39m Responding to client with driver.click() result: null
&amp#27;[35m[HTTP]&amp#27;[39m &amp#27;[37m<-- POST /wd/hub/session/b272cf1a-f85a-4b52-a291-26c3f619f360/element/3a555583-bf76-4888-a2ed-e4d890917e8b/click &amp#27;[39m&amp#27;[32m200&amp#27;[39m &amp#27;[90m38 ms - 14&amp#27;[39m
&amp#27;[35m[HTTP]&amp#27;[39m &amp#27;[90m&amp#27;[39m
&amp#27;[35m[HTTP]&amp#27;[39m &amp#27;[37m-->&amp#27;[39m &amp#27;[37mPOST&amp#27;[39m &amp#27;[37m/wd/hub/session/b272cf1a-f85a-4b52-a291-26c3f619f360/element&amp#27;[39m
&amp#27;[35m[HTTP]&amp#27;[39m &amp#27;[90m{"using":"accessibility id","value":"e.g. ABC123 or teacher@example.com"}&amp#27;[39m
[debug] &amp#27;[35m[W3C (b272cf1a)]&amp#27;[39m Calling AppiumDriver.findElement() with args: ["accessibility id","e.g. ABC123 or teacher@example.com","b272cf1a-f85a-4b52-a291-26c3f619f360"]
[debug] &amp#27;[35m[BaseDriver]&amp#27;[39m Valid locator strategies for this request: xpath, id, class name, accessibility id, -android uiautomator
[debug] &amp#27;[35m[BaseDriver]&amp#27;[39m Waiting up to 30000 ms for condition
[debug] &amp#27;[35m[WD Proxy]&amp#27;[39m Matched '/element' to command name 'findElement'
[debug] &amp#27;[35m[WD Proxy]&amp#27;[39m Proxying [POST /element] to [POST http://127.0.0.1:8200/wd/hub/session/2cd092eb-42bb-4c45-85de-eb83396155f7/element] with body: {"strategy":"accessibility id","selector":"e.g. ABC123 or teacher@example.com","context":"","multiple":false}
&amp#27;[35m[WD Proxy]&amp#27;[39m Got response with status 404: {"sessionId":"2cd092eb-42bb-4c45-85de-eb83396155f7","value":{"error":"no such element","message":"An element could not be located on the page using the given search parameters","stacktrace":"io.appium.uiautomator2.common.exceptions.ElementNotFoundException: An element could not be located on the page using the given search parameters\n\tat io.appium.uiautomator2.handler.FindElement.safeHandle(FindElement.java:78)\n\tat io.appium.uiautomator2.handler.request.SafeRequestHandler.handle(SafeRequestHandler.java:38)\n\tat io.appium.uiautomator2.server.AppiumServlet.handleRequest(AppiumServlet.java:252)\n\tat io.appium.uiautomator2.server.AppiumServlet.handleHttpRequest(AppiumServlet.java:242)\n\tat io.appium.uiautomator2.http.ServerHandler.channelRead(ServerHandler.java:51)\n\tat io.netty.channel.AbstractChannelHandlerContext.invokeChannelRead(AbstractChannelHandlerContext.java:366)\n\tat io.netty.channel.AbstractChannelHandlerContext.invokeChannelRead(AbstractChannelHandlerContext.java:352)\n\tat io.netty.chann...
[debug] &amp#27;[35m[W3C]&amp#27;[39m Matched W3C error code 'no such element' to NoSuchElementError
[debug] &amp#27;[35m[BaseDriver]&amp#27;[39m Waited for 61 ms so far
[debug] &amp#27;[35m[WD Proxy]&amp#27;[39m Matched '/element' to command name 'findElement'
[debug] &amp#27;[35m[WD Proxy]&amp#27;[39m Proxying [POST /element] to [POST http://127.0.0.1:8200/wd/hub/session/2cd092eb-42bb-4c45-85de-eb83396155f7/element] with body: {"strategy":"accessibility id","selector":"e.g. ABC123 or teacher@example.com","context":"","multiple":false}
[debug] &amp#27;[35m[WD Proxy]&amp#27;[39m Got response with status 200: {"sessionId":"2cd092eb-42bb-4c45-85de-eb83396155f7","value":{"ELEMENT":"200e34cc-e3c8-44c8-bb05-c960b5b915c4","element-6066-11e4-a52e-4f735466cecf":"200e34cc-e3c8-44c8-bb05-c960b5b915c4"}}
[debug] &amp#27;[35m[W3C (b272cf1a)]&amp#27;[39m Responding to client with driver.findElement() result: {"element-6066-11e4-a52e-4f735466cecf":"200e34cc-e3c8-44c8-bb05-c960b5b915c4","ELEMENT":"200e34cc-e3c8-44c8-bb05-c960b5b915c4"}
&amp#27;[35m[HTTP]&amp#27;[39m &amp#27;[37m<-- POST /wd/hub/session/b272cf1a-f85a-4b52-a291-26c3f619f360/element &amp#27;[39m&amp#27;[32m200&amp#27;[39m &amp#27;[90m1996 ms - 137&amp#27;[39m
&amp#27;[35m[HTTP]&amp#27;[39m &amp#27;[90m&amp#27;[39m
&amp#27;[35m[HTTP]&amp#27;[39m &amp#27;[37m-->&amp#27;[39m &amp#27;[37mPOST&amp#27;[39m &amp#27;[37m/wd/hub/session/b272cf1a-f85a-4b52-a291-26c3f619f360/element/200e34cc-e3c8-44c8-bb05-c960b5b915c4/value&amp#27;[39m
&amp#27;[35m[HTTP]&amp#27;[39m &amp#27;[90m{"id":"200e34cc-e3c8-44c8-bb05-c960b5b915c4","text":"test123456@gmail.com","value":["t","e","s","t","1","2","3","4","5","6","@","g","m","a","i","l",".","c","o","m"]}&amp#27;[39m
[debug] &amp#27;[35m[W3C (b272cf1a)]&amp#27;[39m Calling AppiumDriver.setValue() with args: [["t","e","s","t","1","2","3","4","5","6","@","g","m","a","i","l",".","c","o","m"],"200e34cc-e3c8-44c8-bb05-c960b5b915c4","b272cf1a-f85a-4b52-a291-26c3f619f360"]
[debug] &amp#27;[35m[WD Proxy]&amp#27;[39m Matched '/element/200e34cc-e3c8-44c8-bb05-c960b5b915c4/value' to command name 'setValue'
[debug] &amp#27;[35m[Protocol Converter]&amp#27;[39m Added 'value' property ["t","e","s","t","1","2","3","4","5","6","@","g","m","a","i","l",".","c","o","m"] to 'setValue' request body
[debug] &amp#27;[35m[WD Proxy]&amp#27;[39m Proxying [POST /element/200e34cc-e3c8-44c8-bb05-c960b5b915c4/value] to [POST http://127.0.0.1:8200/wd/hub/session/2cd092eb-42bb-4c45-85de-eb83396155f7/element/200e34cc-e3c8-44c8-bb05-c960b5b915c4/value] with body: {"elementId":"200e34cc-e3c8-44c8-bb05-c960b5b915c4","text":"test123456@gmail.com","replace":false,"value":["t","e","s","t","1","2","3","4","5","6","@","g","m","a","i","l",".","c","o","m"]}
[debug] &amp#27;[35m[WD Proxy]&amp#27;[39m Got response with status 200: {"sessionId":"2cd092eb-42bb-4c45-85de-eb83396155f7","value":null}
[debug] &amp#27;[35m[W3C (b272cf1a)]&amp#27;[39m Responding to client with driver.setValue() result: null
&amp#27;[35m[HTTP]&amp#27;[39m &amp#27;[37m<-- POST /wd/hub/session/b272cf1a-f85a-4b52-a291-26c3f619f360/element/200e34cc-e3c8-44c8-bb05-c960b5b915c4/value &amp#27;[39m&amp#27;[32m200&amp#27;[39m &amp#27;[90m1045 ms - 14&amp#27;[39m
&amp#27;[35m[HTTP]&amp#27;[39m &amp#27;[90m&amp#27;[39m
&amp#27;[35m[HTTP]&amp#27;[39m &amp#27;[37m-->&amp#27;[39m &amp#27;[37mPOST&amp#27;[39m &amp#27;[37m/wd/hub/session/b272cf1a-f85a-4b52-a291-26c3f619f360/element&amp#27;[39m
&amp#27;[35m[HTTP]&amp#27;[39m &amp#27;[90m{"using":"xpath","value":".//*[@text='ADD']"}&amp#27;[39m
[debug] &amp#27;[35m[W3C (b272cf1a)]&amp#27;[39m Calling AppiumDriver.findElement() with args: ["xpath",".//*[@text='ADD']","b272cf1a-f85a-4b52-a291-26c3f619f360"]
[debug] &amp#27;[35m[BaseDriver]&amp#27;[39m Valid locator strategies for this request: xpath, id, class name, accessibility id, -android uiautomator
[debug] &amp#27;[35m[BaseDriver]&amp#27;[39m Waiting up to 30000 ms for condition
[debug] &amp#27;[35m[WD Proxy]&amp#27;[39m Matched '/element' to command name 'findElement'
[debug] &amp#27;[35m[WD Proxy]&amp#27;[39m Proxying [POST /element] to [POST http://127.0.0.1:8200/wd/hub/session/2cd092eb-42bb-4c45-85de-eb83396155f7/element] with body: {"strategy":"xpath","selector":".//*[@text='ADD']","context":"","multiple":false}
[debug] &amp#27;[35m[WD Proxy]&amp#27;[39m Got response with status 200: {"sessionId":"2cd092eb-42bb-4c45-85de-eb83396155f7","value":{"ELEMENT":"4089f91f-cfce-4103-8deb-25a8a10be2d3","element-6066-11e4-a52e-4f735466cecf":"4089f91f-cfce-4103-8deb-25a8a10be2d3"}}
[debug] &amp#27;[35m[W3C (b272cf1a)]&amp#27;[39m Responding to client with driver.findElement() result: {"element-6066-11e4-a52e-4f735466cecf":"4089f91f-cfce-4103-8deb-25a8a10be2d3","ELEMENT":"4089f91f-cfce-4103-8deb-25a8a10be2d3"}
&amp#27;[35m[HTTP]&amp#27;[39m &amp#27;[37m<-- POST /wd/hub/session/b272cf1a-f85a-4b52-a291-26c3f619f360/element &amp#27;[39m&amp#27;[32m200&amp#27;[39m &amp#27;[90m883 ms - 137&amp#27;[39m
&amp#27;[35m[HTTP]&amp#27;[39m &amp#27;[90m&amp#27;[39m
&amp#27;[35m[HTTP]&amp#27;[39m &amp#27;[37m-->&amp#27;[39m &amp#27;[37mPOST&amp#27;[39m &amp#27;[37m/wd/hub/session/b272cf1a-f85a-4b52-a291-26c3f619f360/element/4089f91f-cfce-4103-8deb-25a8a10be2d3/click&amp#27;[39m
&amp#27;[35m[HTTP]&amp#27;[39m &amp#27;[90m{"id":"4089f91f-cfce-4103-8deb-25a8a10be2d3"}&amp#27;[39m
[debug] &amp#27;[35m[W3C (b272cf1a)]&amp#27;[39m Calling AppiumDriver.click() with args: ["4089f91f-cfce-4103-8deb-25a8a10be2d3","b272cf1a-f85a-4b52-a291-26c3f619f360"]
[debug] &amp#27;[35m[WD Proxy]&amp#27;[39m Matched '/element/4089f91f-cfce-4103-8deb-25a8a10be2d3/click' to command name 'click'
[debug] &amp#27;[35m[WD Proxy]&amp#27;[39m Proxying [POST /element/4089f91f-cfce-4103-8deb-25a8a10be2d3/click] to [POST http://127.0.0.1:8200/wd/hub/session/2cd092eb-42bb-4c45-85de-eb83396155f7/element/4089f91f-cfce-4103-8deb-25a8a10be2d3/click] with body: {"element":"4089f91f-cfce-4103-8deb-25a8a10be2d3"}
[debug] &amp#27;[35m[WD Proxy]&amp#27;[39m Got response with status 200: {"sessionId":"2cd092eb-42bb-4c45-85de-eb83396155f7","value":null}
[debug] &amp#27;[35m[W3C (b272cf1a)]&amp#27;[39m Responding to client with driver.click() result: null
&amp#27;[35m[HTTP]&amp#27;[39m &amp#27;[37m<-- POST /wd/hub/session/b272cf1a-f85a-4b52-a291-26c3f619f360/element/4089f91f-cfce-4103-8deb-25a8a10be2d3/click &amp#27;[39m&amp#27;[32m200&amp#27;[39m &amp#27;[90m23 ms - 14&amp#27;[39m
&amp#27;[35m[HTTP]&amp#27;[39m &amp#27;[90m&amp#27;[39m
&amp#27;[35m[HTTP]&amp#27;[39m &amp#27;[37m-->&amp#27;[39m &amp#27;[37mPOST&amp#27;[39m &amp#27;[37m/wd/hub/session/b272cf1a-f85a-4b52-a291-26c3f619f360/element&amp#27;[39m
&amp#27;[35m[HTTP]&amp#27;[39m &amp#27;[90m{"using":"xpath","value":".//*[@text='ADD']"}&amp#27;[39m
[debug] &amp#27;[35m[W3C (b272cf1a)]&amp#27;[39m Calling AppiumDriver.findElement() with args: ["xpath",".//*[@text='ADD']","b272cf1a-f85a-4b52-a291-26c3f619f360"]
[debug] &amp#27;[35m[BaseDriver]&amp#27;[39m Valid locator strategies for this request: xpath, id, class name, accessibility id, -android uiautomator
[debug] &amp#27;[35m[BaseDriver]&amp#27;[39m Waiting up to 30000 ms for condition
[debug] &amp#27;[35m[WD Proxy]&amp#27;[39m Matched '/element' to command name 'findElement'
[debug] &amp#27;[35m[WD Proxy]&amp#27;[39m Proxying [POST /element] to [POST http://127.0.0.1:8200/wd/hub/session/2cd092eb-42bb-4c45-85de-eb83396155f7/element] with body: {"strategy":"xpath","selector":".//*[@text='ADD']","context":"","multiple":false}
[debug] &amp#27;[35m[WD Proxy]&amp#27;[39m Got response with status 200: {"sessionId":"2cd092eb-42bb-4c45-85de-eb83396155f7","value":{"ELEMENT":"ce9c9df6-5182-4f05-9c69-1d18cc01c232","element-6066-11e4-a52e-4f735466cecf":"ce9c9df6-5182-4f05-9c69-1d18cc01c232"}}
[debug] &amp#27;[35m[W3C (b272cf1a)]&amp#27;[39m Responding to client with driver.findElement() result: {"element-6066-11e4-a52e-4f735466cecf":"ce9c9df6-5182-4f05-9c69-1d18cc01c232","ELEMENT":"ce9c9df6-5182-4f05-9c69-1d18cc01c232"}
&amp#27;[35m[HTTP]&amp#27;[39m &amp#27;[37m<-- POST /wd/hub/session/b272cf1a-f85a-4b52-a291-26c3f619f360/element &amp#27;[39m&amp#27;[32m200&amp#27;[39m &amp#27;[90m208 ms - 137&amp#27;[39m
&amp#27;[35m[HTTP]&amp#27;[39m &amp#27;[90m&amp#27;[39m
&amp#27;[35m[HTTP]&amp#27;[39m &amp#27;[37m-->&amp#27;[39m &amp#27;[37mPOST&amp#27;[39m &amp#27;[37m/wd/hub/session/b272cf1a-f85a-4b52-a291-26c3f619f360/element/ce9c9df6-5182-4f05-9c69-1d18cc01c232/click&amp#27;[39m
&amp#27;[35m[HTTP]&amp#27;[39m &amp#27;[90m{"id":"ce9c9df6-5182-4f05-9c69-1d18cc01c232"}&amp#27;[39m
[debug] &amp#27;[35m[W3C (b272cf1a)]&amp#27;[39m Calling AppiumDriver.click() with args: ["ce9c9df6-5182-4f05-9c69-1d18cc01c232","b272cf1a-f85a-4b52-a291-26c3f619f360"]
[debug] &amp#27;[35m[WD Proxy]&amp#27;[39m Matched '/element/ce9c9df6-5182-4f05-9c69-1d18cc01c232/click' to command name 'click'
[debug] &amp#27;[35m[WD Proxy]&amp#27;[39m Proxying [POST /element/ce9c9df6-5182-4f05-9c69-1d18cc01c232/click] to [POST http://127.0.0.1:8200/wd/hub/session/2cd092eb-42bb-4c45-85de-eb83396155f7/element/ce9c9df6-5182-4f05-9c69-1d18cc01c232/click] with body: {"element":"ce9c9df6-5182-4f05-9c69-1d18cc01c232"}
[debug] &amp#27;[35m[WD Proxy]&amp#27;[39m Got response with status 200: {"sessionId":"2cd092eb-42bb-4c45-85de-eb83396155f7","value":null}
[debug] &amp#27;[35m[W3C (b272cf1a)]&amp#27;[39m Responding to client with driver.click() result: null
&amp#27;[35m[HTTP]&amp#27;[39m &amp#27;[37m<-- POST /wd/hub/session/b272cf1a-f85a-4b52-a291-26c3f619f360/element/ce9c9df6-5182-4f05-9c69-1d18cc01c232/click &amp#27;[39m&amp#27;[32m200&amp#27;[39m &amp#27;[90m521 ms - 14&amp#27;[39m
&amp#27;[35m[HTTP]&amp#27;[39m &amp#27;[90m&amp#27;[39m
&amp#27;[35m[HTTP]&amp#27;[39m &amp#27;[37m-->&amp#27;[39m &amp#27;[37mPOST&amp#27;[39m &amp#27;[37m/wd/hub/session/b272cf1a-f85a-4b52-a291-26c3f619f360/element&amp#27;[39m
&amp#27;[35m[HTTP]&amp#27;[39m &amp#27;[90m{"using":"xpath","value":".//*[@text='DISMISS']"}&amp#27;[39m
[debug] &amp#27;[35m[W3C (b272cf1a)]&amp#27;[39m Calling AppiumDriver.findElement() with args: ["xpath",".//*[@text='DISMISS']","b272cf1a-f85a-4b52-a291-26c3f619f360"]
[debug] &amp#27;[35m[BaseDriver]&amp#27;[39m Valid locator strategies for this request: xpath, id, class name, accessibility id, -android uiautomator
[debug] &amp#27;[35m[BaseDriver]&amp#27;[39m Waiting up to 30000 ms for condition
[debug] &amp#27;[35m[WD Proxy]&amp#27;[39m Matched '/element' to command name 'findElement'
[debug] &amp#27;[35m[WD Proxy]&amp#27;[39m Proxying [POST /element] to [POST http://127.0.0.1:8200/wd/hub/session/2cd092eb-42bb-4c45-85de-eb83396155f7/element] with body: {"strategy":"xpath","selector":".//*[@text='DISMISS']","context":"","multiple":false}
[debug] &amp#27;[35m[WD Proxy]&amp#27;[39m Got response with status 200: {"sessionId":"2cd092eb-42bb-4c45-85de-eb83396155f7","value":{"ELEMENT":"ca455887-4219-4229-b1cc-915c471532b1","element-6066-11e4-a52e-4f735466cecf":"ca455887-4219-4229-b1cc-915c471532b1"}}
[debug] &amp#27;[35m[W3C (b272cf1a)]&amp#27;[39m Responding to client with driver.findElement() result: {"element-6066-11e4-a52e-4f735466cecf":"ca455887-4219-4229-b1cc-915c471532b1","ELEMENT":"ca455887-4219-4229-b1cc-915c471532b1"}
&amp#27;[35m[HTTP]&amp#27;[39m &amp#27;[37m<-- POST /wd/hub/session/b272cf1a-f85a-4b52-a291-26c3f619f360/element &amp#27;[39m&amp#27;[32m200&amp#27;[39m &amp#27;[90m53 ms - 137&amp#27;[39m
&amp#27;[35m[HTTP]&amp#27;[39m &amp#27;[90m&amp#27;[39m
&amp#27;[35m[HTTP]&amp#27;[39m &amp#27;[37m-->&amp#27;[39m &amp#27;[37mPOST&amp#27;[39m &amp#27;[37m/wd/hub/session/b272cf1a-f85a-4b52-a291-26c3f619f360/element/ca455887-4219-4229-b1cc-915c471532b1/click&amp#27;[39m
&amp#27;[35m[HTTP]&amp#27;[39m &amp#27;[90m{"id":"ca455887-4219-4229-b1cc-915c471532b1"}&amp#27;[39m
[debug] &amp#27;[35m[W3C (b272cf1a)]&amp#27;[39m Calling AppiumDriver.click() with args: ["ca455887-4219-4229-b1cc-915c471532b1","b272cf1a-f85a-4b52-a291-26c3f619f360"]
[debug] &amp#27;[35m[WD Proxy]&amp#27;[39m Matched '/element/ca455887-4219-4229-b1cc-915c471532b1/click' to command name 'click'
[debug] &amp#27;[35m[WD Proxy]&amp#27;[39m Proxying [POST /element/ca455887-4219-4229-b1cc-915c471532b1/click] to [POST http://127.0.0.1:8200/wd/hub/session/2cd092eb-42bb-4c45-85de-eb83396155f7/element/ca455887-4219-4229-b1cc-915c471532b1/click] with body: {"element":"ca455887-4219-4229-b1cc-915c471532b1"}
[debug] &amp#27;[35m[WD Proxy]&amp#27;[39m Got response with status 200: {"sessionId":"2cd092eb-42bb-4c45-85de-eb83396155f7","value":null}
[debug] &amp#27;[35m[W3C (b272cf1a)]&amp#27;[39m Responding to client with driver.click() result: null
&amp#27;[35m[HTTP]&amp#27;[39m &amp#27;[37m<-- POST /wd/hub/session/b272cf1a-f85a-4b52-a291-26c3f619f360/element/ca455887-4219-4229-b1cc-915c471532b1/click &amp#27;[39m&amp#27;[32m200&amp#27;[39m &amp#27;[90m22 ms - 14&amp#27;[39m
&amp#27;[35m[HTTP]&amp#27;[39m &amp#27;[90m&amp#27;[39m
&amp#27;[35m[HTTP]&amp#27;[39m &amp#27;[37m-->&amp#27;[39m &amp#27;[37mPOST&amp#27;[39m &amp#27;[37m/wd/hub/session/b272cf1a-f85a-4b52-a291-26c3f619f360/element&amp#27;[39m
&amp#27;[35m[HTTP]&amp#27;[39m &amp#27;[90m{"using":"accessibility id","value":"Delete"}&amp#27;[39m
[debug] &amp#27;[35m[W3C (b272cf1a)]&amp#27;[39m Calling AppiumDriver.findElement() with args: ["accessibility id","Delete","b272cf1a-f85a-4b52-a291-26c3f619f360"]
[debug] &amp#27;[35m[BaseDriver]&amp#27;[39m Valid locator strategies for this request: xpath, id, class name, accessibility id, -android uiautomator
[debug] &amp#27;[35m[BaseDriver]&amp#27;[39m Waiting up to 30000 ms for condition
[debug] &amp#27;[35m[WD Proxy]&amp#27;[39m Matched '/element' to command name 'findElement'
[debug] &amp#27;[35m[WD Proxy]&amp#27;[39m Proxying [POST /element] to [POST http://127.0.0.1:8200/wd/hub/session/2cd092eb-42bb-4c45-85de-eb83396155f7/element] with body: {"strategy":"accessibility id","selector":"Delete","context":"","multiple":false}
[debug] &amp#27;[35m[WD Proxy]&amp#27;[39m Got response with status 200: {"sessionId":"2cd092eb-42bb-4c45-85de-eb83396155f7","value":{"ELEMENT":"46d6b29f-3465-42d6-838d-f1bcaafc089a","element-6066-11e4-a52e-4f735466cecf":"46d6b29f-3465-42d6-838d-f1bcaafc089a"}}
[debug] &amp#27;[35m[W3C (b272cf1a)]&amp#27;[39m Responding to client with driver.findElement() result: {"element-6066-11e4-a52e-4f735466cecf":"46d6b29f-3465-42d6-838d-f1bcaafc089a","ELEMENT":"46d6b29f-3465-42d6-838d-f1bcaafc089a"}
&amp#27;[35m[HTTP]&amp#27;[39m &amp#27;[37m<-- POST /wd/hub/session/b272cf1a-f85a-4b52-a291-26c3f619f360/element &amp#27;[39m&amp#27;[32m200&amp#27;[39m &amp#27;[90m24 ms - 137&amp#27;[39m
&amp#27;[35m[HTTP]&amp#27;[39m &amp#27;[90m&amp#27;[39m
&amp#27;[35m[HTTP]&amp#27;[39m &amp#27;[37m-->&amp#27;[39m &amp#27;[37mPOST&amp#27;[39m &amp#27;[37m/wd/hub/session/b272cf1a-f85a-4b52-a291-26c3f619f360/element/46d6b29f-3465-42d6-838d-f1bcaafc089a/click&amp#27;[39m
&amp#27;[35m[HTTP]&amp#27;[39m &amp#27;[90m{"id":"46d6b29f-3465-42d6-838d-f1bcaafc089a"}&amp#27;[39m
[debug] &amp#27;[35m[W3C (b272cf1a)]&amp#27;[39m Calling AppiumDriver.click() with args: ["46d6b29f-3465-42d6-838d-f1bcaafc089a","b272cf1a-f85a-4b52-a291-26c3f619f360"]
[debug] &amp#27;[35m[WD Proxy]&amp#27;[39m Matched '/element/46d6b29f-3465-42d6-838d-f1bcaafc089a/click' to command name 'click'
[debug] &amp#27;[35m[WD Proxy]&amp#27;[39m Proxying [POST /element/46d6b29f-3465-42d6-838d-f1bcaafc089a/click] to [POST http://127.0.0.1:8200/wd/hub/session/2cd092eb-42bb-4c45-85de-eb83396155f7/element/46d6b29f-3465-42d6-838d-f1bcaafc089a/click] with body: {"element":"46d6b29f-3465-42d6-838d-f1bcaafc089a"}
[debug] &amp#27;[35m[WD Proxy]&amp#27;[39m Got response with status 200: {"sessionId":"2cd092eb-42bb-4c45-85de-eb83396155f7","value":null}
[debug] &amp#27;[35m[W3C (b272cf1a)]&amp#27;[39m Responding to client with driver.click() result: null
&amp#27;[35m[HTTP]&amp#27;[39m &amp#27;[37m<-- POST /wd/hub/session/b272cf1a-f85a-4b52-a291-26c3f619f360/element/46d6b29f-3465-42d6-838d-f1bcaafc089a/click &amp#27;[39m&amp#27;[32m200&amp#27;[39m &amp#27;[90m25 ms - 14&amp#27;[39m
&amp#27;[35m[HTTP]&amp#27;[39m &amp#27;[90m&amp#27;[39m
&amp#27;[35m[HTTP]&amp#27;[39m &amp#27;[37m-->&amp#27;[39m &amp#27;[37mPOST&amp#27;[39m &amp#27;[37m/wd/hub/session/b272cf1a-f85a-4b52-a291-26c3f619f360/element&amp#27;[39m
&amp#27;[35m[HTTP]&amp#27;[39m &amp#27;[90m{"using":"xpath","value":".//*[@text='REMOVE']"}&amp#27;[39m
[debug] &amp#27;[35m[W3C (b272cf1a)]&amp#27;[39m Calling AppiumDriver.findElement() with args: ["xpath",".//*[@text='REMOVE']","b272cf1a-f85a-4b52-a291-26c3f619f360"]
[debug] &amp#27;[35m[BaseDriver]&amp#27;[39m Valid locator strategies for this request: xpath, id, class name, accessibility id, -android uiautomator
[debug] &amp#27;[35m[BaseDriver]&amp#27;[39m Waiting up to 30000 ms for condition
[debug] &amp#27;[35m[WD Proxy]&amp#27;[39m Matched '/element' to command name 'findElement'
[debug] &amp#27;[35m[WD Proxy]&amp#27;[39m Proxying [POST /element] to [POST http://127.0.0.1:8200/wd/hub/session/2cd092eb-42bb-4c45-85de-eb83396155f7/element] with body: {"strategy":"xpath","selector":".//*[@text='REMOVE']","context":"","multiple":false}
[debug] &amp#27;[35m[WD Proxy]&amp#27;[39m Got response with status 200: {"sessionId":"2cd092eb-42bb-4c45-85de-eb83396155f7","value":{"ELEMENT":"07a76ca5-5309-461b-b59c-f1298b573347","element-6066-11e4-a52e-4f735466cecf":"07a76ca5-5309-461b-b59c-f1298b573347"}}
[debug] &amp#27;[35m[W3C (b272cf1a)]&amp#27;[39m Responding to client with driver.findElement() result: {"element-6066-11e4-a52e-4f735466cecf":"07a76ca5-5309-461b-b59c-f1298b573347","ELEMENT":"07a76ca5-5309-461b-b59c-f1298b573347"}
&amp#27;[35m[HTTP]&amp#27;[39m &amp#27;[37m<-- POST /wd/hub/session/b272cf1a-f85a-4b52-a291-26c3f619f360/element &amp#27;[39m&amp#27;[32m200&amp#27;[39m &amp#27;[90m54 ms - 137&amp#27;[39m
&amp#27;[35m[HTTP]&amp#27;[39m &amp#27;[90m&amp#27;[39m
&amp#27;[35m[HTTP]&amp#27;[39m &amp#27;[37m-->&amp#27;[39m &amp#27;[37mPOST&amp#27;[39m &amp#27;[37m/wd/hub/session/b272cf1a-f85a-4b52-a291-26c3f619f360/element/07a76ca5-5309-461b-b59c-f1298b573347/click&amp#27;[39m
&amp#27;[35m[HTTP]&amp#27;[39m &amp#27;[90m{"id":"07a76ca5-5309-461b-b59c-f1298b573347"}&amp#27;[39m
[debug] &amp#27;[35m[W3C (b272cf1a)]&amp#27;[39m Calling AppiumDriver.click() with args: ["07a76ca5-5309-461b-b59c-f1298b573347","b272cf1a-f85a-4b52-a291-26c3f619f360"]
[debug] &amp#27;[35m[WD Proxy]&amp#27;[39m Matched '/element/07a76ca5-5309-461b-b59c-f1298b573347/click' to command name 'click'
[debug] &amp#27;[35m[WD Proxy]&amp#27;[39m Proxying [POST /element/07a76ca5-5309-461b-b59c-f1298b573347/click] to [POST http://127.0.0.1:8200/wd/hub/session/2cd092eb-42bb-4c45-85de-eb83396155f7/element/07a76ca5-5309-461b-b59c-f1298b573347/click] with body: {"element":"07a76ca5-5309-461b-b59c-f1298b573347"}
[debug] &amp#27;[35m[WD Proxy]&amp#27;[39m Got response with status 200: {"sessionId":"2cd092eb-42bb-4c45-85de-eb83396155f7","value":null}
[debug] &amp#27;[35m[W3C (b272cf1a)]&amp#27;[39m Responding to client with driver.click() result: null
&amp#27;[35m[HTTP]&amp#27;[39m &amp#27;[37m<-- POST /wd/hub/session/b272cf1a-f85a-4b52-a291-26c3f619f360/element/07a76ca5-5309-461b-b59c-f1298b573347/click &amp#27;[39m&amp#27;[32m200&amp#27;[39m &amp#27;[90m21 ms - 14&amp#27;[39m
&amp#27;[35m[HTTP]&amp#27;[39m &amp#27;[90m&amp#27;[39m
]]></system-out>
  </testcase>
  <testcase name="Tc5" classname="SDET_Appium.Mobile_assessment_new.Hybridclass" time="36.214">
    <system-out><![CDATA[&amp#27;[35m[HTTP]&amp#27;[39m &amp#27;[37m-->&amp#27;[39m &amp#27;[37mPOST&amp#27;[39m &amp#27;[37m/wd/hub/session/b272cf1a-f85a-4b52-a291-26c3f619f360/appium/device/press_keycode&amp#27;[39m
&amp#27;[35m[HTTP]&amp#27;[39m &amp#27;[90m{"keycode":4}&amp#27;[39m
[debug] &amp#27;[35m[W3C (b272cf1a)]&amp#27;[39m Calling AppiumDriver.pressKeyCode() with args: [4,null,null,null,null,"b272cf1a-f85a-4b52-a291-26c3f619f360"]
[debug] &amp#27;[35m[WD Proxy]&amp#27;[39m Matched '/appium/device/press_keycode' to command name 'pressKeyCode'
[debug] &amp#27;[35m[WD Proxy]&amp#27;[39m Proxying [POST /appium/device/press_keycode] to [POST http://127.0.0.1:8200/wd/hub/session/2cd092eb-42bb-4c45-85de-eb83396155f7/appium/device/press_keycode] with body: {"keycode":4,"metastate":null,"flags":null}
[debug] &amp#27;[35m[WD Proxy]&amp#27;[39m Got response with status 200: {"sessionId":"2cd092eb-42bb-4c45-85de-eb83396155f7","value":null}
[debug] &amp#27;[35m[W3C (b272cf1a)]&amp#27;[39m Responding to client with driver.pressKeyCode() result: null
&amp#27;[35m[HTTP]&amp#27;[39m &amp#27;[37m<-- POST /wd/hub/session/b272cf1a-f85a-4b52-a291-26c3f619f360/appium/device/press_keycode &amp#27;[39m&amp#27;[32m200&amp#27;[39m &amp#27;[90m17 ms - 14&amp#27;[39m
&amp#27;[35m[HTTP]&amp#27;[39m &amp#27;[90m&amp#27;[39m
&amp#27;[35m[HTTP]&amp#27;[39m &amp#27;[37m-->&amp#27;[39m &amp#27;[37mPOST&amp#27;[39m &amp#27;[37m/wd/hub/session/b272cf1a-f85a-4b52-a291-26c3f619f360/appium/device/press_keycode&amp#27;[39m
&amp#27;[35m[HTTP]&amp#27;[39m &amp#27;[90m{"keycode":4}&amp#27;[39m
[debug] &amp#27;[35m[W3C (b272cf1a)]&amp#27;[39m Calling AppiumDriver.pressKeyCode() with args: [4,null,null,null,null,"b272cf1a-f85a-4b52-a291-26c3f619f360"]
[debug] &amp#27;[35m[WD Proxy]&amp#27;[39m Matched '/appium/device/press_keycode' to command name 'pressKeyCode'
[debug] &amp#27;[35m[WD Proxy]&amp#27;[39m Proxying [POST /appium/device/press_keycode] to [POST http://127.0.0.1:8200/wd/hub/session/2cd092eb-42bb-4c45-85de-eb83396155f7/appium/device/press_keycode] with body: {"keycode":4,"metastate":null,"flags":null}
[debug] &amp#27;[35m[WD Proxy]&amp#27;[39m Got response with status 200: {"sessionId":"2cd092eb-42bb-4c45-85de-eb83396155f7","value":null}
[debug] &amp#27;[35m[W3C (b272cf1a)]&amp#27;[39m Responding to client with driver.pressKeyCode() result: null
&amp#27;[35m[HTTP]&amp#27;[39m &amp#27;[37m<-- POST /wd/hub/session/b272cf1a-f85a-4b52-a291-26c3f619f360/appium/device/press_keycode &amp#27;[39m&amp#27;[32m200&amp#27;[39m &amp#27;[90m35 ms - 14&amp#27;[39m
&amp#27;[35m[HTTP]&amp#27;[39m &amp#27;[90m&amp#27;[39m
&amp#27;[35m[HTTP]&amp#27;[39m &amp#27;[37m-->&amp#27;[39m &amp#27;[37mPOST&amp#27;[39m &amp#27;[37m/wd/hub/session/b272cf1a-f85a-4b52-a291-26c3f619f360/appium/device/press_keycode&amp#27;[39m
&amp#27;[35m[HTTP]&amp#27;[39m &amp#27;[90m{"keycode":20}&amp#27;[39m
[debug] &amp#27;[35m[W3C (b272cf1a)]&amp#27;[39m Calling AppiumDriver.pressKeyCode() with args: [20,null,null,null,null,"b272cf1a-f85a-4b52-a291-26c3f619f360"]
[debug] &amp#27;[35m[WD Proxy]&amp#27;[39m Matched '/appium/device/press_keycode' to command name 'pressKeyCode'
[debug] &amp#27;[35m[WD Proxy]&amp#27;[39m Proxying [POST /appium/device/press_keycode] to [POST http://127.0.0.1:8200/wd/hub/session/2cd092eb-42bb-4c45-85de-eb83396155f7/appium/device/press_keycode] with body: {"keycode":20,"metastate":null,"flags":null}
[debug] &amp#27;[35m[WD Proxy]&amp#27;[39m Got response with status 200: {"sessionId":"2cd092eb-42bb-4c45-85de-eb83396155f7","value":null}
[debug] &amp#27;[35m[W3C (b272cf1a)]&amp#27;[39m Responding to client with driver.pressKeyCode() result: null
&amp#27;[35m[HTTP]&amp#27;[39m &amp#27;[37m<-- POST /wd/hub/session/b272cf1a-f85a-4b52-a291-26c3f619f360/appium/device/press_keycode &amp#27;[39m&amp#27;[32m200&amp#27;[39m &amp#27;[90m25 ms - 14&amp#27;[39m
&amp#27;[35m[HTTP]&amp#27;[39m &amp#27;[90m&amp#27;[39m
&amp#27;[35m[HTTP]&amp#27;[39m &amp#27;[37m-->&amp#27;[39m &amp#27;[37mPOST&amp#27;[39m &amp#27;[37m/wd/hub/session/b272cf1a-f85a-4b52-a291-26c3f619f360/appium/device/press_keycode&amp#27;[39m
&amp#27;[35m[HTTP]&amp#27;[39m &amp#27;[90m{"keycode":20}&amp#27;[39m
[debug] &amp#27;[35m[W3C (b272cf1a)]&amp#27;[39m Calling AppiumDriver.pressKeyCode() with args: [20,null,null,null,null,"b272cf1a-f85a-4b52-a291-26c3f619f360"]
[debug] &amp#27;[35m[WD Proxy]&amp#27;[39m Matched '/appium/device/press_keycode' to command name 'pressKeyCode'
[debug] &amp#27;[35m[WD Proxy]&amp#27;[39m Proxying [POST /appium/device/press_keycode] to [POST http://127.0.0.1:8200/wd/hub/session/2cd092eb-42bb-4c45-85de-eb83396155f7/appium/device/press_keycode] with body: {"keycode":20,"metastate":null,"flags":null}
[debug] &amp#27;[35m[WD Proxy]&amp#27;[39m Got response with status 200: {"sessionId":"2cd092eb-42bb-4c45-85de-eb83396155f7","value":null}
[debug] &amp#27;[35m[W3C (b272cf1a)]&amp#27;[39m Responding to client with driver.pressKeyCode() result: null
&amp#27;[35m[HTTP]&amp#27;[39m &amp#27;[37m<-- POST /wd/hub/session/b272cf1a-f85a-4b52-a291-26c3f619f360/appium/device/press_keycode &amp#27;[39m&amp#27;[32m200&amp#27;[39m &amp#27;[90m515 ms - 14&amp#27;[39m
&amp#27;[35m[HTTP]&amp#27;[39m &amp#27;[90m&amp#27;[39m
&amp#27;[35m[HTTP]&amp#27;[39m &amp#27;[37m-->&amp#27;[39m &amp#27;[37mPOST&amp#27;[39m &amp#27;[37m/wd/hub/session/b272cf1a-f85a-4b52-a291-26c3f619f360/appium/device/press_keycode&amp#27;[39m
&amp#27;[35m[HTTP]&amp#27;[39m &amp#27;[90m{"keycode":20}&amp#27;[39m
[debug] &amp#27;[35m[W3C (b272cf1a)]&amp#27;[39m Calling AppiumDriver.pressKeyCode() with args: [20,null,null,null,null,"b272cf1a-f85a-4b52-a291-26c3f619f360"]
[debug] &amp#27;[35m[WD Proxy]&amp#27;[39m Matched '/appium/device/press_keycode' to command name 'pressKeyCode'
[debug] &amp#27;[35m[WD Proxy]&amp#27;[39m Proxying [POST /appium/device/press_keycode] to [POST http://127.0.0.1:8200/wd/hub/session/2cd092eb-42bb-4c45-85de-eb83396155f7/appium/device/press_keycode] with body: {"keycode":20,"metastate":null,"flags":null}
[debug] &amp#27;[35m[WD Proxy]&amp#27;[39m Got response with status 200: {"sessionId":"2cd092eb-42bb-4c45-85de-eb83396155f7","value":null}
[debug] &amp#27;[35m[W3C (b272cf1a)]&amp#27;[39m Responding to client with driver.pressKeyCode() result: null
&amp#27;[35m[HTTP]&amp#27;[39m &amp#27;[37m<-- POST /wd/hub/session/b272cf1a-f85a-4b52-a291-26c3f619f360/appium/device/press_keycode &amp#27;[39m&amp#27;[32m200&amp#27;[39m &amp#27;[90m513 ms - 14&amp#27;[39m
&amp#27;[35m[HTTP]&amp#27;[39m &amp#27;[90m&amp#27;[39m
&amp#27;[35m[HTTP]&amp#27;[39m &amp#27;[37m-->&amp#27;[39m &amp#27;[37mPOST&amp#27;[39m &amp#27;[37m/wd/hub/session/b272cf1a-f85a-4b52-a291-26c3f619f360/appium/device/press_keycode&amp#27;[39m
&amp#27;[35m[HTTP]&amp#27;[39m &amp#27;[90m{"keycode":20}&amp#27;[39m
[debug] &amp#27;[35m[W3C (b272cf1a)]&amp#27;[39m Calling AppiumDriver.pressKeyCode() with args: [20,null,null,null,null,"b272cf1a-f85a-4b52-a291-26c3f619f360"]
[debug] &amp#27;[35m[WD Proxy]&amp#27;[39m Matched '/appium/device/press_keycode' to command name 'pressKeyCode'
[debug] &amp#27;[35m[WD Proxy]&amp#27;[39m Proxying [POST /appium/device/press_keycode] to [POST http://127.0.0.1:8200/wd/hub/session/2cd092eb-42bb-4c45-85de-eb83396155f7/appium/device/press_keycode] with body: {"keycode":20,"metastate":null,"flags":null}
[debug] &amp#27;[35m[WD Proxy]&amp#27;[39m Got response with status 200: {"sessionId":"2cd092eb-42bb-4c45-85de-eb83396155f7","value":null}
[debug] &amp#27;[35m[W3C (b272cf1a)]&amp#27;[39m Responding to client with driver.pressKeyCode() result: null
&amp#27;[35m[HTTP]&amp#27;[39m &amp#27;[37m<-- POST /wd/hub/session/b272cf1a-f85a-4b52-a291-26c3f619f360/appium/device/press_keycode &amp#27;[39m&amp#27;[32m200&amp#27;[39m &amp#27;[90m485 ms - 14&amp#27;[39m
&amp#27;[35m[HTTP]&amp#27;[39m &amp#27;[90m&amp#27;[39m
&amp#27;[35m[HTTP]&amp#27;[39m &amp#27;[37m-->&amp#27;[39m &amp#27;[37mPOST&amp#27;[39m &amp#27;[37m/wd/hub/session/b272cf1a-f85a-4b52-a291-26c3f619f360/appium/device/press_keycode&amp#27;[39m
&amp#27;[35m[HTTP]&amp#27;[39m &amp#27;[90m{"keycode":20}&amp#27;[39m
[debug] &amp#27;[35m[W3C (b272cf1a)]&amp#27;[39m Calling AppiumDriver.pressKeyCode() with args: [20,null,null,null,null,"b272cf1a-f85a-4b52-a291-26c3f619f360"]
[debug] &amp#27;[35m[WD Proxy]&amp#27;[39m Matched '/appium/device/press_keycode' to command name 'pressKeyCode'
[debug] &amp#27;[35m[WD Proxy]&amp#27;[39m Proxying [POST /appium/device/press_keycode] to [POST http://127.0.0.1:8200/wd/hub/session/2cd092eb-42bb-4c45-85de-eb83396155f7/appium/device/press_keycode] with body: {"keycode":20,"metastate":null,"flags":null}
[debug] &amp#27;[35m[WD Proxy]&amp#27;[39m Got response with status 200: {"sessionId":"2cd092eb-42bb-4c45-85de-eb83396155f7","value":null}
[debug] &amp#27;[35m[W3C (b272cf1a)]&amp#27;[39m Responding to client with driver.pressKeyCode() result: null
&amp#27;[35m[HTTP]&amp#27;[39m &amp#27;[37m<-- POST /wd/hub/session/b272cf1a-f85a-4b52-a291-26c3f619f360/appium/device/press_keycode &amp#27;[39m&amp#27;[32m200&amp#27;[39m &amp#27;[90m815 ms - 14&amp#27;[39m
&amp#27;[35m[HTTP]&amp#27;[39m &amp#27;[90m&amp#27;[39m
&amp#27;[35m[HTTP]&amp#27;[39m &amp#27;[37m-->&amp#27;[39m &amp#27;[37mPOST&amp#27;[39m &amp#27;[37m/wd/hub/session/b272cf1a-f85a-4b52-a291-26c3f619f360/appium/device/press_keycode&amp#27;[39m
&amp#27;[35m[HTTP]&amp#27;[39m &amp#27;[90m{"keycode":20}&amp#27;[39m
[debug] &amp#27;[35m[W3C (b272cf1a)]&amp#27;[39m Calling AppiumDriver.pressKeyCode() with args: [20,null,null,null,null,"b272cf1a-f85a-4b52-a291-26c3f619f360"]
[debug] &amp#27;[35m[WD Proxy]&amp#27;[39m Matched '/appium/device/press_keycode' to command name 'pressKeyCode'
[debug] &amp#27;[35m[WD Proxy]&amp#27;[39m Proxying [POST /appium/device/press_keycode] to [POST http://127.0.0.1:8200/wd/hub/session/2cd092eb-42bb-4c45-85de-eb83396155f7/appium/device/press_keycode] with body: {"keycode":20,"metastate":null,"flags":null}
[debug] &amp#27;[35m[WD Proxy]&amp#27;[39m Got response with status 200: {"sessionId":"2cd092eb-42bb-4c45-85de-eb83396155f7","value":null}
[debug] &amp#27;[35m[W3C (b272cf1a)]&amp#27;[39m Responding to client with driver.pressKeyCode() result: null
&amp#27;[35m[HTTP]&amp#27;[39m &amp#27;[37m<-- POST /wd/hub/session/b272cf1a-f85a-4b52-a291-26c3f619f360/appium/device/press_keycode &amp#27;[39m&amp#27;[32m200&amp#27;[39m &amp#27;[90m773 ms - 14&amp#27;[39m
&amp#27;[35m[HTTP]&amp#27;[39m &amp#27;[90m&amp#27;[39m
&amp#27;[35m[HTTP]&amp#27;[39m &amp#27;[37m-->&amp#27;[39m &amp#27;[37mPOST&amp#27;[39m &amp#27;[37m/wd/hub/session/b272cf1a-f85a-4b52-a291-26c3f619f360/appium/device/press_keycode&amp#27;[39m
&amp#27;[35m[HTTP]&amp#27;[39m &amp#27;[90m{"keycode":20}&amp#27;[39m
[debug] &amp#27;[35m[W3C (b272cf1a)]&amp#27;[39m Calling AppiumDriver.pressKeyCode() with args: [20,null,null,null,null,"b272cf1a-f85a-4b52-a291-26c3f619f360"]
[debug] &amp#27;[35m[WD Proxy]&amp#27;[39m Matched '/appium/device/press_keycode' to command name 'pressKeyCode'
[debug] &amp#27;[35m[WD Proxy]&amp#27;[39m Proxying [POST /appium/device/press_keycode] to [POST http://127.0.0.1:8200/wd/hub/session/2cd092eb-42bb-4c45-85de-eb83396155f7/appium/device/press_keycode] with body: {"keycode":20,"metastate":null,"flags":null}
[debug] &amp#27;[35m[WD Proxy]&amp#27;[39m Got response with status 200: {"sessionId":"2cd092eb-42bb-4c45-85de-eb83396155f7","value":null}
[debug] &amp#27;[35m[W3C (b272cf1a)]&amp#27;[39m Responding to client with driver.pressKeyCode() result: null
&amp#27;[35m[HTTP]&amp#27;[39m &amp#27;[37m<-- POST /wd/hub/session/b272cf1a-f85a-4b52-a291-26c3f619f360/appium/device/press_keycode &amp#27;[39m&amp#27;[32m200&amp#27;[39m &amp#27;[90m789 ms - 14&amp#27;[39m
&amp#27;[35m[HTTP]&amp#27;[39m &amp#27;[90m&amp#27;[39m
&amp#27;[35m[HTTP]&amp#27;[39m &amp#27;[37m-->&amp#27;[39m &amp#27;[37mPOST&amp#27;[39m &amp#27;[37m/wd/hub/session/b272cf1a-f85a-4b52-a291-26c3f619f360/appium/device/press_keycode&amp#27;[39m
&amp#27;[35m[HTTP]&amp#27;[39m &amp#27;[90m{"keycode":20}&amp#27;[39m
[debug] &amp#27;[35m[W3C (b272cf1a)]&amp#27;[39m Calling AppiumDriver.pressKeyCode() with args: [20,null,null,null,null,"b272cf1a-f85a-4b52-a291-26c3f619f360"]
[debug] &amp#27;[35m[WD Proxy]&amp#27;[39m Matched '/appium/device/press_keycode' to command name 'pressKeyCode'
[debug] &amp#27;[35m[WD Proxy]&amp#27;[39m Proxying [POST /appium/device/press_keycode] to [POST http://127.0.0.1:8200/wd/hub/session/2cd092eb-42bb-4c45-85de-eb83396155f7/appium/device/press_keycode] with body: {"keycode":20,"metastate":null,"flags":null}
[debug] &amp#27;[35m[WD Proxy]&amp#27;[39m Got response with status 200: {"sessionId":"2cd092eb-42bb-4c45-85de-eb83396155f7","value":null}
[debug] &amp#27;[35m[W3C (b272cf1a)]&amp#27;[39m Responding to client with driver.pressKeyCode() result: null
&amp#27;[35m[HTTP]&amp#27;[39m &amp#27;[37m<-- POST /wd/hub/session/b272cf1a-f85a-4b52-a291-26c3f619f360/appium/device/press_keycode &amp#27;[39m&amp#27;[32m200&amp#27;[39m &amp#27;[90m765 ms - 14&amp#27;[39m
&amp#27;[35m[HTTP]&amp#27;[39m &amp#27;[90m&amp#27;[39m
&amp#27;[35m[HTTP]&amp#27;[39m &amp#27;[37m-->&amp#27;[39m &amp#27;[37mPOST&amp#27;[39m &amp#27;[37m/wd/hub/session/b272cf1a-f85a-4b52-a291-26c3f619f360/appium/device/press_keycode&amp#27;[39m
&amp#27;[35m[HTTP]&amp#27;[39m &amp#27;[90m{"keycode":20}&amp#27;[39m
[debug] &amp#27;[35m[W3C (b272cf1a)]&amp#27;[39m Calling AppiumDriver.pressKeyCode() with args: [20,null,null,null,null,"b272cf1a-f85a-4b52-a291-26c3f619f360"]
[debug] &amp#27;[35m[WD Proxy]&amp#27;[39m Matched '/appium/device/press_keycode' to command name 'pressKeyCode'
[debug] &amp#27;[35m[WD Proxy]&amp#27;[39m Proxying [POST /appium/device/press_keycode] to [POST http://127.0.0.1:8200/wd/hub/session/2cd092eb-42bb-4c45-85de-eb83396155f7/appium/device/press_keycode] with body: {"keycode":20,"metastate":null,"flags":null}
[debug] &amp#27;[35m[WD Proxy]&amp#27;[39m Got response with status 200: {"sessionId":"2cd092eb-42bb-4c45-85de-eb83396155f7","value":null}
[debug] &amp#27;[35m[W3C (b272cf1a)]&amp#27;[39m Responding to client with driver.pressKeyCode() result: null
&amp#27;[35m[HTTP]&amp#27;[39m &amp#27;[37m<-- POST /wd/hub/session/b272cf1a-f85a-4b52-a291-26c3f619f360/appium/device/press_keycode &amp#27;[39m&amp#27;[32m200&amp#27;[39m &amp#27;[90m793 ms - 14&amp#27;[39m
&amp#27;[35m[HTTP]&amp#27;[39m &amp#27;[90m&amp#27;[39m
&amp#27;[35m[HTTP]&amp#27;[39m &amp#27;[37m-->&amp#27;[39m &amp#27;[37mPOST&amp#27;[39m &amp#27;[37m/wd/hub/session/b272cf1a-f85a-4b52-a291-26c3f619f360/appium/device/press_keycode&amp#27;[39m
&amp#27;[35m[HTTP]&amp#27;[39m &amp#27;[90m{"keycode":20}&amp#27;[39m
[debug] &amp#27;[35m[W3C (b272cf1a)]&amp#27;[39m Calling AppiumDriver.pressKeyCode() with args: [20,null,null,null,null,"b272cf1a-f85a-4b52-a291-26c3f619f360"]
[debug] &amp#27;[35m[WD Proxy]&amp#27;[39m Matched '/appium/device/press_keycode' to command name 'pressKeyCode'
[debug] &amp#27;[35m[WD Proxy]&amp#27;[39m Proxying [POST /appium/device/press_keycode] to [POST http://127.0.0.1:8200/wd/hub/session/2cd092eb-42bb-4c45-85de-eb83396155f7/appium/device/press_keycode] with body: {"keycode":20,"metastate":null,"flags":null}
[debug] &amp#27;[35m[WD Proxy]&amp#27;[39m Got response with status 200: {"sessionId":"2cd092eb-42bb-4c45-85de-eb83396155f7","value":null}
[debug] &amp#27;[35m[W3C (b272cf1a)]&amp#27;[39m Responding to client with driver.pressKeyCode() result: null
&amp#27;[35m[HTTP]&amp#27;[39m &amp#27;[37m<-- POST /wd/hub/session/b272cf1a-f85a-4b52-a291-26c3f619f360/appium/device/press_keycode &amp#27;[39m&amp#27;[32m200&amp#27;[39m &amp#27;[90m786 ms - 14&amp#27;[39m
&amp#27;[35m[HTTP]&amp#27;[39m &amp#27;[90m&amp#27;[39m
&amp#27;[35m[HTTP]&amp#27;[39m &amp#27;[37m-->&amp#27;[39m &amp#27;[37mPOST&amp#27;[39m &amp#27;[37m/wd/hub/session/b272cf1a-f85a-4b52-a291-26c3f619f360/appium/device/press_keycode&amp#27;[39m
&amp#27;[35m[HTTP]&amp#27;[39m &amp#27;[90m{"keycode":20}&amp#27;[39m
[debug] &amp#27;[35m[W3C (b272cf1a)]&amp#27;[39m Calling AppiumDriver.pressKeyCode() with args: [20,null,null,null,null,"b272cf1a-f85a-4b52-a291-26c3f619f360"]
[debug] &amp#27;[35m[WD Proxy]&amp#27;[39m Matched '/appium/device/press_keycode' to command name 'pressKeyCode'
[debug] &amp#27;[35m[WD Proxy]&amp#27;[39m Proxying [POST /appium/device/press_keycode] to [POST http://127.0.0.1:8200/wd/hub/session/2cd092eb-42bb-4c45-85de-eb83396155f7/appium/device/press_keycode] with body: {"keycode":20,"metastate":null,"flags":null}
[debug] &amp#27;[35m[WD Proxy]&amp#27;[39m Got response with status 200: {"sessionId":"2cd092eb-42bb-4c45-85de-eb83396155f7","value":null}
[debug] &amp#27;[35m[W3C (b272cf1a)]&amp#27;[39m Responding to client with driver.pressKeyCode() result: null
&amp#27;[35m[HTTP]&amp#27;[39m &amp#27;[37m<-- POST /wd/hub/session/b272cf1a-f85a-4b52-a291-26c3f619f360/appium/device/press_keycode &amp#27;[39m&amp#27;[32m200&amp#27;[39m &amp#27;[90m778 ms - 14&amp#27;[39m
&amp#27;[35m[HTTP]&amp#27;[39m &amp#27;[90m&amp#27;[39m
&amp#27;[35m[HTTP]&amp#27;[39m &amp#27;[37m-->&amp#27;[39m &amp#27;[37mPOST&amp#27;[39m &amp#27;[37m/wd/hub/session/b272cf1a-f85a-4b52-a291-26c3f619f360/appium/device/press_keycode&amp#27;[39m
&amp#27;[35m[HTTP]&amp#27;[39m &amp#27;[90m{"keycode":20}&amp#27;[39m
[debug] &amp#27;[35m[W3C (b272cf1a)]&amp#27;[39m Calling AppiumDriver.pressKeyCode() with args: [20,null,null,null,null,"b272cf1a-f85a-4b52-a291-26c3f619f360"]
[debug] &amp#27;[35m[WD Proxy]&amp#27;[39m Matched '/appium/device/press_keycode' to command name 'pressKeyCode'
[debug] &amp#27;[35m[WD Proxy]&amp#27;[39m Proxying [POST /appium/device/press_keycode] to [POST http://127.0.0.1:8200/wd/hub/session/2cd092eb-42bb-4c45-85de-eb83396155f7/appium/device/press_keycode] with body: {"keycode":20,"metastate":null,"flags":null}
[debug] &amp#27;[35m[WD Proxy]&amp#27;[39m Got response with status 200: {"sessionId":"2cd092eb-42bb-4c45-85de-eb83396155f7","value":null}
[debug] &amp#27;[35m[W3C (b272cf1a)]&amp#27;[39m Responding to client with driver.pressKeyCode() result: null
&amp#27;[35m[HTTP]&amp#27;[39m &amp#27;[37m<-- POST /wd/hub/session/b272cf1a-f85a-4b52-a291-26c3f619f360/appium/device/press_keycode &amp#27;[39m&amp#27;[32m200&amp#27;[39m &amp#27;[90m879 ms - 14&amp#27;[39m
&amp#27;[35m[HTTP]&amp#27;[39m &amp#27;[90m&amp#27;[39m
&amp#27;[35m[HTTP]&amp#27;[39m &amp#27;[37m-->&amp#27;[39m &amp#27;[37mPOST&amp#27;[39m &amp#27;[37m/wd/hub/session/b272cf1a-f85a-4b52-a291-26c3f619f360/element&amp#27;[39m
&amp#27;[35m[HTTP]&amp#27;[39m &amp#27;[90m{"using":"xpath","value":".//*[@text='Download now']"}&amp#27;[39m
[debug] &amp#27;[35m[W3C (b272cf1a)]&amp#27;[39m Calling AppiumDriver.findElement() with args: ["xpath",".//*[@text='Download now']","b272cf1a-f85a-4b52-a291-26c3f619f360"]
[debug] &amp#27;[35m[BaseDriver]&amp#27;[39m Valid locator strategies for this request: xpath, id, class name, accessibility id, -android uiautomator
[debug] &amp#27;[35m[BaseDriver]&amp#27;[39m Waiting up to 30000 ms for condition
[debug] &amp#27;[35m[WD Proxy]&amp#27;[39m Matched '/element' to command name 'findElement'
[debug] &amp#27;[35m[WD Proxy]&amp#27;[39m Proxying [POST /element] to [POST http://127.0.0.1:8200/wd/hub/session/2cd092eb-42bb-4c45-85de-eb83396155f7/element] with body: {"strategy":"xpath","selector":".//*[@text='Download now']","context":"","multiple":false}
[debug] &amp#27;[35m[WD Proxy]&amp#27;[39m Got response with status 200: {"sessionId":"2cd092eb-42bb-4c45-85de-eb83396155f7","value":{"ELEMENT":"52c2422f-983f-4fb4-bdad-e3c5303a93fe","element-6066-11e4-a52e-4f735466cecf":"52c2422f-983f-4fb4-bdad-e3c5303a93fe"}}
[debug] &amp#27;[35m[W3C (b272cf1a)]&amp#27;[39m Responding to client with driver.findElement() result: {"element-6066-11e4-a52e-4f735466cecf":"52c2422f-983f-4fb4-bdad-e3c5303a93fe","ELEMENT":"52c2422f-983f-4fb4-bdad-e3c5303a93fe"}
&amp#27;[35m[HTTP]&amp#27;[39m &amp#27;[37m<-- POST /wd/hub/session/b272cf1a-f85a-4b52-a291-26c3f619f360/element &amp#27;[39m&amp#27;[32m200&amp#27;[39m &amp#27;[90m625 ms - 137&amp#27;[39m
&amp#27;[35m[HTTP]&amp#27;[39m &amp#27;[90m&amp#27;[39m
&amp#27;[35m[HTTP]&amp#27;[39m &amp#27;[37m-->&amp#27;[39m &amp#27;[37mPOST&amp#27;[39m &amp#27;[37m/wd/hub/session/b272cf1a-f85a-4b52-a291-26c3f619f360/element/52c2422f-983f-4fb4-bdad-e3c5303a93fe/click&amp#27;[39m
&amp#27;[35m[HTTP]&amp#27;[39m &amp#27;[90m{"id":"52c2422f-983f-4fb4-bdad-e3c5303a93fe"}&amp#27;[39m
[debug] &amp#27;[35m[W3C (b272cf1a)]&amp#27;[39m Calling AppiumDriver.click() with args: ["52c2422f-983f-4fb4-bdad-e3c5303a93fe","b272cf1a-f85a-4b52-a291-26c3f619f360"]
[debug] &amp#27;[35m[WD Proxy]&amp#27;[39m Matched '/element/52c2422f-983f-4fb4-bdad-e3c5303a93fe/click' to command name 'click'
[debug] &amp#27;[35m[WD Proxy]&amp#27;[39m Proxying [POST /element/52c2422f-983f-4fb4-bdad-e3c5303a93fe/click] to [POST http://127.0.0.1:8200/wd/hub/session/2cd092eb-42bb-4c45-85de-eb83396155f7/element/52c2422f-983f-4fb4-bdad-e3c5303a93fe/click] with body: {"element":"52c2422f-983f-4fb4-bdad-e3c5303a93fe"}
[debug] &amp#27;[35m[WD Proxy]&amp#27;[39m Got response with status 200: {"sessionId":"2cd092eb-42bb-4c45-85de-eb83396155f7","value":null}
[debug] &amp#27;[35m[W3C (b272cf1a)]&amp#27;[39m Responding to client with driver.click() result: null
&amp#27;[35m[HTTP]&amp#27;[39m &amp#27;[37m<-- POST /wd/hub/session/b272cf1a-f85a-4b52-a291-26c3f619f360/element/52c2422f-983f-4fb4-bdad-e3c5303a93fe/click &amp#27;[39m&amp#27;[32m200&amp#27;[39m &amp#27;[90m41 ms - 14&amp#27;[39m
&amp#27;[35m[HTTP]&amp#27;[39m &amp#27;[90m&amp#27;[39m
&amp#27;[35m[HTTP]&amp#27;[39m &amp#27;[37m-->&amp#27;[39m &amp#27;[37mGET&amp#27;[39m &amp#27;[37m/wd/hub/session/b272cf1a-f85a-4b52-a291-26c3f619f360/contexts&amp#27;[39m
&amp#27;[35m[HTTP]&amp#27;[39m &amp#27;[90m{}&amp#27;[39m
[debug] &amp#27;[35m[W3C (b272cf1a)]&amp#27;[39m Calling AppiumDriver.getContexts() with args: ["b272cf1a-f85a-4b52-a291-26c3f619f360"]
[debug] &amp#27;[35m[AndroidDriver]&amp#27;[39m Getting a list of available webviews
[debug] &amp#27;[35m[ADB]&amp#27;[39m Running 'C:\Users\PrathibhaBN\AppData\Local\Android\Sdk\platform-tools\adb.exe -P 5037 -s emulator-5554 shell cat /proc/net/unix'
&amp#27;[35m[AndroidDriver]&amp#27;[39m Not checking whether webviews have active pages; use the 'ensureWebviewsHavePages' cap to turn this check on
[debug] &amp#27;[35m[AndroidDriver]&amp#27;[39m WEBVIEW_26547 mapped to pid 26547
[debug] &amp#27;[35m[AndroidDriver]&amp#27;[39m Getting process name for webview
[debug] &amp#27;[35m[ADB]&amp#27;[39m Running 'C:\Users\PrathibhaBN\AppData\Local\Android\Sdk\platform-tools\adb.exe -P 5037 -s emulator-5554 shell ps'
[debug] &amp#27;[35m[AndroidDriver]&amp#27;[39m Parsed pid: '26547' pkg: 'org.khanacademy.android' from
[debug] &amp#27;[35m[AndroidDriver]&amp#27;[39m     USER           PID  PPID     VSZ    RSS WCHAN            ADDR S NAME
[debug] &amp#27;[35m[AndroidDriver]&amp#27;[39m     u0_a85       26547  1474 1695740 211932 SyS_epoll_wait      0 S org.khanacademy.android
[debug] &amp#27;[35m[AndroidDriver]&amp#27;[39m Returning process name: 'org.khanacademy.android'
[debug] &amp#27;[35m[AndroidDriver]&amp#27;[39m Found webviews: ["WEBVIEW_org.khanacademy.android"]
[debug] &amp#27;[35m[AndroidDriver]&amp#27;[39m Available contexts: ["NATIVE_APP","WEBVIEW_org.khanacademy.android"]
[debug] &amp#27;[35m[W3C (b272cf1a)]&amp#27;[39m Responding to client with driver.getContexts() result: ["NATIVE_APP","WEBVIEW_org.khanacademy.android"]
NATIVE_APP
WEBVIEW_org.khanacademy.android
&amp#27;[35m[HTTP]&amp#27;[39m &amp#27;[37m<-- GET /wd/hub/session/b272cf1a-f85a-4b52-a291-26c3f619f360/contexts &amp#27;[39m&amp#27;[32m200&amp#27;[39m &amp#27;[90m225 ms - 58&amp#27;[39m
&amp#27;[35m[HTTP]&amp#27;[39m &amp#27;[90m&amp#27;[39m
&amp#27;[35m[HTTP]&amp#27;[39m &amp#27;[37m-->&amp#27;[39m &amp#27;[37mPOST&amp#27;[39m &amp#27;[37m/wd/hub/session/b272cf1a-f85a-4b52-a291-26c3f619f360/context&amp#27;[39m
&amp#27;[35m[HTTP]&amp#27;[39m &amp#27;[90m{"name":"NATIVE_APP"}&amp#27;[39m
[debug] &amp#27;[35m[W3C (b272cf1a)]&amp#27;[39m Calling AppiumDriver.setContext() with args: ["NATIVE_APP","b272cf1a-f85a-4b52-a291-26c3f619f360"]
[debug] &amp#27;[35m[W3C (b272cf1a)]&amp#27;[39m Responding to client with driver.setContext() result: null
&amp#27;[35m[HTTP]&amp#27;[39m &amp#27;[37m<-- POST /wd/hub/session/b272cf1a-f85a-4b52-a291-26c3f619f360/context &amp#27;[39m&amp#27;[32m200&amp#27;[39m &amp#27;[90m4 ms - 14&amp#27;[39m
&amp#27;[35m[HTTP]&amp#27;[39m &amp#27;[90m&amp#27;[39m
&amp#27;[35m[HTTP]&amp#27;[39m &amp#27;[37m-->&amp#27;[39m &amp#27;[37mPOST&amp#27;[39m &amp#27;[37m/wd/hub/session/b272cf1a-f85a-4b52-a291-26c3f619f360/appium/device/press_keycode&amp#27;[39m
&amp#27;[35m[HTTP]&amp#27;[39m &amp#27;[90m{"keycode":4}&amp#27;[39m
[debug] &amp#27;[35m[W3C (b272cf1a)]&amp#27;[39m Calling AppiumDriver.pressKeyCode() with args: [4,null,null,null,null,"b272cf1a-f85a-4b52-a291-26c3f619f360"]
[debug] &amp#27;[35m[WD Proxy]&amp#27;[39m Matched '/appium/device/press_keycode' to command name 'pressKeyCode'
[debug] &amp#27;[35m[WD Proxy]&amp#27;[39m Proxying [POST /appium/device/press_keycode] to [POST http://127.0.0.1:8200/wd/hub/session/2cd092eb-42bb-4c45-85de-eb83396155f7/appium/device/press_keycode] with body: {"keycode":4,"metastate":null,"flags":null}
[debug] &amp#27;[35m[WD Proxy]&amp#27;[39m Got response with status 200: {"sessionId":"2cd092eb-42bb-4c45-85de-eb83396155f7","value":null}
[debug] &amp#27;[35m[W3C (b272cf1a)]&amp#27;[39m Responding to client with driver.pressKeyCode() result: null
&amp#27;[35m[HTTP]&amp#27;[39m &amp#27;[37m<-- POST /wd/hub/session/b272cf1a-f85a-4b52-a291-26c3f619f360/appium/device/press_keycode &amp#27;[39m&amp#27;[32m200&amp#27;[39m &amp#27;[90m95 ms - 14&amp#27;[39m
&amp#27;[35m[HTTP]&amp#27;[39m &amp#27;[90m&amp#27;[39m
&amp#27;[35m[HTTP]&amp#27;[39m &amp#27;[37m-->&amp#27;[39m &amp#27;[37mPOST&amp#27;[39m &amp#27;[37m/wd/hub/session/b272cf1a-f85a-4b52-a291-26c3f619f360/element&amp#27;[39m
&amp#27;[35m[HTTP]&amp#27;[39m &amp#27;[90m{"using":"xpath","value":"//android.widget.ImageView[@content-desc=\"Settings\"]"}&amp#27;[39m
[debug] &amp#27;[35m[W3C (b272cf1a)]&amp#27;[39m Calling AppiumDriver.findElement() with args: ["xpath","//android.widget.ImageView[@content-desc=\"Settings\"]","b272cf1a-f85a-4b52-a291-26c3f619f360"]
[debug] &amp#27;[35m[BaseDriver]&amp#27;[39m Valid locator strategies for this request: xpath, id, class name, accessibility id, -android uiautomator
[debug] &amp#27;[35m[BaseDriver]&amp#27;[39m Waiting up to 30000 ms for condition
[debug] &amp#27;[35m[WD Proxy]&amp#27;[39m Matched '/element' to command name 'findElement'
[debug] &amp#27;[35m[WD Proxy]&amp#27;[39m Proxying [POST /element] to [POST http://127.0.0.1:8200/wd/hub/session/2cd092eb-42bb-4c45-85de-eb83396155f7/element] with body: {"strategy":"xpath","selector":"//android.widget.ImageView[@content-desc=\"Settings\"]","context":"","multiple":false}
[debug] &amp#27;[35m[WD Proxy]&amp#27;[39m Got response with status 200: {"sessionId":"2cd092eb-42bb-4c45-85de-eb83396155f7","value":{"ELEMENT":"0d16f4b0-0714-4f03-a2db-3282550b2be0","element-6066-11e4-a52e-4f735466cecf":"0d16f4b0-0714-4f03-a2db-3282550b2be0"}}
[debug] &amp#27;[35m[W3C (b272cf1a)]&amp#27;[39m Responding to client with driver.findElement() result: {"element-6066-11e4-a52e-4f735466cecf":"0d16f4b0-0714-4f03-a2db-3282550b2be0","ELEMENT":"0d16f4b0-0714-4f03-a2db-3282550b2be0"}
&amp#27;[35m[HTTP]&amp#27;[39m &amp#27;[37m<-- POST /wd/hub/session/b272cf1a-f85a-4b52-a291-26c3f619f360/element &amp#27;[39m&amp#27;[32m200&amp#27;[39m &amp#27;[90m155 ms - 137&amp#27;[39m
&amp#27;[35m[HTTP]&amp#27;[39m &amp#27;[90m&amp#27;[39m
&amp#27;[35m[HTTP]&amp#27;[39m &amp#27;[37m-->&amp#27;[39m &amp#27;[37mPOST&amp#27;[39m &amp#27;[37m/wd/hub/session/b272cf1a-f85a-4b52-a291-26c3f619f360/element/0d16f4b0-0714-4f03-a2db-3282550b2be0/click&amp#27;[39m
&amp#27;[35m[HTTP]&amp#27;[39m &amp#27;[90m{"id":"0d16f4b0-0714-4f03-a2db-3282550b2be0"}&amp#27;[39m
[debug] &amp#27;[35m[W3C (b272cf1a)]&amp#27;[39m Calling AppiumDriver.click() with args: ["0d16f4b0-0714-4f03-a2db-3282550b2be0","b272cf1a-f85a-4b52-a291-26c3f619f360"]
[debug] &amp#27;[35m[WD Proxy]&amp#27;[39m Matched '/element/0d16f4b0-0714-4f03-a2db-3282550b2be0/click' to command name 'click'
[debug] &amp#27;[35m[WD Proxy]&amp#27;[39m Proxying [POST /element/0d16f4b0-0714-4f03-a2db-3282550b2be0/click] to [POST http://127.0.0.1:8200/wd/hub/session/2cd092eb-42bb-4c45-85de-eb83396155f7/element/0d16f4b0-0714-4f03-a2db-3282550b2be0/click] with body: {"element":"0d16f4b0-0714-4f03-a2db-3282550b2be0"}
[debug] &amp#27;[35m[WD Proxy]&amp#27;[39m Got response with status 200: {"sessionId":"2cd092eb-42bb-4c45-85de-eb83396155f7","value":null}
[debug] &amp#27;[35m[W3C (b272cf1a)]&amp#27;[39m Responding to client with driver.click() result: null
&amp#27;[35m[HTTP]&amp#27;[39m &amp#27;[37m<-- POST /wd/hub/session/b272cf1a-f85a-4b52-a291-26c3f619f360/element/0d16f4b0-0714-4f03-a2db-3282550b2be0/click &amp#27;[39m&amp#27;[32m200&amp#27;[39m &amp#27;[90m23 ms - 14&amp#27;[39m
&amp#27;[35m[HTTP]&amp#27;[39m &amp#27;[90m&amp#27;[39m
&amp#27;[35m[HTTP]&amp#27;[39m &amp#27;[37m-->&amp#27;[39m &amp#27;[37mPOST&amp#27;[39m &amp#27;[37m/wd/hub/session/b272cf1a-f85a-4b52-a291-26c3f619f360/element&amp#27;[39m
&amp#27;[35m[HTTP]&amp#27;[39m &amp#27;[90m{"using":"xpath","value":".//*[@text='Sign out']"}&amp#27;[39m
[debug] &amp#27;[35m[W3C (b272cf1a)]&amp#27;[39m Calling AppiumDriver.findElement() with args: ["xpath",".//*[@text='Sign out']","b272cf1a-f85a-4b52-a291-26c3f619f360"]
[debug] &amp#27;[35m[BaseDriver]&amp#27;[39m Valid locator strategies for this request: xpath, id, class name, accessibility id, -android uiautomator
[debug] &amp#27;[35m[BaseDriver]&amp#27;[39m Waiting up to 30000 ms for condition
[debug] &amp#27;[35m[WD Proxy]&amp#27;[39m Matched '/element' to command name 'findElement'
[debug] &amp#27;[35m[WD Proxy]&amp#27;[39m Proxying [POST /element] to [POST http://127.0.0.1:8200/wd/hub/session/2cd092eb-42bb-4c45-85de-eb83396155f7/element] with body: {"strategy":"xpath","selector":".//*[@text='Sign out']","context":"","multiple":false}
&amp#27;[35m[WD Proxy]&amp#27;[39m Got response with status 404: {"sessionId":"2cd092eb-42bb-4c45-85de-eb83396155f7","value":{"error":"no such element","message":"An element could not be located on the page using the given search parameters","stacktrace":"io.appium.uiautomator2.common.exceptions.ElementNotFoundException: An element could not be located on the page using the given search parameters\n\tat io.appium.uiautomator2.handler.FindElement.findElement(FindElement.java:102)\n\tat io.appium.uiautomator2.handler.FindElement.safeHandle(FindElement.java:72)\n\tat io.appium.uiautomator2.handler.request.SafeRequestHandler.handle(SafeRequestHandler.java:38)\n\tat io.appium.uiautomator2.server.AppiumServlet.handleRequest(AppiumServlet.java:252)\n\tat io.appium.uiautomator2.server.AppiumServlet.handleHttpRequest(AppiumServlet.java:242)\n\tat io.appium.uiautomator2.http.ServerHandler.channelRead(ServerHandler.java:51)\n\tat io.netty.channel.AbstractChannelHandlerContext.invokeChannelRead(AbstractChannelHandlerContext.java:366)\n\tat io.netty.channel.AbstractChannelHandlerCon...
[debug] &amp#27;[35m[W3C]&amp#27;[39m Matched W3C error code 'no such element' to NoSuchElementError
[debug] &amp#27;[35m[BaseDriver]&amp#27;[39m Waited for 109 ms so far
[debug] &amp#27;[35m[WD Proxy]&amp#27;[39m Matched '/element' to command name 'findElement'
[debug] &amp#27;[35m[WD Proxy]&amp#27;[39m Proxying [POST /element] to [POST http://127.0.0.1:8200/wd/hub/session/2cd092eb-42bb-4c45-85de-eb83396155f7/element] with body: {"strategy":"xpath","selector":".//*[@text='Sign out']","context":"","multiple":false}
[debug] &amp#27;[35m[WD Proxy]&amp#27;[39m Got response with status 200: {"sessionId":"2cd092eb-42bb-4c45-85de-eb83396155f7","value":{"ELEMENT":"b88bf081-807a-456f-ad26-1ad02521b9f8","element-6066-11e4-a52e-4f735466cecf":"b88bf081-807a-456f-ad26-1ad02521b9f8"}}
[debug] &amp#27;[35m[W3C (b272cf1a)]&amp#27;[39m Responding to client with driver.findElement() result: {"element-6066-11e4-a52e-4f735466cecf":"b88bf081-807a-456f-ad26-1ad02521b9f8","ELEMENT":"b88bf081-807a-456f-ad26-1ad02521b9f8"}
&amp#27;[35m[HTTP]&amp#27;[39m &amp#27;[37m<-- POST /wd/hub/session/b272cf1a-f85a-4b52-a291-26c3f619f360/element &amp#27;[39m&amp#27;[32m200&amp#27;[39m &amp#27;[90m1557 ms - 137&amp#27;[39m
&amp#27;[35m[HTTP]&amp#27;[39m &amp#27;[90m&amp#27;[39m
&amp#27;[35m[HTTP]&amp#27;[39m &amp#27;[37m-->&amp#27;[39m &amp#27;[37mPOST&amp#27;[39m &amp#27;[37m/wd/hub/session/b272cf1a-f85a-4b52-a291-26c3f619f360/element/b88bf081-807a-456f-ad26-1ad02521b9f8/click&amp#27;[39m
&amp#27;[35m[HTTP]&amp#27;[39m &amp#27;[90m{"id":"b88bf081-807a-456f-ad26-1ad02521b9f8"}&amp#27;[39m
[debug] &amp#27;[35m[W3C (b272cf1a)]&amp#27;[39m Calling AppiumDriver.click() with args: ["b88bf081-807a-456f-ad26-1ad02521b9f8","b272cf1a-f85a-4b52-a291-26c3f619f360"]
[debug] &amp#27;[35m[WD Proxy]&amp#27;[39m Matched '/element/b88bf081-807a-456f-ad26-1ad02521b9f8/click' to command name 'click'
[debug] &amp#27;[35m[WD Proxy]&amp#27;[39m Proxying [POST /element/b88bf081-807a-456f-ad26-1ad02521b9f8/click] to [POST http://127.0.0.1:8200/wd/hub/session/2cd092eb-42bb-4c45-85de-eb83396155f7/element/b88bf081-807a-456f-ad26-1ad02521b9f8/click] with body: {"element":"b88bf081-807a-456f-ad26-1ad02521b9f8"}
[debug] &amp#27;[35m[WD Proxy]&amp#27;[39m Got response with status 200: {"sessionId":"2cd092eb-42bb-4c45-85de-eb83396155f7","value":null}
[debug] &amp#27;[35m[W3C (b272cf1a)]&amp#27;[39m Responding to client with driver.click() result: null
&amp#27;[35m[HTTP]&amp#27;[39m &amp#27;[37m<-- POST /wd/hub/session/b272cf1a-f85a-4b52-a291-26c3f619f360/element/b88bf081-807a-456f-ad26-1ad02521b9f8/click &amp#27;[39m&amp#27;[32m200&amp#27;[39m &amp#27;[90m28 ms - 14&amp#27;[39m
&amp#27;[35m[HTTP]&amp#27;[39m &amp#27;[90m&amp#27;[39m
&amp#27;[35m[HTTP]&amp#27;[39m &amp#27;[37m-->&amp#27;[39m &amp#27;[37mPOST&amp#27;[39m &amp#27;[37m/wd/hub/session/b272cf1a-f85a-4b52-a291-26c3f619f360/element&amp#27;[39m
&amp#27;[35m[HTTP]&amp#27;[39m &amp#27;[90m{"using":"id","value":"android:id/button1"}&amp#27;[39m
[debug] &amp#27;[35m[W3C (b272cf1a)]&amp#27;[39m Calling AppiumDriver.findElement() with args: ["id","android:id/button1","b272cf1a-f85a-4b52-a291-26c3f619f360"]
[debug] &amp#27;[35m[BaseDriver]&amp#27;[39m Valid locator strategies for this request: xpath, id, class name, accessibility id, -android uiautomator
[debug] &amp#27;[35m[BaseDriver]&amp#27;[39m Waiting up to 30000 ms for condition
[debug] &amp#27;[35m[WD Proxy]&amp#27;[39m Matched '/element' to command name 'findElement'
[debug] &amp#27;[35m[WD Proxy]&amp#27;[39m Proxying [POST /element] to [POST http://127.0.0.1:8200/wd/hub/session/2cd092eb-42bb-4c45-85de-eb83396155f7/element] with body: {"strategy":"id","selector":"android:id/button1","context":"","multiple":false}
[debug] &amp#27;[35m[WD Proxy]&amp#27;[39m Got response with status 200: {"sessionId":"2cd092eb-42bb-4c45-85de-eb83396155f7","value":{"ELEMENT":"82524fb0-1060-415d-a494-4108f237fa1f","element-6066-11e4-a52e-4f735466cecf":"82524fb0-1060-415d-a494-4108f237fa1f"}}
[debug] &amp#27;[35m[W3C (b272cf1a)]&amp#27;[39m Responding to client with driver.findElement() result: {"element-6066-11e4-a52e-4f735466cecf":"82524fb0-1060-415d-a494-4108f237fa1f","ELEMENT":"82524fb0-1060-415d-a494-4108f237fa1f"}
&amp#27;[35m[HTTP]&amp#27;[39m &amp#27;[37m<-- POST /wd/hub/session/b272cf1a-f85a-4b52-a291-26c3f619f360/element &amp#27;[39m&amp#27;[32m200&amp#27;[39m &amp#27;[90m19 ms - 137&amp#27;[39m
&amp#27;[35m[HTTP]&amp#27;[39m &amp#27;[90m&amp#27;[39m
&amp#27;[35m[HTTP]&amp#27;[39m &amp#27;[37m-->&amp#27;[39m &amp#27;[37mPOST&amp#27;[39m &amp#27;[37m/wd/hub/session/b272cf1a-f85a-4b52-a291-26c3f619f360/element/82524fb0-1060-415d-a494-4108f237fa1f/click&amp#27;[39m
&amp#27;[35m[HTTP]&amp#27;[39m &amp#27;[90m{"id":"82524fb0-1060-415d-a494-4108f237fa1f"}&amp#27;[39m
[debug] &amp#27;[35m[W3C (b272cf1a)]&amp#27;[39m Calling AppiumDriver.click() with args: ["82524fb0-1060-415d-a494-4108f237fa1f","b272cf1a-f85a-4b52-a291-26c3f619f360"]
[debug] &amp#27;[35m[WD Proxy]&amp#27;[39m Matched '/element/82524fb0-1060-415d-a494-4108f237fa1f/click' to command name 'click'
[debug] &amp#27;[35m[WD Proxy]&amp#27;[39m Proxying [POST /element/82524fb0-1060-415d-a494-4108f237fa1f/click] to [POST http://127.0.0.1:8200/wd/hub/session/2cd092eb-42bb-4c45-85de-eb83396155f7/element/82524fb0-1060-415d-a494-4108f237fa1f/click] with body: {"element":"82524fb0-1060-415d-a494-4108f237fa1f"}
[debug] &amp#27;[35m[WD Proxy]&amp#27;[39m Got response with status 200: {"sessionId":"2cd092eb-42bb-4c45-85de-eb83396155f7","value":null}
[debug] &amp#27;[35m[W3C (b272cf1a)]&amp#27;[39m Responding to client with driver.click() result: null
&amp#27;[35m[HTTP]&amp#27;[39m &amp#27;[37m<-- POST /wd/hub/session/b272cf1a-f85a-4b52-a291-26c3f619f360/element/82524fb0-1060-415d-a494-4108f237fa1f/click &amp#27;[39m&amp#27;[32m200&amp#27;[39m &amp#27;[90m18 ms - 14&amp#27;[39m
&amp#27;[35m[HTTP]&amp#27;[39m &amp#27;[90m&amp#27;[39m
]]></system-out>
  </testcase>
</testsuite>