<?xml version="1.0" encoding="UTF-8"?>
<!-- Generated by org.testng.reporters.JUnitReportReporter -->
<testsuite skipped="0" hostname="DESKTOP-EF36299" name="SDET_Appium.Mobile_assessment_new.Hybridclass" tests="5" failures="0" timestamp="2020-12-30T13:27:27 IST" time="183.588" errors="0">
  <testcase name="Testcase1" time="70.090" classname="SDET_Appium.Mobile_assessment_new.Hybridclass"/>
  <system-out/>
  <testcase name="TC2" time="26.472" classname="SDET_Appium.Mobile_assessment_new.Hybridclass"/>
  <system-out/>
  <testcase name="TC3" time="17.229" classname="SDET_Appium.Mobile_assessment_new.Hybridclass"/>
  <system-out/>
  <testcase name="TC4" time="31.548" classname="SDET_Appium.Mobile_assessment_new.Hybridclass"/>
  <system-out/>
  <testcase name="Tc5" time="38.249" classname="SDET_Appium.Mobile_assessment_new.Hybridclass"/>
  <system-out/>
</testsuite> <!-- SDET_Appium.Mobile_assessment_new.Hybridclass -->
